[0.017s] Invoking command in '/home/ec24136/ROS2_CICD/ros2_ws/build/hello_pipeline_cpp': CMAKE_PREFIX_PATH=/opt/ros/jazzy /usr/bin/cmake /home/ec24136/ROS2_CICD/ros2_ws/src/hello_pipeline_cpp -DCMAKE_INSTALL_PREFIX=/home/ec24136/ROS2_CICD/ros2_ws/install/hello_pipeline_cpp
[0.105s] -- The C compiler identification is GNU 13.3.0
[0.199s] -- The CXX compiler identification is GNU 13.3.0
[0.228s] -- Detecting C compiler ABI info
[0.375s] -- Detecting C compiler ABI info - done
[0.392s] -- Check for working C compiler: /usr/bin/cc - skipped
[0.393s] -- Detecting C compile features
[0.395s] -- Detecting C compile features - done
[0.409s] -- Detecting CXX compiler ABI info
[0.582s] -- Detecting CXX compiler ABI info - done
[0.601s] -- Check for working CXX compiler: /usr/bin/c++ - skipped
[0.604s] -- Detecting CXX compile features
[0.604s] -- Detecting CXX compile features - done
[0.610s] -- Found ament_cmake: 2.5.4 (/opt/ros/jazzy/share/ament_cmake/cmake)
[0.796s] -- Found Python3: /usr/bin/python3 (found version "3.12.3") found components: Interpreter 
[0.946s] -- Found ament_lint_auto: 0.17.2 (/opt/ros/jazzy/share/ament_lint_auto/cmake)
[1.098s] -- Added test 'cppcheck' to perform static code analysis on C / C++ code
[1.098s] -- Configured cppcheck include dirs: $<BUILD_INTERFACE:/home/ec24136/ROS2_CICD/ros2_ws/src/hello_pipeline_cpp/include>
[1.099s] -- Configured cppcheck exclude dirs and/or files: 
[1.099s] -- Added test 'lint_cmake' to check CMake code style
[1.101s] -- Added test 'uncrustify' to check C / C++ code style
[1.101s] -- Configured uncrustify additional arguments: 
[1.103s] -- Added test 'xmllint' to check XML markup files
[1.105s] -- Configuring done (1.1s)
[1.115s] -- Generating done (0.0s)
[1.119s] -- Build files have been written to: /home/ec24136/ROS2_CICD/ros2_ws/build/hello_pipeline_cpp
[1.132s] Invoked command in '/home/ec24136/ROS2_CICD/ros2_ws/build/hello_pipeline_cpp' returned '0': CMAKE_PREFIX_PATH=/opt/ros/jazzy /usr/bin/cmake /home/ec24136/ROS2_CICD/ros2_ws/src/hello_pipeline_cpp -DCMAKE_INSTALL_PREFIX=/home/ec24136/ROS2_CICD/ros2_ws/install/hello_pipeline_cpp
[1.132s] Invoking command in '/home/ec24136/ROS2_CICD/ros2_ws/build/hello_pipeline_cpp': CMAKE_PREFIX_PATH=/opt/ros/jazzy /usr/bin/cmake --build /home/ec24136/ROS2_CICD/ros2_ws/build/hello_pipeline_cpp -- -j2 -l2
[1.218s] [ 50%] [32mBuilding CXX object CMakeFiles/hello_node.dir/src/hello_node.cpp.o[0m
[1.305s] [100%] [32m[1mLinking CXX executable hello_node[0m
[1.378s] [100%] Built target hello_node
[1.396s] Invoked command in '/home/ec24136/ROS2_CICD/ros2_ws/build/hello_pipeline_cpp' returned '0': CMAKE_PREFIX_PATH=/opt/ros/jazzy /usr/bin/cmake --build /home/ec24136/ROS2_CICD/ros2_ws/build/hello_pipeline_cpp -- -j2 -l2
[1.410s] Invoking command in '/home/ec24136/ROS2_CICD/ros2_ws/build/hello_pipeline_cpp': CMAKE_PREFIX_PATH=/opt/ros/jazzy /usr/bin/cmake --install /home/ec24136/ROS2_CICD/ros2_ws/build/hello_pipeline_cpp
[1.425s] -- Install configuration: ""
[1.425s] -- Installing: /home/ec24136/ROS2_CICD/ros2_ws/install/hello_pipeline_cpp/lib/hello_pipeline_cpp/hello_node
[1.426s] -- Installing: /home/ec24136/ROS2_CICD/ros2_ws/install/hello_pipeline_cpp/share/ament_index/resource_index/package_run_dependencies/hello_pipeline_cpp
[1.426s] -- Installing: /home/ec24136/ROS2_CICD/ros2_ws/install/hello_pipeline_cpp/share/ament_index/resource_index/parent_prefix_path/hello_pipeline_cpp
[1.428s] -- Installing: /home/ec24136/ROS2_CICD/ros2_ws/install/hello_pipeline_cpp/share/hello_pipeline_cpp/environment/ament_prefix_path.sh
[1.428s] -- Installing: /home/ec24136/ROS2_CICD/ros2_ws/install/hello_pipeline_cpp/share/hello_pipeline_cpp/environment/ament_prefix_path.dsv
[1.428s] -- Installing: /home/ec24136/ROS2_CICD/ros2_ws/install/hello_pipeline_cpp/share/hello_pipeline_cpp/environment/path.sh
[1.429s] -- Installing: /home/ec24136/ROS2_CICD/ros2_ws/install/hello_pipeline_cpp/share/hello_pipeline_cpp/environment/path.dsv
[1.429s] -- Installing: /home/ec24136/ROS2_CICD/ros2_ws/install/hello_pipeline_cpp/share/hello_pipeline_cpp/local_setup.bash
[1.429s] -- Installing: /home/ec24136/ROS2_CICD/ros2_ws/install/hello_pipeline_cpp/share/hello_pipeline_cpp/local_setup.sh
[1.429s] -- Installing: /home/ec24136/ROS2_CICD/ros2_ws/install/hello_pipeline_cpp/share/hello_pipeline_cpp/local_setup.zsh
[1.429s] -- Installing: /home/ec24136/ROS2_CICD/ros2_ws/install/hello_pipeline_cpp/share/hello_pipeline_cpp/local_setup.dsv
[1.429s] -- Installing: /home/ec24136/ROS2_CICD/ros2_ws/install/hello_pipeline_cpp/share/hello_pipeline_cpp/package.dsv
[1.430s] -- Installing: /home/ec24136/ROS2_CICD/ros2_ws/install/hello_pipeline_cpp/share/ament_index/resource_index/packages/hello_pipeline_cpp
[1.430s] -- Installing: /home/ec24136/ROS2_CICD/ros2_ws/install/hello_pipeline_cpp/share/hello_pipeline_cpp/cmake/hello_pipeline_cppConfig.cmake
[1.430s] -- Installing: /home/ec24136/ROS2_CICD/ros2_ws/install/hello_pipeline_cpp/share/hello_pipeline_cpp/cmake/hello_pipeline_cppConfig-version.cmake
[1.432s] -- Installing: /home/ec24136/ROS2_CICD/ros2_ws/install/hello_pipeline_cpp/share/hello_pipeline_cpp/package.xml
[1.434s] Invoked command in '/home/ec24136/ROS2_CICD/ros2_ws/build/hello_pipeline_cpp' returned '0': CMAKE_PREFIX_PATH=/opt/ros/jazzy /usr/bin/cmake --install /home/ec24136/ROS2_CICD/ros2_ws/build/hello_pipeline_cpp
