[1.923s] Invoking command in '/home/ec24136/ROS2_CICD/ros2_ws/src/slam_navigation': PYTHONPATH=/home/ec24136/ROS2_CICD/ros2_ws/build/slam_navigation/prefix_override:/usr/lib/python3/dist-packages/colcon_core/task/python/colcon_distutils_commands:/home/ec24136/ROS2_CICD/ros2_ws/install/slam_navigation/lib/python3.12/site-packages:${PYTHONPATH} /usr/bin/python3 -W ignore:setup.py install is deprecated -W ignore:easy_install command is deprecated setup.py egg_info --egg-base ../../build/slam_navigation build --build-base /home/ec24136/ROS2_CICD/ros2_ws/build/slam_navigation/build install --record /home/ec24136/ROS2_CICD/ros2_ws/build/slam_navigation/install.log --single-version-externally-managed install_data
[2.498s] running egg_info
[2.519s] writing ../../build/slam_navigation/slam_navigation.egg-info/PKG-INFO
[2.520s] writing dependency_links to ../../build/slam_navigation/slam_navigation.egg-info/dependency_links.txt
[2.521s] writing entry points to ../../build/slam_navigation/slam_navigation.egg-info/entry_points.txt
[2.521s] writing requirements to ../../build/slam_navigation/slam_navigation.egg-info/requires.txt
[2.521s] writing top-level names to ../../build/slam_navigation/slam_navigation.egg-info/top_level.txt
[2.565s] reading manifest file '../../build/slam_navigation/slam_navigation.egg-info/SOURCES.txt'
[2.567s] writing manifest file '../../build/slam_navigation/slam_navigation.egg-info/SOURCES.txt'
[2.568s] running build
[2.568s] running build_py
[2.568s] running install
[2.579s] running install_lib
[2.601s] running install_data
[2.602s] running install_egg_info
[2.628s] removing '/home/ec24136/ROS2_CICD/ros2_ws/install/slam_navigation/lib/python3.12/site-packages/slam_navigation-0.0.0-py3.12.egg-info' (and everything under it)
[2.628s] Copying ../../build/slam_navigation/slam_navigation.egg-info to /home/ec24136/ROS2_CICD/ros2_ws/install/slam_navigation/lib/python3.12/site-packages/slam_navigation-0.0.0-py3.12.egg-info
[2.629s] running install_scripts
[2.783s] Installing slam_node script to /home/ec24136/ROS2_CICD/ros2_ws/install/slam_navigation/lib/slam_navigation
[2.785s] writing list of installed files to '/home/ec24136/ROS2_CICD/ros2_ws/build/slam_navigation/install.log'
[2.850s] Invoked command in '/home/ec24136/ROS2_CICD/ros2_ws/src/slam_navigation' returned '0': PYTHONPATH=/home/ec24136/ROS2_CICD/ros2_ws/build/slam_navigation/prefix_override:/usr/lib/python3/dist-packages/colcon_core/task/python/colcon_distutils_commands:/home/ec24136/ROS2_CICD/ros2_ws/install/slam_navigation/lib/python3.12/site-packages:${PYTHONPATH} /usr/bin/python3 -W ignore:setup.py install is deprecated -W ignore:easy_install command is deprecated setup.py egg_info --egg-base ../../build/slam_navigation build --build-base /home/ec24136/ROS2_CICD/ros2_ws/build/slam_navigation/build install --record /home/ec24136/ROS2_CICD/ros2_ws/build/slam_navigation/install.log --single-version-externally-managed install_data
