[1.660s] Invoking command in '/home/ec24136/ROS2_CICD/ros2_ws/src/cpu_hog_controller': PYTHONPATH=/home/ec24136/ROS2_CICD/ros2_ws/build/cpu_hog_controller/prefix_override:/usr/lib/python3/dist-packages/colcon_core/task/python/colcon_distutils_commands:/home/ec24136/ROS2_CICD/ros2_ws/install/cpu_hog_controller/lib/python3.12/site-packages:${PYTHONPATH} /usr/bin/python3 -W ignore:setup.py install is deprecated -W ignore:easy_install command is deprecated setup.py egg_info --egg-base ../../build/cpu_hog_controller build --build-base /home/ec24136/ROS2_CICD/ros2_ws/build/cpu_hog_controller/build install --record /home/ec24136/ROS2_CICD/ros2_ws/build/cpu_hog_controller/install.log --single-version-externally-managed install_data
[2.271s] running egg_info
[2.312s] writing ../../build/cpu_hog_controller/cpu_hog_controller.egg-info/PKG-INFO
[2.313s] writing dependency_links to ../../build/cpu_hog_controller/cpu_hog_controller.egg-info/dependency_links.txt
[2.316s] writing entry points to ../../build/cpu_hog_controller/cpu_hog_controller.egg-info/entry_points.txt
[2.317s] writing requirements to ../../build/cpu_hog_controller/cpu_hog_controller.egg-info/requires.txt
[2.318s] writing top-level names to ../../build/cpu_hog_controller/cpu_hog_controller.egg-info/top_level.txt
[2.361s] file hog.py (for module hog) not found
[2.401s] reading manifest file '../../build/cpu_hog_controller/cpu_hog_controller.egg-info/SOURCES.txt'
[2.402s] file hog.py (for module hog) not found
[2.402s] writing manifest file '../../build/cpu_hog_controller/cpu_hog_controller.egg-info/SOURCES.txt'
[2.402s] running build
[2.402s] running build_py
[2.405s] file hog.py (for module hog) not found
[2.405s] running install
[2.423s] running install_lib
[2.466s] running install_data
[2.467s] copying package.xml -> /home/ec24136/ROS2_CICD/ros2_ws/install/cpu_hog_controller/share/cpu_hog_controller
[2.468s] running install_egg_info
[2.511s] removing '/home/ec24136/ROS2_CICD/ros2_ws/install/cpu_hog_controller/lib/python3.12/site-packages/cpu_hog_controller-0.1.0-py3.12.egg-info' (and everything under it)
[2.513s] Copying ../../build/cpu_hog_controller/cpu_hog_controller.egg-info to /home/ec24136/ROS2_CICD/ros2_ws/install/cpu_hog_controller/lib/python3.12/site-packages/cpu_hog_controller-0.1.0-py3.12.egg-info
[2.515s] running install_scripts
[2.789s] Installing hog script to /home/ec24136/ROS2_CICD/ros2_ws/install/cpu_hog_controller/lib/cpu_hog_controller
[2.790s] file hog.py (for module hog) not found
[2.792s] writing list of installed files to '/home/ec24136/ROS2_CICD/ros2_ws/build/cpu_hog_controller/install.log'
[2.878s] Invoked command in '/home/ec24136/ROS2_CICD/ros2_ws/src/cpu_hog_controller' returned '0': PYTHONPATH=/home/ec24136/ROS2_CICD/ros2_ws/build/cpu_hog_controller/prefix_override:/usr/lib/python3/dist-packages/colcon_core/task/python/colcon_distutils_commands:/home/ec24136/ROS2_CICD/ros2_ws/install/cpu_hog_controller/lib/python3.12/site-packages:${PYTHONPATH} /usr/bin/python3 -W ignore:setup.py install is deprecated -W ignore:easy_install command is deprecated setup.py egg_info --egg-base ../../build/cpu_hog_controller build --build-base /home/ec24136/ROS2_CICD/ros2_ws/build/cpu_hog_controller/build install --record /home/ec24136/ROS2_CICD/ros2_ws/build/cpu_hog_controller/install.log --single-version-externally-managed install_data
