[0.178s] DEBUG:colcon:Command line arguments: ['/usr/bin/colcon', 'build', '--packages-select', 'sim_demo']
[0.178s] DEBUG:colcon:Parsed command line arguments: Namespace(log_base=None, log_level=None, verb_name='build', build_base='build', install_base='install', merge_install=False, symlink_install=False, test_result_base=None, continue_on_error=False, executor='parallel', parallel_workers=2, event_handlers=None, ignore_user_meta=False, metas=['./colcon.meta'], base_paths=['.'], packages_ignore=None, packages_ignore_regex=None, paths=None, packages_up_to=None, packages_up_to_regex=None, packages_above=None, packages_above_and_dependencies=None, packages_above_depth=None, packages_select_by_dep=None, packages_skip_by_dep=None, packages_skip_up_to=None, packages_select_build_failed=False, packages_skip_build_finished=False, packages_select_test_failures=False, packages_skip_test_passed=False, packages_select=['sim_demo'], packages_skip=None, packages_select_regex=None, packages_skip_regex=None, packages_start=None, packages_end=None, allow_overriding=[], cmake_args=None, cmake_target=None, cmake_target_skip_unavailable=False, cmake_clean_cache=False, cmake_clean_first=False, cmake_force_configure=False, ament_cmake_args=None, catkin_cmake_args=None, catkin_skip_building_tests=False, verb_parser=<colcon_defaults.argument_parser.defaults.DefaultArgumentsDecorator object at 0x7ef6d2046810>, verb_extension=<colcon_core.verb.build.BuildVerb object at 0x7ef6d216ebd0>, main=<bound method BuildVerb.main of <colcon_core.verb.build.BuildVerb object at 0x7ef6d216ebd0>>)
[0.257s] Level 1:colcon.colcon_core.package_discovery:discover_packages(colcon_meta) check parameters
[0.257s] Level 1:colcon.colcon_core.package_discovery:discover_packages(recursive) check parameters
[0.257s] Level 1:colcon.colcon_core.package_discovery:discover_packages(ignore) check parameters
[0.257s] Level 1:colcon.colcon_core.package_discovery:discover_packages(path) check parameters
[0.257s] Level 1:colcon.colcon_core.package_discovery:discover_packages(colcon_meta) discover
[0.257s] Level 1:colcon.colcon_core.package_discovery:discover_packages(recursive) discover
[0.257s] INFO:colcon.colcon_core.package_discovery:Crawling recursively for packages in '/home/ec24136/ROS2_CICD/ros2_ws'
[0.258s] Level 1:colcon.colcon_core.package_identification:_identify(.) by extensions ['ignore', 'ignore_ament_install']
[0.258s] Level 1:colcon.colcon_core.package_identification:_identify(.) by extension 'ignore'
[0.258s] Level 1:colcon.colcon_core.package_identification:_identify(.) by extension 'ignore_ament_install'
[0.258s] Level 1:colcon.colcon_core.package_identification:_identify(.) by extensions ['colcon_pkg']
[0.258s] Level 1:colcon.colcon_core.package_identification:_identify(.) by extension 'colcon_pkg'
[0.258s] Level 1:colcon.colcon_core.package_identification:_identify(.) by extensions ['colcon_meta']
[0.258s] Level 1:colcon.colcon_core.package_identification:_identify(.) by extension 'colcon_meta'
[0.258s] Level 1:colcon.colcon_core.package_identification:_identify(.) by extensions ['ros']
[0.258s] Level 1:colcon.colcon_core.package_identification:_identify(.) by extension 'ros'
[0.305s] Level 1:colcon.colcon_core.package_identification:_identify(.) by extensions ['cmake', 'python']
[0.306s] Level 1:colcon.colcon_core.package_identification:_identify(.) by extension 'cmake'
[0.306s] Level 1:colcon.colcon_core.package_identification:_identify(.) by extension 'python'
[0.306s] Level 1:colcon.colcon_core.package_identification:_identify(.) by extensions ['python_setup_py']
[0.306s] Level 1:colcon.colcon_core.package_identification:_identify(.) by extension 'python_setup_py'
[0.307s] Level 1:colcon.colcon_core.package_identification:_identify(build) by extensions ['ignore', 'ignore_ament_install']
[0.307s] Level 1:colcon.colcon_core.package_identification:_identify(build) by extension 'ignore'
[0.307s] Level 1:colcon.colcon_core.package_identification:_identify(build) ignored
[0.307s] Level 1:colcon.colcon_core.package_identification:_identify(install) by extensions ['ignore', 'ignore_ament_install']
[0.308s] Level 1:colcon.colcon_core.package_identification:_identify(install) by extension 'ignore'
[0.308s] Level 1:colcon.colcon_core.package_identification:_identify(install) ignored
[0.308s] Level 1:colcon.colcon_core.package_identification:_identify(log) by extensions ['ignore', 'ignore_ament_install']
[0.309s] Level 1:colcon.colcon_core.package_identification:_identify(log) by extension 'ignore'
[0.309s] Level 1:colcon.colcon_core.package_identification:_identify(log) ignored
[0.309s] Level 1:colcon.colcon_core.package_identification:_identify(src) by extensions ['ignore', 'ignore_ament_install']
[0.309s] Level 1:colcon.colcon_core.package_identification:_identify(src) by extension 'ignore'
[0.309s] Level 1:colcon.colcon_core.package_identification:_identify(src) by extension 'ignore_ament_install'
[0.310s] Level 1:colcon.colcon_core.package_identification:_identify(src) by extensions ['colcon_pkg']
[0.310s] Level 1:colcon.colcon_core.package_identification:_identify(src) by extension 'colcon_pkg'
[0.310s] Level 1:colcon.colcon_core.package_identification:_identify(src) by extensions ['colcon_meta']
[0.310s] Level 1:colcon.colcon_core.package_identification:_identify(src) by extension 'colcon_meta'
[0.310s] Level 1:colcon.colcon_core.package_identification:_identify(src) by extensions ['ros']
[0.310s] Level 1:colcon.colcon_core.package_identification:_identify(src) by extension 'ros'
[0.310s] Level 1:colcon.colcon_core.package_identification:_identify(src) by extensions ['cmake', 'python']
[0.310s] Level 1:colcon.colcon_core.package_identification:_identify(src) by extension 'cmake'
[0.310s] Level 1:colcon.colcon_core.package_identification:_identify(src) by extension 'python'
[0.310s] Level 1:colcon.colcon_core.package_identification:_identify(src) by extensions ['python_setup_py']
[0.311s] Level 1:colcon.colcon_core.package_identification:_identify(src) by extension 'python_setup_py'
[0.311s] Level 1:colcon.colcon_core.package_identification:_identify(src/cpu_hog_controller) by extensions ['ignore', 'ignore_ament_install']
[0.311s] Level 1:colcon.colcon_core.package_identification:_identify(src/cpu_hog_controller) by extension 'ignore'
[0.311s] Level 1:colcon.colcon_core.package_identification:_identify(src/cpu_hog_controller) by extension 'ignore_ament_install'
[0.311s] Level 1:colcon.colcon_core.package_identification:_identify(src/cpu_hog_controller) by extensions ['colcon_pkg']
[0.311s] Level 1:colcon.colcon_core.package_identification:_identify(src/cpu_hog_controller) by extension 'colcon_pkg'
[0.311s] Level 1:colcon.colcon_core.package_identification:_identify(src/cpu_hog_controller) by extensions ['colcon_meta']
[0.311s] Level 1:colcon.colcon_core.package_identification:_identify(src/cpu_hog_controller) by extension 'colcon_meta'
[0.312s] Level 1:colcon.colcon_core.package_identification:_identify(src/cpu_hog_controller) by extensions ['ros']
[0.312s] Level 1:colcon.colcon_core.package_identification:_identify(src/cpu_hog_controller) by extension 'ros'
[0.316s] DEBUG:colcon.colcon_core.package_identification:Failed to parse potential ROS package manifest in'src/cpu_hog_controller': Error(s) in package 'src/cpu_hog_controller/package.xml':
Error(s):
- The manifest of package "cpu_hog_controller" (with format version 3) must not contain the following tags: build_type
[0.316s] Level 1:colcon.colcon_core.package_identification:_identify(src/cpu_hog_controller) by extensions ['cmake', 'python']
[0.316s] Level 1:colcon.colcon_core.package_identification:_identify(src/cpu_hog_controller) by extension 'cmake'
[0.316s] Level 1:colcon.colcon_core.package_identification:_identify(src/cpu_hog_controller) by extension 'python'
[0.316s] DEBUG:colcon.colcon_core.package_identification:Python package in 'src/cpu_hog_controller' passes arguments to the setup() function which requires a different identification extension than 'python'
[0.316s] Level 1:colcon.colcon_core.package_identification:_identify(src/cpu_hog_controller) by extensions ['python_setup_py']
[0.316s] Level 1:colcon.colcon_core.package_identification:_identify(src/cpu_hog_controller) by extension 'python_setup_py'
[0.624s] DEBUG:colcon.colcon_core.package_identification:Package 'src/cpu_hog_controller' with type 'python' and name 'cpu_hog_controller'
[0.625s] Level 1:colcon.colcon_core.package_identification:_identify(src/hello_pipeline_cpp) by extensions ['ignore', 'ignore_ament_install']
[0.625s] Level 1:colcon.colcon_core.package_identification:_identify(src/hello_pipeline_cpp) by extension 'ignore'
[0.625s] Level 1:colcon.colcon_core.package_identification:_identify(src/hello_pipeline_cpp) by extension 'ignore_ament_install'
[0.625s] Level 1:colcon.colcon_core.package_identification:_identify(src/hello_pipeline_cpp) by extensions ['colcon_pkg']
[0.625s] Level 1:colcon.colcon_core.package_identification:_identify(src/hello_pipeline_cpp) by extension 'colcon_pkg'
[0.625s] Level 1:colcon.colcon_core.package_identification:_identify(src/hello_pipeline_cpp) by extensions ['colcon_meta']
[0.625s] Level 1:colcon.colcon_core.package_identification:_identify(src/hello_pipeline_cpp) by extension 'colcon_meta'
[0.626s] Level 1:colcon.colcon_core.package_identification:_identify(src/hello_pipeline_cpp) by extensions ['ros']
[0.626s] Level 1:colcon.colcon_core.package_identification:_identify(src/hello_pipeline_cpp) by extension 'ros'
[0.627s] DEBUG:colcon.colcon_core.package_identification:Package 'src/hello_pipeline_cpp' with type 'ros.ament_cmake' and name 'hello_pipeline_cpp'
[0.628s] Level 1:colcon.colcon_core.package_identification:_identify(src/ros2_observability) by extensions ['ignore', 'ignore_ament_install']
[0.628s] Level 1:colcon.colcon_core.package_identification:_identify(src/ros2_observability) by extension 'ignore'
[0.628s] Level 1:colcon.colcon_core.package_identification:_identify(src/ros2_observability) by extension 'ignore_ament_install'
[0.628s] Level 1:colcon.colcon_core.package_identification:_identify(src/ros2_observability) by extensions ['colcon_pkg']
[0.628s] Level 1:colcon.colcon_core.package_identification:_identify(src/ros2_observability) by extension 'colcon_pkg'
[0.628s] Level 1:colcon.colcon_core.package_identification:_identify(src/ros2_observability) by extensions ['colcon_meta']
[0.628s] Level 1:colcon.colcon_core.package_identification:_identify(src/ros2_observability) by extension 'colcon_meta'
[0.629s] Level 1:colcon.colcon_core.package_identification:_identify(src/ros2_observability) by extensions ['ros']
[0.629s] Level 1:colcon.colcon_core.package_identification:_identify(src/ros2_observability) by extension 'ros'
[0.631s] DEBUG:colcon.colcon_core.package_identification:Package 'src/ros2_observability' with type 'ros.ament_python' and name 'ros2_observability'
[0.631s] Level 1:colcon.colcon_core.package_identification:_identify(src/sim_demo) by extensions ['ignore', 'ignore_ament_install']
[0.632s] Level 1:colcon.colcon_core.package_identification:_identify(src/sim_demo) by extension 'ignore'
[0.632s] Level 1:colcon.colcon_core.package_identification:_identify(src/sim_demo) by extension 'ignore_ament_install'
[0.632s] Level 1:colcon.colcon_core.package_identification:_identify(src/sim_demo) by extensions ['colcon_pkg']
[0.632s] Level 1:colcon.colcon_core.package_identification:_identify(src/sim_demo) by extension 'colcon_pkg'
[0.632s] Level 1:colcon.colcon_core.package_identification:_identify(src/sim_demo) by extensions ['colcon_meta']
[0.632s] Level 1:colcon.colcon_core.package_identification:_identify(src/sim_demo) by extension 'colcon_meta'
[0.632s] Level 1:colcon.colcon_core.package_identification:_identify(src/sim_demo) by extensions ['ros']
[0.632s] Level 1:colcon.colcon_core.package_identification:_identify(src/sim_demo) by extension 'ros'
[0.633s] DEBUG:colcon.colcon_core.package_identification:Package 'src/sim_demo' with type 'ros.ament_python' and name 'sim_demo'
[0.633s] Level 1:colcon.colcon_core.package_identification:_identify(src/slam_navigation) by extensions ['ignore', 'ignore_ament_install']
[0.634s] Level 1:colcon.colcon_core.package_identification:_identify(src/slam_navigation) by extension 'ignore'
[0.634s] Level 1:colcon.colcon_core.package_identification:_identify(src/slam_navigation) by extension 'ignore_ament_install'
[0.634s] Level 1:colcon.colcon_core.package_identification:_identify(src/slam_navigation) by extensions ['colcon_pkg']
[0.634s] Level 1:colcon.colcon_core.package_identification:_identify(src/slam_navigation) by extension 'colcon_pkg'
[0.634s] Level 1:colcon.colcon_core.package_identification:_identify(src/slam_navigation) by extensions ['colcon_meta']
[0.634s] Level 1:colcon.colcon_core.package_identification:_identify(src/slam_navigation) by extension 'colcon_meta'
[0.634s] Level 1:colcon.colcon_core.package_identification:_identify(src/slam_navigation) by extensions ['ros']
[0.634s] Level 1:colcon.colcon_core.package_identification:_identify(src/slam_navigation) by extension 'ros'
[0.635s] DEBUG:colcon.colcon_core.package_identification:Package 'src/slam_navigation' with type 'ros.ament_python' and name 'slam_navigation'
[0.635s] Level 1:colcon.colcon_core.package_discovery:discover_packages(recursive) using defaults
[0.635s] Level 1:colcon.colcon_core.package_discovery:discover_packages(ignore) discover
[0.635s] Level 1:colcon.colcon_core.package_discovery:discover_packages(ignore) using defaults
[0.636s] Level 1:colcon.colcon_core.package_discovery:discover_packages(path) discover
[0.636s] Level 1:colcon.colcon_core.package_discovery:discover_packages(path) using defaults
[0.667s] INFO:colcon.colcon_core.package_selection:Skipping not selected package 'cpu_hog_controller' in 'src/cpu_hog_controller'
[0.668s] INFO:colcon.colcon_core.package_selection:Skipping not selected package 'hello_pipeline_cpp' in 'src/hello_pipeline_cpp'
[0.668s] INFO:colcon.colcon_core.package_selection:Skipping not selected package 'ros2_observability' in 'src/ros2_observability'
[0.668s] INFO:colcon.colcon_core.package_selection:Skipping not selected package 'slam_navigation' in 'src/slam_navigation'
[0.669s] Level 1:colcon.colcon_core.package_discovery:discover_packages(prefix_path) check parameters
[0.669s] Level 1:colcon.colcon_core.package_discovery:discover_packages(prefix_path) discover
[0.672s] DEBUG:colcon.colcon_installed_package_information.package_discovery:Found 5 installed packages in /home/ec24136/ROS2_CICD/ros2_ws/install
[0.674s] DEBUG:colcon.colcon_installed_package_information.package_discovery:Found 192 installed packages in /opt/ros/jazzy
[0.675s] Level 1:colcon.colcon_core.package_discovery:discover_packages(prefix_path) using defaults
[0.723s] Level 5:colcon.colcon_core.verb:set package 'sim_demo' build argument 'cmake_args' from command line to 'None'
[0.723s] Level 5:colcon.colcon_core.verb:set package 'sim_demo' build argument 'cmake_target' from command line to 'None'
[0.723s] Level 5:colcon.colcon_core.verb:set package 'sim_demo' build argument 'cmake_target_skip_unavailable' from command line to 'False'
[0.724s] Level 5:colcon.colcon_core.verb:set package 'sim_demo' build argument 'cmake_clean_cache' from command line to 'False'
[0.724s] Level 5:colcon.colcon_core.verb:set package 'sim_demo' build argument 'cmake_clean_first' from command line to 'False'
[0.724s] Level 5:colcon.colcon_core.verb:set package 'sim_demo' build argument 'cmake_force_configure' from command line to 'False'
[0.724s] Level 5:colcon.colcon_core.verb:set package 'sim_demo' build argument 'ament_cmake_args' from command line to 'None'
[0.724s] Level 5:colcon.colcon_core.verb:set package 'sim_demo' build argument 'catkin_cmake_args' from command line to 'None'
[0.724s] Level 5:colcon.colcon_core.verb:set package 'sim_demo' build argument 'catkin_skip_building_tests' from command line to 'False'
[0.724s] DEBUG:colcon.colcon_core.verb:Building package 'sim_demo' with the following arguments: {'ament_cmake_args': None, 'build_base': '/home/ec24136/ROS2_CICD/ros2_ws/build/sim_demo', 'catkin_cmake_args': None, 'catkin_skip_building_tests': False, 'cmake_args': None, 'cmake_clean_cache': False, 'cmake_clean_first': False, 'cmake_force_configure': False, 'cmake_target': None, 'cmake_target_skip_unavailable': False, 'install_base': '/home/ec24136/ROS2_CICD/ros2_ws/install/sim_demo', 'merge_install': False, 'path': '/home/ec24136/ROS2_CICD/ros2_ws/src/sim_demo', 'symlink_install': False, 'test_result_base': None}
[0.724s] INFO:colcon.colcon_core.executor:Executing jobs using 'parallel' executor
[0.727s] DEBUG:colcon.colcon_parallel_executor.executor.parallel:run_until_complete
[0.727s] INFO:colcon.colcon_ros.task.ament_python.build:Building ROS package in '/home/ec24136/ROS2_CICD/ros2_ws/src/sim_demo' with build type 'ament_python'
[0.727s] Level 1:colcon.colcon_core.shell:create_environment_hook('sim_demo', 'ament_prefix_path')
[0.731s] INFO:colcon.colcon_core.plugin_system:Skipping extension 'colcon_core.shell.bat': Not used on non-Windows systems
[0.732s] INFO:colcon.colcon_core.shell:Creating environment hook '/home/ec24136/ROS2_CICD/ros2_ws/install/sim_demo/share/sim_demo/hook/ament_prefix_path.ps1'
[0.733s] INFO:colcon.colcon_core.shell:Creating environment descriptor '/home/ec24136/ROS2_CICD/ros2_ws/install/sim_demo/share/sim_demo/hook/ament_prefix_path.dsv'
[0.734s] INFO:colcon.colcon_core.shell:Creating environment hook '/home/ec24136/ROS2_CICD/ros2_ws/install/sim_demo/share/sim_demo/hook/ament_prefix_path.sh'
[0.736s] INFO:colcon.colcon_core.shell:Skip shell extension 'powershell' for command environment: Not usable outside of PowerShell
[0.736s] DEBUG:colcon.colcon_core.shell:Skip shell extension 'dsv' for command environment
[1.090s] INFO:colcon.colcon_core.task.python.build:Building Python package in '/home/ec24136/ROS2_CICD/ros2_ws/src/sim_demo'
[1.091s] INFO:colcon.colcon_core.shell:Skip shell extension 'powershell' for command environment: Not usable outside of PowerShell
[1.091s] DEBUG:colcon.colcon_core.shell:Skip shell extension 'dsv' for command environment
[1.909s] DEBUG:colcon.colcon_core.event_handler.log_command:Invoking command in '/home/ec24136/ROS2_CICD/ros2_ws/src/sim_demo': PYTHONPATH=/home/ec24136/ROS2_CICD/ros2_ws/build/sim_demo/prefix_override:/usr/lib/python3/dist-packages/colcon_core/task/python/colcon_distutils_commands:/home/ec24136/ROS2_CICD/ros2_ws/install/sim_demo/lib/python3.12/site-packages:${PYTHONPATH} /usr/bin/python3 -W ignore:setup.py install is deprecated -W ignore:easy_install command is deprecated setup.py egg_info --egg-base ../../build/sim_demo build --build-base /home/ec24136/ROS2_CICD/ros2_ws/build/sim_demo/build install --record /home/ec24136/ROS2_CICD/ros2_ws/build/sim_demo/install.log --single-version-externally-managed install_data
[2.667s] DEBUG:colcon.colcon_core.event_handler.log_command:Invoked command in '/home/ec24136/ROS2_CICD/ros2_ws/src/sim_demo' returned '0': PYTHONPATH=/home/ec24136/ROS2_CICD/ros2_ws/build/sim_demo/prefix_override:/usr/lib/python3/dist-packages/colcon_core/task/python/colcon_distutils_commands:/home/ec24136/ROS2_CICD/ros2_ws/install/sim_demo/lib/python3.12/site-packages:${PYTHONPATH} /usr/bin/python3 -W ignore:setup.py install is deprecated -W ignore:easy_install command is deprecated setup.py egg_info --egg-base ../../build/sim_demo build --build-base /home/ec24136/ROS2_CICD/ros2_ws/build/sim_demo/build install --record /home/ec24136/ROS2_CICD/ros2_ws/build/sim_demo/install.log --single-version-externally-managed install_data
[2.671s] Level 1:colcon.colcon_core.environment:checking '/home/ec24136/ROS2_CICD/ros2_ws/install/sim_demo' for CMake module files
[2.672s] Level 1:colcon.colcon_core.environment:checking '/home/ec24136/ROS2_CICD/ros2_ws/install/sim_demo' for CMake config files
[2.674s] Level 1:colcon.colcon_core.environment:checking '/home/ec24136/ROS2_CICD/ros2_ws/install/sim_demo/lib'
[2.674s] Level 1:colcon.colcon_core.environment:checking '/home/ec24136/ROS2_CICD/ros2_ws/install/sim_demo/bin'
[2.674s] Level 1:colcon.colcon_core.environment:checking '/home/ec24136/ROS2_CICD/ros2_ws/install/sim_demo/lib/pkgconfig/sim_demo.pc'
[2.675s] Level 1:colcon.colcon_core.environment:checking '/home/ec24136/ROS2_CICD/ros2_ws/install/sim_demo/lib/python3.12/site-packages'
[2.675s] Level 1:colcon.colcon_core.shell:create_environment_hook('sim_demo', 'pythonpath')
[2.676s] INFO:colcon.colcon_core.shell:Creating environment hook '/home/ec24136/ROS2_CICD/ros2_ws/install/sim_demo/share/sim_demo/hook/pythonpath.ps1'
[2.677s] INFO:colcon.colcon_core.shell:Creating environment descriptor '/home/ec24136/ROS2_CICD/ros2_ws/install/sim_demo/share/sim_demo/hook/pythonpath.dsv'
[2.677s] INFO:colcon.colcon_core.shell:Creating environment hook '/home/ec24136/ROS2_CICD/ros2_ws/install/sim_demo/share/sim_demo/hook/pythonpath.sh'
[2.678s] Level 1:colcon.colcon_core.environment:checking '/home/ec24136/ROS2_CICD/ros2_ws/install/sim_demo/bin'
[2.679s] Level 1:colcon.colcon_core.environment:create_environment_scripts_only(sim_demo)
[2.679s] INFO:colcon.colcon_core.shell:Creating package script '/home/ec24136/ROS2_CICD/ros2_ws/install/sim_demo/share/sim_demo/package.ps1'
[2.681s] INFO:colcon.colcon_core.shell:Creating package descriptor '/home/ec24136/ROS2_CICD/ros2_ws/install/sim_demo/share/sim_demo/package.dsv'
[2.682s] INFO:colcon.colcon_core.shell:Creating package script '/home/ec24136/ROS2_CICD/ros2_ws/install/sim_demo/share/sim_demo/package.sh'
[2.683s] INFO:colcon.colcon_core.shell:Creating package script '/home/ec24136/ROS2_CICD/ros2_ws/install/sim_demo/share/sim_demo/package.bash'
[2.685s] INFO:colcon.colcon_core.shell:Creating package script '/home/ec24136/ROS2_CICD/ros2_ws/install/sim_demo/share/sim_demo/package.zsh'
[2.686s] Level 1:colcon.colcon_core.environment:create_file_with_runtime_dependencies(/home/ec24136/ROS2_CICD/ros2_ws/install/sim_demo/share/colcon-core/packages/sim_demo)
[2.687s] DEBUG:colcon.colcon_parallel_executor.executor.parallel:closing loop
[2.688s] DEBUG:colcon.colcon_parallel_executor.executor.parallel:loop closed
[2.689s] DEBUG:colcon.colcon_parallel_executor.executor.parallel:run_until_complete finished with '0'
[2.689s] DEBUG:colcon.colcon_core.event_reactor:joining thread
[2.712s] INFO:colcon.colcon_core.plugin_system:Skipping extension 'colcon_notification.desktop_notification.notify_send': Could not find 'notify-send'
[2.712s] INFO:colcon.colcon_core.plugin_system:Skipping extension 'colcon_notification.desktop_notification.terminal_notifier': Not used on non-Darwin systems
[2.712s] INFO:colcon.colcon_core.plugin_system:Skipping extension 'colcon_notification.desktop_notification.win32': Not used on non-Windows systems
[2.713s] INFO:colcon.colcon_notification.desktop_notification:Sending desktop notification using 'notify2'
[2.715s] DEBUG:colcon.colcon_notification.desktop_notification.notify2:Failed to initialize notify2: org.freedesktop.DBus.Error.ServiceUnknown: The name org.freedesktop.Notifications was not provided by any .service files
[2.716s] DEBUG:colcon.colcon_core.event_reactor:joined thread
[2.716s] INFO:colcon.colcon_core.shell:Creating prefix script '/home/ec24136/ROS2_CICD/ros2_ws/install/local_setup.ps1'
[2.718s] INFO:colcon.colcon_core.shell:Creating prefix util module '/home/ec24136/ROS2_CICD/ros2_ws/install/_local_setup_util_ps1.py'
[2.720s] INFO:colcon.colcon_core.shell:Creating prefix chain script '/home/ec24136/ROS2_CICD/ros2_ws/install/setup.ps1'
[2.722s] INFO:colcon.colcon_core.shell:Creating prefix script '/home/ec24136/ROS2_CICD/ros2_ws/install/local_setup.sh'
[2.723s] INFO:colcon.colcon_core.shell:Creating prefix util module '/home/ec24136/ROS2_CICD/ros2_ws/install/_local_setup_util_sh.py'
[2.724s] INFO:colcon.colcon_core.shell:Creating prefix chain script '/home/ec24136/ROS2_CICD/ros2_ws/install/setup.sh'
[2.725s] INFO:colcon.colcon_core.shell:Creating prefix script '/home/ec24136/ROS2_CICD/ros2_ws/install/local_setup.bash'
[2.726s] INFO:colcon.colcon_core.shell:Creating prefix chain script '/home/ec24136/ROS2_CICD/ros2_ws/install/setup.bash'
[2.728s] INFO:colcon.colcon_core.shell:Creating prefix script '/home/ec24136/ROS2_CICD/ros2_ws/install/local_setup.zsh'
[2.729s] INFO:colcon.colcon_core.shell:Creating prefix chain script '/home/ec24136/ROS2_CICD/ros2_ws/install/setup.zsh'
