-- Install configuration: ""
-- Up-to-date: /home/ec24136/ROS2_CICD/ros2_ws/install/cpu_hog_controller/lib/python3.10/site-packages/cpu_hog_controller
-- Up-to-date: /home/ec24136/ROS2_CICD/ros2_ws/install/cpu_hog_controller/lib/python3.10/site-packages/cpu_hog_controller/__init__.py
-- Up-to-date: /home/ec24136/ROS2_CICD/ros2_ws/install/cpu_hog_controller/lib/python3.10/site-packages/cpu_hog_controller/cpu_hog_controller.py
-- Up-to-date: /home/ec24136/ROS2_CICD/ros2_ws/install/cpu_hog_controller/lib/python3.10/site-packages/cpu_hog_controller/hog.py
-- Up-to-date: /home/ec24136/ROS2_CICD/ros2_ws/install/cpu_hog_controller/share/ament_index/resource_index/package_run_dependencies/cpu_hog_controller
-- Up-to-date: /home/ec24136/ROS2_CICD/ros2_ws/install/cpu_hog_controller/share/ament_index/resource_index/parent_prefix_path/cpu_hog_controller
-- Up-to-date: /home/ec24136/ROS2_CICD/ros2_ws/install/cpu_hog_controller/share/cpu_hog_controller/environment/ament_prefix_path.sh
-- Up-to-date: /home/ec24136/ROS2_CICD/ros2_ws/install/cpu_hog_controller/share/cpu_hog_controller/environment/ament_prefix_path.dsv
-- Up-to-date: /home/ec24136/ROS2_CICD/ros2_ws/install/cpu_hog_controller/share/cpu_hog_controller/environment/path.sh
-- Up-to-date: /home/ec24136/ROS2_CICD/ros2_ws/install/cpu_hog_controller/share/cpu_hog_controller/environment/path.dsv
-- Up-to-date: /home/ec24136/ROS2_CICD/ros2_ws/install/cpu_hog_controller/share/cpu_hog_controller/local_setup.bash
-- Up-to-date: /home/ec24136/ROS2_CICD/ros2_ws/install/cpu_hog_controller/share/cpu_hog_controller/local_setup.sh
-- Up-to-date: /home/ec24136/ROS2_CICD/ros2_ws/install/cpu_hog_controller/share/cpu_hog_controller/local_setup.zsh
-- Up-to-date: /home/ec24136/ROS2_CICD/ros2_ws/install/cpu_hog_controller/share/cpu_hog_controller/local_setup.dsv
-- Installing: /home/ec24136/ROS2_CICD/ros2_ws/install/cpu_hog_controller/share/cpu_hog_controller/package.dsv
-- Up-to-date: /home/ec24136/ROS2_CICD/ros2_ws/install/cpu_hog_controller/share/ament_index/resource_index/packages/cpu_hog_controller
-- Up-to-date: /home/ec24136/ROS2_CICD/ros2_ws/install/cpu_hog_controller/share/cpu_hog_controller/cmake/cpu_hog_controllerConfig.cmake
-- Up-to-date: /home/ec24136/ROS2_CICD/ros2_ws/install/cpu_hog_controller/share/cpu_hog_controller/cmake/cpu_hog_controllerConfig-version.cmake
-- Up-to-date: /home/ec24136/ROS2_CICD/ros2_ws/install/cpu_hog_controller/share/cpu_hog_controller/package.xml
