[0.054s] Invoking command in '/home/ec24136/ROS2_CICD/ros2_ws/build/cpu_hog_controller': VIRTUAL_ENV_PROMPT=(.venv) /usr/bin/cmake --build /home/ec24136/ROS2_CICD/ros2_ws/build/cpu_hog_controller -- -j2 -l2
[0.395s] Invoked command in '/home/ec24136/ROS2_CICD/ros2_ws/build/cpu_hog_controller' returned '0': VIRTUAL_ENV_PROMPT=(.venv) /usr/bin/cmake --build /home/ec24136/ROS2_CICD/ros2_ws/build/cpu_hog_controller -- -j2 -l2
[0.425s] Invoking command in '/home/ec24136/ROS2_CICD/ros2_ws/build/cpu_hog_controller': VIRTUAL_ENV_PROMPT=(.venv) /usr/bin/cmake --install /home/ec24136/ROS2_CICD/ros2_ws/build/cpu_hog_controller
[0.442s] -- Install configuration: ""
[0.448s] -- Up-to-date: /home/ec24136/ROS2_CICD/ros2_ws/install/cpu_hog_controller/lib/python3.10/site-packages/cpu_hog_controller
[0.452s] -- Up-to-date: /home/ec24136/ROS2_CICD/ros2_ws/install/cpu_hog_controller/lib/python3.10/site-packages/cpu_hog_controller/__init__.py
[0.452s] -- Up-to-date: /home/ec24136/ROS2_CICD/ros2_ws/install/cpu_hog_controller/lib/python3.10/site-packages/cpu_hog_controller/cpu_hog_controller.py
[0.453s] -- Up-to-date: /home/ec24136/ROS2_CICD/ros2_ws/install/cpu_hog_controller/lib/python3.10/site-packages/cpu_hog_controller/hog.py
[0.453s] -- Up-to-date: /home/ec24136/ROS2_CICD/ros2_ws/install/cpu_hog_controller/share/ament_index/resource_index/package_run_dependencies/cpu_hog_controller
[0.453s] -- Up-to-date: /home/ec24136/ROS2_CICD/ros2_ws/install/cpu_hog_controller/share/ament_index/resource_index/parent_prefix_path/cpu_hog_controller
[0.453s] -- Up-to-date: /home/ec24136/ROS2_CICD/ros2_ws/install/cpu_hog_controller/share/cpu_hog_controller/environment/ament_prefix_path.sh
[0.453s] -- Up-to-date: /home/ec24136/ROS2_CICD/ros2_ws/install/cpu_hog_controller/share/cpu_hog_controller/environment/ament_prefix_path.dsv
[0.453s] -- Up-to-date: /home/ec24136/ROS2_CICD/ros2_ws/install/cpu_hog_controller/share/cpu_hog_controller/environment/path.sh
[0.457s] -- Up-to-date: /home/ec24136/ROS2_CICD/ros2_ws/install/cpu_hog_controller/share/cpu_hog_controller/environment/path.dsv
[0.457s] -- Up-to-date: /home/ec24136/ROS2_CICD/ros2_ws/install/cpu_hog_controller/share/cpu_hog_controller/local_setup.bash
[0.460s] -- Up-to-date: /home/ec24136/ROS2_CICD/ros2_ws/install/cpu_hog_controller/share/cpu_hog_controller/local_setup.sh
[0.460s] -- Up-to-date: /home/ec24136/ROS2_CICD/ros2_ws/install/cpu_hog_controller/share/cpu_hog_controller/local_setup.zsh
[0.460s] -- Up-to-date: /home/ec24136/ROS2_CICD/ros2_ws/install/cpu_hog_controller/share/cpu_hog_controller/local_setup.dsv
[0.460s] -- Installing: /home/ec24136/ROS2_CICD/ros2_ws/install/cpu_hog_controller/share/cpu_hog_controller/package.dsv
[0.465s] -- Up-to-date: /home/ec24136/ROS2_CICD/ros2_ws/install/cpu_hog_controller/share/ament_index/resource_index/packages/cpu_hog_controller
[0.465s] -- Up-to-date: /home/ec24136/ROS2_CICD/ros2_ws/install/cpu_hog_controller/share/cpu_hog_controller/cmake/cpu_hog_controllerConfig.cmake
[0.466s] -- Up-to-date: /home/ec24136/ROS2_CICD/ros2_ws/install/cpu_hog_controller/share/cpu_hog_controller/cmake/cpu_hog_controllerConfig-version.cmake
[0.466s] -- Up-to-date: /home/ec24136/ROS2_CICD/ros2_ws/install/cpu_hog_controller/share/cpu_hog_controller/package.xml
[0.472s] Invoked command in '/home/ec24136/ROS2_CICD/ros2_ws/build/cpu_hog_controller' returned '0': VIRTUAL_ENV_PROMPT=(.venv) /usr/bin/cmake --install /home/ec24136/ROS2_CICD/ros2_ws/build/cpu_hog_controller
