running egg_info
creating ../../build/sim_demo/sim_demo.egg-info
writing ../../build/sim_demo/sim_demo.egg-info/PKG-INFO
writing dependency_links to ../../build/sim_demo/sim_demo.egg-info/dependency_links.txt
writing entry points to ../../build/sim_demo/sim_demo.egg-info/entry_points.txt
writing requirements to ../../build/sim_demo/sim_demo.egg-info/requires.txt
writing top-level names to ../../build/sim_demo/sim_demo.egg-info/top_level.txt
writing manifest file '../../build/sim_demo/sim_demo.egg-info/SOURCES.txt'
reading manifest file '../../build/sim_demo/sim_demo.egg-info/SOURCES.txt'
writing manifest file '../../build/sim_demo/sim_demo.egg-info/SOURCES.txt'
running build
running build_py
creating /home/ec24136/ROS2_CICD/ros2_ws/build/sim_demo/build
creating /home/ec24136/ROS2_CICD/ros2_ws/build/sim_demo/build/lib
creating /home/ec24136/ROS2_CICD/ros2_ws/build/sim_demo/build/lib/sim_demo
copying sim_demo/__init__.py -> /home/ec24136/ROS2_CICD/ros2_ws/build/sim_demo/build/lib/sim_demo
copying sim_demo/main.py -> /home/ec24136/ROS2_CICD/ros2_ws/build/sim_demo/build/lib/sim_demo
running install
running install_lib
creating /home/ec24136/ROS2_CICD/ros2_ws/install/sim_demo/lib/python3.12/site-packages/sim_demo
copying /home/ec24136/ROS2_CICD/ros2_ws/build/sim_demo/build/lib/sim_demo/__init__.py -> /home/ec24136/ROS2_CICD/ros2_ws/install/sim_demo/lib/python3.12/site-packages/sim_demo
copying /home/ec24136/ROS2_CICD/ros2_ws/build/sim_demo/build/lib/sim_demo/main.py -> /home/ec24136/ROS2_CICD/ros2_ws/install/sim_demo/lib/python3.12/site-packages/sim_demo
byte-compiling /home/ec24136/ROS2_CICD/ros2_ws/install/sim_demo/lib/python3.12/site-packages/sim_demo/__init__.py to __init__.cpython-312.pyc
byte-compiling /home/ec24136/ROS2_CICD/ros2_ws/install/sim_demo/lib/python3.12/site-packages/sim_demo/main.py to main.cpython-312.pyc
running install_data
creating /home/ec24136/ROS2_CICD/ros2_ws/install/sim_demo/share/ament_index
creating /home/ec24136/ROS2_CICD/ros2_ws/install/sim_demo/share/ament_index/resource_index
creating /home/ec24136/ROS2_CICD/ros2_ws/install/sim_demo/share/ament_index/resource_index/packages
copying resource/sim_demo -> /home/ec24136/ROS2_CICD/ros2_ws/install/sim_demo/share/ament_index/resource_index/packages
copying package.xml -> /home/ec24136/ROS2_CICD/ros2_ws/install/sim_demo/share/sim_demo
creating /home/ec24136/ROS2_CICD/ros2_ws/install/sim_demo/share/sim_demo/launch
copying launch/sim.launch.py -> /home/ec24136/ROS2_CICD/ros2_ws/install/sim_demo/share/sim_demo/launch
running install_egg_info
Copying ../../build/sim_demo/sim_demo.egg-info to /home/ec24136/ROS2_CICD/ros2_ws/install/sim_demo/lib/python3.12/site-packages/sim_demo-0.0.0-py3.12.egg-info
running install_scripts
Installing sim_demo script to /home/ec24136/ROS2_CICD/ros2_ws/install/sim_demo/lib/sim_demo
writing list of installed files to '/home/ec24136/ROS2_CICD/ros2_ws/build/sim_demo/install.log'
