[1.383s] Invoking command in '/home/ec24136/ROS2_CICD/ros2_ws/src/sim_demo': PYTHONPATH=/home/ec24136/ROS2_CICD/ros2_ws/build/sim_demo/prefix_override:/usr/lib/python3/dist-packages/colcon_core/task/python/colcon_distutils_commands:/home/ec24136/ROS2_CICD/ros2_ws/install/sim_demo/lib/python3.12/site-packages:${PYTHONPATH} /usr/bin/python3 -W ignore:setup.py install is deprecated -W ignore:easy_install command is deprecated setup.py egg_info --egg-base ../../build/sim_demo build --build-base /home/ec24136/ROS2_CICD/ros2_ws/build/sim_demo/build install --record /home/ec24136/ROS2_CICD/ros2_ws/build/sim_demo/install.log --single-version-externally-managed install_data
[1.846s] running egg_info
[1.847s] creating ../../build/sim_demo/sim_demo.egg-info
[1.876s] writing ../../build/sim_demo/sim_demo.egg-info/PKG-INFO
[1.876s] writing dependency_links to ../../build/sim_demo/sim_demo.egg-info/dependency_links.txt
[1.878s] writing entry points to ../../build/sim_demo/sim_demo.egg-info/entry_points.txt
[1.878s] writing requirements to ../../build/sim_demo/sim_demo.egg-info/requires.txt
[1.878s] writing top-level names to ../../build/sim_demo/sim_demo.egg-info/top_level.txt
[1.878s] writing manifest file '../../build/sim_demo/sim_demo.egg-info/SOURCES.txt'
[1.957s] reading manifest file '../../build/sim_demo/sim_demo.egg-info/SOURCES.txt'
[1.958s] writing manifest file '../../build/sim_demo/sim_demo.egg-info/SOURCES.txt'
[1.959s] running build
[1.960s] running build_py
[1.961s] creating /home/ec24136/ROS2_CICD/ros2_ws/build/sim_demo/build
[1.961s] creating /home/ec24136/ROS2_CICD/ros2_ws/build/sim_demo/build/lib
[1.961s] creating /home/ec24136/ROS2_CICD/ros2_ws/build/sim_demo/build/lib/sim_demo
[1.961s] copying sim_demo/__init__.py -> /home/ec24136/ROS2_CICD/ros2_ws/build/sim_demo/build/lib/sim_demo
[1.961s] copying sim_demo/main.py -> /home/ec24136/ROS2_CICD/ros2_ws/build/sim_demo/build/lib/sim_demo
[1.962s] running install
[1.984s] running install_lib
[2.023s] creating /home/ec24136/ROS2_CICD/ros2_ws/install/sim_demo/lib/python3.12/site-packages/sim_demo
[2.025s] copying /home/ec24136/ROS2_CICD/ros2_ws/build/sim_demo/build/lib/sim_demo/__init__.py -> /home/ec24136/ROS2_CICD/ros2_ws/install/sim_demo/lib/python3.12/site-packages/sim_demo
[2.025s] copying /home/ec24136/ROS2_CICD/ros2_ws/build/sim_demo/build/lib/sim_demo/main.py -> /home/ec24136/ROS2_CICD/ros2_ws/install/sim_demo/lib/python3.12/site-packages/sim_demo
[2.027s] byte-compiling /home/ec24136/ROS2_CICD/ros2_ws/install/sim_demo/lib/python3.12/site-packages/sim_demo/__init__.py to __init__.cpython-312.pyc
[2.029s] byte-compiling /home/ec24136/ROS2_CICD/ros2_ws/install/sim_demo/lib/python3.12/site-packages/sim_demo/main.py to main.cpython-312.pyc
[2.029s] running install_data
[2.030s] creating /home/ec24136/ROS2_CICD/ros2_ws/install/sim_demo/share/ament_index
[2.031s] creating /home/ec24136/ROS2_CICD/ros2_ws/install/sim_demo/share/ament_index/resource_index
[2.032s] creating /home/ec24136/ROS2_CICD/ros2_ws/install/sim_demo/share/ament_index/resource_index/packages
[2.033s] copying resource/sim_demo -> /home/ec24136/ROS2_CICD/ros2_ws/install/sim_demo/share/ament_index/resource_index/packages
[2.034s] copying package.xml -> /home/ec24136/ROS2_CICD/ros2_ws/install/sim_demo/share/sim_demo
[2.035s] creating /home/ec24136/ROS2_CICD/ros2_ws/install/sim_demo/share/sim_demo/launch
[2.035s] copying launch/sim.launch.py -> /home/ec24136/ROS2_CICD/ros2_ws/install/sim_demo/share/sim_demo/launch
[2.035s] running install_egg_info
[2.062s] Copying ../../build/sim_demo/sim_demo.egg-info to /home/ec24136/ROS2_CICD/ros2_ws/install/sim_demo/lib/python3.12/site-packages/sim_demo-0.0.0-py3.12.egg-info
[2.064s] running install_scripts
[2.260s] Installing sim_demo script to /home/ec24136/ROS2_CICD/ros2_ws/install/sim_demo/lib/sim_demo
[2.261s] writing list of installed files to '/home/ec24136/ROS2_CICD/ros2_ws/build/sim_demo/install.log'
[2.334s] Invoked command in '/home/ec24136/ROS2_CICD/ros2_ws/src/sim_demo' returned '0': PYTHONPATH=/home/ec24136/ROS2_CICD/ros2_ws/build/sim_demo/prefix_override:/usr/lib/python3/dist-packages/colcon_core/task/python/colcon_distutils_commands:/home/ec24136/ROS2_CICD/ros2_ws/install/sim_demo/lib/python3.12/site-packages:${PYTHONPATH} /usr/bin/python3 -W ignore:setup.py install is deprecated -W ignore:easy_install command is deprecated setup.py egg_info --egg-base ../../build/sim_demo build --build-base /home/ec24136/ROS2_CICD/ros2_ws/build/sim_demo/build install --record /home/ec24136/ROS2_CICD/ros2_ws/build/sim_demo/install.log --single-version-externally-managed install_data
