running egg_info
writing ../../build/cpu_hog_controller/cpu_hog_controller.egg-info/PKG-INFO
writing dependency_links to ../../build/cpu_hog_controller/cpu_hog_controller.egg-info/dependency_links.txt
writing entry points to ../../build/cpu_hog_controller/cpu_hog_controller.egg-info/entry_points.txt
writing requirements to ../../build/cpu_hog_controller/cpu_hog_controller.egg-info/requires.txt
writing top-level names to ../../build/cpu_hog_controller/cpu_hog_controller.egg-info/top_level.txt
file hog.py (for module hog) not found
reading manifest file '../../build/cpu_hog_controller/cpu_hog_controller.egg-info/SOURCES.txt'
writing manifest file '../../build/cpu_hog_controller/cpu_hog_controller.egg-info/SOURCES.txt'
running build
running build_py
file hog.py (for module hog) not found
file hog.py (for module hog) not found
running install
running install_lib
running install_data
running install_egg_info
removing '/home/ec24136/ROS2_CICD/ros2_ws/install/cpu_hog_controller/lib/python3.12/site-packages/cpu_hog_controller-0.1.0-py3.12.egg-info' (and everything under it)
Copying ../../build/cpu_hog_controller/cpu_hog_controller.egg-info to /home/ec24136/ROS2_CICD/ros2_ws/install/cpu_hog_controller/lib/python3.12/site-packages/cpu_hog_controller-0.1.0-py3.12.egg-info
running install_scripts
Installing hog script to /home/ec24136/ROS2_CICD/ros2_ws/install/cpu_hog_controller/lib/cpu_hog_controller
file hog.py (for module hog) not found
writing list of installed files to '/home/ec24136/ROS2_CICD/ros2_ws/build/cpu_hog_controller/install.log'
