[1.624s] Invoking command in '/home/ec24136/ROS2_CICD/ros2_ws/src/cpu_hog_controller': PYTHONPATH=/home/ec24136/ROS2_CICD/ros2_ws/build/cpu_hog_controller/prefix_override:/usr/lib/python3/dist-packages/colcon_core/task/python/colcon_distutils_commands:/home/ec24136/ROS2_CICD/ros2_ws/install/cpu_hog_controller/lib/python3.12/site-packages:${PYTHONPATH} /usr/bin/python3 -W ignore:setup.py install is deprecated -W ignore:easy_install command is deprecated setup.py egg_info --egg-base ../../build/cpu_hog_controller build --build-base /home/ec24136/ROS2_CICD/ros2_ws/build/cpu_hog_controller/build install --record /home/ec24136/ROS2_CICD/ros2_ws/build/cpu_hog_controller/install.log --single-version-externally-managed install_data
[2.212s] running egg_info
[2.251s] writing ../../build/cpu_hog_controller/cpu_hog_controller.egg-info/PKG-INFO
[2.252s] writing dependency_links to ../../build/cpu_hog_controller/cpu_hog_controller.egg-info/dependency_links.txt
[2.253s] writing entry points to ../../build/cpu_hog_controller/cpu_hog_controller.egg-info/entry_points.txt
[2.254s] writing requirements to ../../build/cpu_hog_controller/cpu_hog_controller.egg-info/requires.txt
[2.254s] writing top-level names to ../../build/cpu_hog_controller/cpu_hog_controller.egg-info/top_level.txt
[2.292s] file hog.py (for module hog) not found
[2.326s] reading manifest file '../../build/cpu_hog_controller/cpu_hog_controller.egg-info/SOURCES.txt'
[2.329s] writing manifest file '../../build/cpu_hog_controller/cpu_hog_controller.egg-info/SOURCES.txt'
[2.330s] running build
[2.330s] running build_py
[2.330s] file hog.py (for module hog) not found
[2.331s] file hog.py (for module hog) not found
[2.332s] running install
[2.347s] running install_lib
[2.382s] running install_data
[2.383s] running install_egg_info
[2.427s] removing '/home/ec24136/ROS2_CICD/ros2_ws/install/cpu_hog_controller/lib/python3.12/site-packages/cpu_hog_controller-0.1.0-py3.12.egg-info' (and everything under it)
[2.428s] Copying ../../build/cpu_hog_controller/cpu_hog_controller.egg-info to /home/ec24136/ROS2_CICD/ros2_ws/install/cpu_hog_controller/lib/python3.12/site-packages/cpu_hog_controller-0.1.0-py3.12.egg-info
[2.431s] running install_scripts
[2.699s] Installing hog script to /home/ec24136/ROS2_CICD/ros2_ws/install/cpu_hog_controller/lib/cpu_hog_controller
[2.699s] file hog.py (for module hog) not found
[2.702s] writing list of installed files to '/home/ec24136/ROS2_CICD/ros2_ws/build/cpu_hog_controller/install.log'
[2.781s] Invoked command in '/home/ec24136/ROS2_CICD/ros2_ws/src/cpu_hog_controller' returned '0': PYTHONPATH=/home/ec24136/ROS2_CICD/ros2_ws/build/cpu_hog_controller/prefix_override:/usr/lib/python3/dist-packages/colcon_core/task/python/colcon_distutils_commands:/home/ec24136/ROS2_CICD/ros2_ws/install/cpu_hog_controller/lib/python3.12/site-packages:${PYTHONPATH} /usr/bin/python3 -W ignore:setup.py install is deprecated -W ignore:easy_install command is deprecated setup.py egg_info --egg-base ../../build/cpu_hog_controller build --build-base /home/ec24136/ROS2_CICD/ros2_ws/build/cpu_hog_controller/build install --record /home/ec24136/ROS2_CICD/ros2_ws/build/cpu_hog_controller/install.log --single-version-externally-managed install_data
