[1.897s] Invoking command in '/home/ec24136/ROS2_CICD/ros2_ws/src/sim_demo': PYTHONPATH=/home/ec24136/ROS2_CICD/ros2_ws/build/sim_demo/prefix_override:/usr/lib/python3/dist-packages/colcon_core/task/python/colcon_distutils_commands:/home/ec24136/ROS2_CICD/ros2_ws/install/sim_demo/lib/python3.12/site-packages:${PYTHONPATH} /usr/bin/python3 -W ignore:setup.py install is deprecated -W ignore:easy_install command is deprecated setup.py egg_info --egg-base ../../build/sim_demo build --build-base /home/ec24136/ROS2_CICD/ros2_ws/build/sim_demo/build install --record /home/ec24136/ROS2_CICD/ros2_ws/build/sim_demo/install.log --single-version-externally-managed install_data
[2.499s] running egg_info
[2.538s] writing ../../build/sim_demo/sim_demo.egg-info/PKG-INFO
[2.540s] writing dependency_links to ../../build/sim_demo/sim_demo.egg-info/dependency_links.txt
[2.542s] writing entry points to ../../build/sim_demo/sim_demo.egg-info/entry_points.txt
[2.544s] writing requirements to ../../build/sim_demo/sim_demo.egg-info/requires.txt
[2.545s] writing top-level names to ../../build/sim_demo/sim_demo.egg-info/top_level.txt
[2.618s] reading manifest file '../../build/sim_demo/sim_demo.egg-info/SOURCES.txt'
[2.622s] writing manifest file '../../build/sim_demo/sim_demo.egg-info/SOURCES.txt'
[2.624s] running build
[2.626s] running build_py
[2.628s] running install
[2.644s] running install_lib
[2.689s] running install_data
[2.690s] creating /home/ec24136/ROS2_CICD/ros2_ws/install/sim_demo/share/sim_demo/worlds
[2.690s] copying worlds/empty.wbt -> /home/ec24136/ROS2_CICD/ros2_ws/install/sim_demo/share/sim_demo/worlds
[2.690s] copying worlds/demo2_old.wbt -> /home/ec24136/ROS2_CICD/ros2_ws/install/sim_demo/share/sim_demo/worlds
[2.694s] copying worlds/demo1.wbt -> /home/ec24136/ROS2_CICD/ros2_ws/install/sim_demo/share/sim_demo/worlds
[2.697s] copying worlds/demo2.wbt -> /home/ec24136/ROS2_CICD/ros2_ws/install/sim_demo/share/sim_demo/worlds
[2.699s] creating /home/ec24136/ROS2_CICD/ros2_ws/install/sim_demo/share/sim_demo/controllers
[2.699s] running install_egg_info
[2.754s] removing '/home/ec24136/ROS2_CICD/ros2_ws/install/sim_demo/lib/python3.12/site-packages/sim_demo-0.0.0-py3.12.egg-info' (and everything under it)
[2.757s] Copying ../../build/sim_demo/sim_demo.egg-info to /home/ec24136/ROS2_CICD/ros2_ws/install/sim_demo/lib/python3.12/site-packages/sim_demo-0.0.0-py3.12.egg-info
[2.766s] running install_scripts
[3.058s] Installing sim_demo script to /home/ec24136/ROS2_CICD/ros2_ws/install/sim_demo/lib/sim_demo
[3.061s] writing list of installed files to '/home/ec24136/ROS2_CICD/ros2_ws/build/sim_demo/install.log'
[3.151s] Invoked command in '/home/ec24136/ROS2_CICD/ros2_ws/src/sim_demo' returned '0': PYTHONPATH=/home/ec24136/ROS2_CICD/ros2_ws/build/sim_demo/prefix_override:/usr/lib/python3/dist-packages/colcon_core/task/python/colcon_distutils_commands:/home/ec24136/ROS2_CICD/ros2_ws/install/sim_demo/lib/python3.12/site-packages:${PYTHONPATH} /usr/bin/python3 -W ignore:setup.py install is deprecated -W ignore:easy_install command is deprecated setup.py egg_info --egg-base ../../build/sim_demo build --build-base /home/ec24136/ROS2_CICD/ros2_ws/build/sim_demo/build install --record /home/ec24136/ROS2_CICD/ros2_ws/build/sim_demo/install.log --single-version-externally-managed install_data
