[0.033s] Invoking command in '/home/ec24136/ROS2_CICD/ros2_ws/build/hello_pipeline_cpp': CMAKE_PREFIX_PATH=${CMAKE_PREFIX_PATH}:/home/ec24136/ROS2_CICD/ros2_ws/install/sim_demo:/home/ec24136/ROS2_CICD/ros2_ws/install/ros2_observability:/opt/ros/jazzy /usr/bin/cmake /home/ec24136/ROS2_CICD/ros2_ws/src/hello_pipeline_cpp -DCMAKE_INSTALL_PREFIX=/home/ec24136/ROS2_CICD/ros2_ws/install/hello_pipeline_cpp
[0.713s] -- The C compiler identification is GNU 13.3.0
[1.153s] -- The CXX compiler identification is GNU 13.3.0
[1.221s] -- Detecting C compiler ABI info
[1.527s] -- Detecting C compiler ABI info - done
[1.558s] -- Check for working C compiler: /usr/bin/cc - skipped
[1.560s] -- Detecting C compile features
[1.565s] -- Detecting C compile features - done
[1.601s] -- Detecting CXX compiler ABI info
[1.879s] -- Detecting CXX compiler ABI info - done
[1.903s] -- Check for working CXX compiler: /usr/bin/c++ - skipped
[1.904s] -- Detecting CXX compile features
[1.905s] -- Detecting CXX compile features - done
[1.925s] -- Found ament_cmake: 2.5.4 (/opt/ros/jazzy/share/ament_cmake/cmake)
[2.266s] -- Found Python3: /usr/bin/python3 (found version "3.12.3") found components: Interpreter 
[2.678s] -- Found ament_lint_auto: 0.17.2 (/opt/ros/jazzy/share/ament_lint_auto/cmake)
[3.036s] -- Added test 'cppcheck' to perform static code analysis on C / C++ code
[3.039s] -- Configured cppcheck include dirs: $<BUILD_INTERFACE:/home/ec24136/ROS2_CICD/ros2_ws/src/hello_pipeline_cpp/include>
[3.039s] -- Configured cppcheck exclude dirs and/or files: 
[3.044s] -- Added test 'lint_cmake' to check CMake code style
[3.049s] -- Added test 'uncrustify' to check C / C++ code style
[3.049s] -- Configured uncrustify additional arguments: 
[3.053s] -- Added test 'xmllint' to check XML markup files
[3.062s] -- Configuring done (3.0s)
[3.087s] -- Generating done (0.0s)
[3.097s] -- Build files have been written to: /home/ec24136/ROS2_CICD/ros2_ws/build/hello_pipeline_cpp
[3.111s] Invoked command in '/home/ec24136/ROS2_CICD/ros2_ws/build/hello_pipeline_cpp' returned '0': CMAKE_PREFIX_PATH=${CMAKE_PREFIX_PATH}:/home/ec24136/ROS2_CICD/ros2_ws/install/sim_demo:/home/ec24136/ROS2_CICD/ros2_ws/install/ros2_observability:/opt/ros/jazzy /usr/bin/cmake /home/ec24136/ROS2_CICD/ros2_ws/src/hello_pipeline_cpp -DCMAKE_INSTALL_PREFIX=/home/ec24136/ROS2_CICD/ros2_ws/install/hello_pipeline_cpp
[3.114s] Invoking command in '/home/ec24136/ROS2_CICD/ros2_ws/build/hello_pipeline_cpp': CMAKE_PREFIX_PATH=${CMAKE_PREFIX_PATH}:/home/ec24136/ROS2_CICD/ros2_ws/install/sim_demo:/home/ec24136/ROS2_CICD/ros2_ws/install/ros2_observability:/opt/ros/jazzy /usr/bin/cmake --build /home/ec24136/ROS2_CICD/ros2_ws/build/hello_pipeline_cpp -- -j2 -l2
[3.238s] [ 50%] [32mBuilding CXX object CMakeFiles/hello_node.dir/src/hello_node.cpp.o[0m
[3.370s] [100%] [32m[1mLinking CXX executable hello_node[0m
[3.503s] [100%] Built target hello_node
[3.712s] Invoked command in '/home/ec24136/ROS2_CICD/ros2_ws/build/hello_pipeline_cpp' returned '0': CMAKE_PREFIX_PATH=${CMAKE_PREFIX_PATH}:/home/ec24136/ROS2_CICD/ros2_ws/install/sim_demo:/home/ec24136/ROS2_CICD/ros2_ws/install/ros2_observability:/opt/ros/jazzy /usr/bin/cmake --build /home/ec24136/ROS2_CICD/ros2_ws/build/hello_pipeline_cpp -- -j2 -l2
[3.729s] Invoking command in '/home/ec24136/ROS2_CICD/ros2_ws/build/hello_pipeline_cpp': CMAKE_PREFIX_PATH=${CMAKE_PREFIX_PATH}:/home/ec24136/ROS2_CICD/ros2_ws/install/sim_demo:/home/ec24136/ROS2_CICD/ros2_ws/install/ros2_observability:/opt/ros/jazzy /usr/bin/cmake --install /home/ec24136/ROS2_CICD/ros2_ws/build/hello_pipeline_cpp
[3.749s] -- Install configuration: ""
[3.750s] -- Installing: /home/ec24136/ROS2_CICD/ros2_ws/install/hello_pipeline_cpp/lib/hello_pipeline_cpp/hello_node
[3.750s] -- Installing: /home/ec24136/ROS2_CICD/ros2_ws/install/hello_pipeline_cpp/share/ament_index/resource_index/package_run_dependencies/hello_pipeline_cpp
[3.752s] -- Installing: /home/ec24136/ROS2_CICD/ros2_ws/install/hello_pipeline_cpp/share/ament_index/resource_index/parent_prefix_path/hello_pipeline_cpp
[3.752s] -- Installing: /home/ec24136/ROS2_CICD/ros2_ws/install/hello_pipeline_cpp/share/hello_pipeline_cpp/environment/ament_prefix_path.sh
[3.752s] -- Installing: /home/ec24136/ROS2_CICD/ros2_ws/install/hello_pipeline_cpp/share/hello_pipeline_cpp/environment/ament_prefix_path.dsv
[3.752s] -- Installing: /home/ec24136/ROS2_CICD/ros2_ws/install/hello_pipeline_cpp/share/hello_pipeline_cpp/environment/path.sh
[3.753s] -- Installing: /home/ec24136/ROS2_CICD/ros2_ws/install/hello_pipeline_cpp/share/hello_pipeline_cpp/environment/path.dsv
[3.753s] -- Installing: /home/ec24136/ROS2_CICD/ros2_ws/install/hello_pipeline_cpp/share/hello_pipeline_cpp/local_setup.bash
[3.757s] -- Installing: /home/ec24136/ROS2_CICD/ros2_ws/install/hello_pipeline_cpp/share/hello_pipeline_cpp/local_setup.sh
[3.757s] -- Installing: /home/ec24136/ROS2_CICD/ros2_ws/install/hello_pipeline_cpp/share/hello_pipeline_cpp/local_setup.zsh
[3.758s] -- Installing: /home/ec24136/ROS2_CICD/ros2_ws/install/hello_pipeline_cpp/share/hello_pipeline_cpp/local_setup.dsv
[3.758s] -- Installing: /home/ec24136/ROS2_CICD/ros2_ws/install/hello_pipeline_cpp/share/hello_pipeline_cpp/package.dsv
[3.758s] -- Installing: /home/ec24136/ROS2_CICD/ros2_ws/install/hello_pipeline_cpp/share/ament_index/resource_index/packages/hello_pipeline_cpp
[3.758s] -- Installing: /home/ec24136/ROS2_CICD/ros2_ws/install/hello_pipeline_cpp/share/hello_pipeline_cpp/cmake/hello_pipeline_cppConfig.cmake
[3.759s] -- Installing: /home/ec24136/ROS2_CICD/ros2_ws/install/hello_pipeline_cpp/share/hello_pipeline_cpp/cmake/hello_pipeline_cppConfig-version.cmake
[3.759s] -- Installing: /home/ec24136/ROS2_CICD/ros2_ws/install/hello_pipeline_cpp/share/hello_pipeline_cpp/package.xml
[3.766s] Invoked command in '/home/ec24136/ROS2_CICD/ros2_ws/build/hello_pipeline_cpp' returned '0': CMAKE_PREFIX_PATH=${CMAKE_PREFIX_PATH}:/home/ec24136/ROS2_CICD/ros2_ws/install/sim_demo:/home/ec24136/ROS2_CICD/ros2_ws/install/ros2_observability:/opt/ros/jazzy /usr/bin/cmake --install /home/ec24136/ROS2_CICD/ros2_ws/build/hello_pipeline_cpp
