running egg_info
writing ../../build/cpu_hog_controller/cpu_hog_controller.egg-info/PKG-INFO
writing dependency_links to ../../build/cpu_hog_controller/cpu_hog_controller.egg-info/dependency_links.txt
writing entry points to ../../build/cpu_hog_controller/cpu_hog_controller.egg-info/entry_points.txt
writing requirements to ../../build/cpu_hog_controller/cpu_hog_controller.egg-info/requires.txt
writing top-level names to ../../build/cpu_hog_controller/cpu_hog_controller.egg-info/top_level.txt
reading manifest file '../../build/cpu_hog_controller/cpu_hog_controller.egg-info/SOURCES.txt'
writing manifest file '../../build/cpu_hog_controller/cpu_hog_controller.egg-info/SOURCES.txt'
running build
running build_py
creating /home/ec24136/ROS2_CICD/ros2_ws/build/cpu_hog_controller/build
creating /home/ec24136/ROS2_CICD/ros2_ws/build/cpu_hog_controller/build/lib
creating /home/ec24136/ROS2_CICD/ros2_ws/build/cpu_hog_controller/build/lib/cpu_hog_controller
copying cpu_hog_controller/__init__.py -> /home/ec24136/ROS2_CICD/ros2_ws/build/cpu_hog_controller/build/lib/cpu_hog_controller
copying cpu_hog_controller/cpu_hog_controller.py -> /home/ec24136/ROS2_CICD/ros2_ws/build/cpu_hog_controller/build/lib/cpu_hog_controller
copying cpu_hog_controller/hog.py -> /home/ec24136/ROS2_CICD/ros2_ws/build/cpu_hog_controller/build/lib/cpu_hog_controller
running install
running install_lib
creating /home/ec24136/ROS2_CICD/ros2_ws/install/cpu_hog_controller/lib/python3.12/site-packages/cpu_hog_controller
copying /home/ec24136/ROS2_CICD/ros2_ws/build/cpu_hog_controller/build/lib/cpu_hog_controller/__init__.py -> /home/ec24136/ROS2_CICD/ros2_ws/install/cpu_hog_controller/lib/python3.12/site-packages/cpu_hog_controller
copying /home/ec24136/ROS2_CICD/ros2_ws/build/cpu_hog_controller/build/lib/cpu_hog_controller/cpu_hog_controller.py -> /home/ec24136/ROS2_CICD/ros2_ws/install/cpu_hog_controller/lib/python3.12/site-packages/cpu_hog_controller
copying /home/ec24136/ROS2_CICD/ros2_ws/build/cpu_hog_controller/build/lib/cpu_hog_controller/hog.py -> /home/ec24136/ROS2_CICD/ros2_ws/install/cpu_hog_controller/lib/python3.12/site-packages/cpu_hog_controller
byte-compiling /home/ec24136/ROS2_CICD/ros2_ws/install/cpu_hog_controller/lib/python3.12/site-packages/cpu_hog_controller/__init__.py to __init__.cpython-312.pyc
byte-compiling /home/ec24136/ROS2_CICD/ros2_ws/install/cpu_hog_controller/lib/python3.12/site-packages/cpu_hog_controller/cpu_hog_controller.py to cpu_hog_controller.cpython-312.pyc
byte-compiling /home/ec24136/ROS2_CICD/ros2_ws/install/cpu_hog_controller/lib/python3.12/site-packages/cpu_hog_controller/hog.py to hog.cpython-312.pyc
running install_data
creating /home/ec24136/ROS2_CICD/ros2_ws/install/cpu_hog_controller/share
creating /home/ec24136/ROS2_CICD/ros2_ws/install/cpu_hog_controller/share/cpu_hog_controller
copying package.xml -> /home/ec24136/ROS2_CICD/ros2_ws/install/cpu_hog_controller/share/cpu_hog_controller
running install_egg_info
Copying ../../build/cpu_hog_controller/cpu_hog_controller.egg-info to /home/ec24136/ROS2_CICD/ros2_ws/install/cpu_hog_controller/lib/python3.12/site-packages/cpu_hog_controller-0.1.0-py3.12.egg-info
running install_scripts
Installing hog script to /home/ec24136/ROS2_CICD/ros2_ws/install/cpu_hog_controller/lib/cpu_hog_controller
writing list of installed files to '/home/ec24136/ROS2_CICD/ros2_ws/build/cpu_hog_controller/install.log'
