[0.191s] DEBUG:colcon:Command line arguments: ['/usr/bin/colcon', 'build']
[0.191s] DEBUG:colcon:Parsed command line arguments: Namespace(log_base=None, log_level=None, verb_name='build', build_base='build', install_base='install', merge_install=False, symlink_install=False, test_result_base=None, continue_on_error=False, executor='parallel', parallel_workers=2, event_handlers=None, ignore_user_meta=False, metas=['./colcon.meta'], base_paths=['.'], packages_ignore=None, packages_ignore_regex=None, paths=None, packages_up_to=None, packages_up_to_regex=None, packages_above=None, packages_above_and_dependencies=None, packages_above_depth=None, packages_select_by_dep=None, packages_skip_by_dep=None, packages_skip_up_to=None, packages_select_build_failed=False, packages_skip_build_finished=False, packages_select_test_failures=False, packages_skip_test_passed=False, packages_select=None, packages_skip=None, packages_select_regex=None, packages_skip_regex=None, packages_start=None, packages_end=None, allow_overriding=[], cmake_args=None, cmake_target=None, cmake_target_skip_unavailable=False, cmake_clean_cache=False, cmake_clean_first=False, cmake_force_configure=False, ament_cmake_args=None, catkin_cmake_args=None, catkin_skip_building_tests=False, verb_parser=<colcon_defaults.argument_parser.defaults.DefaultArgumentsDecorator object at 0x7f79ad64a1b0>, verb_extension=<colcon_core.verb.build.BuildVerb object at 0x7f79ad7725d0>, main=<bound method BuildVerb.main of <colcon_core.verb.build.BuildVerb object at 0x7f79ad7725d0>>)
[0.272s] Level 1:colcon.colcon_core.package_discovery:discover_packages(colcon_meta) check parameters
[0.273s] Level 1:colcon.colcon_core.package_discovery:discover_packages(recursive) check parameters
[0.273s] Level 1:colcon.colcon_core.package_discovery:discover_packages(ignore) check parameters
[0.273s] Level 1:colcon.colcon_core.package_discovery:discover_packages(path) check parameters
[0.273s] Level 1:colcon.colcon_core.package_discovery:discover_packages(colcon_meta) discover
[0.273s] Level 1:colcon.colcon_core.package_discovery:discover_packages(recursive) discover
[0.273s] INFO:colcon.colcon_core.package_discovery:Crawling recursively for packages in '/home/ec24136/ROS2_CICD/ros2_ws'
[0.273s] Level 1:colcon.colcon_core.package_identification:_identify(.) by extensions ['ignore', 'ignore_ament_install']
[0.274s] Level 1:colcon.colcon_core.package_identification:_identify(.) by extension 'ignore'
[0.274s] Level 1:colcon.colcon_core.package_identification:_identify(.) by extension 'ignore_ament_install'
[0.274s] Level 1:colcon.colcon_core.package_identification:_identify(.) by extensions ['colcon_pkg']
[0.274s] Level 1:colcon.colcon_core.package_identification:_identify(.) by extension 'colcon_pkg'
[0.274s] Level 1:colcon.colcon_core.package_identification:_identify(.) by extensions ['colcon_meta']
[0.274s] Level 1:colcon.colcon_core.package_identification:_identify(.) by extension 'colcon_meta'
[0.274s] Level 1:colcon.colcon_core.package_identification:_identify(.) by extensions ['ros']
[0.274s] Level 1:colcon.colcon_core.package_identification:_identify(.) by extension 'ros'
[0.326s] Level 1:colcon.colcon_core.package_identification:_identify(.) by extensions ['cmake', 'python']
[0.326s] Level 1:colcon.colcon_core.package_identification:_identify(.) by extension 'cmake'
[0.326s] Level 1:colcon.colcon_core.package_identification:_identify(.) by extension 'python'
[0.326s] Level 1:colcon.colcon_core.package_identification:_identify(.) by extensions ['python_setup_py']
[0.326s] Level 1:colcon.colcon_core.package_identification:_identify(.) by extension 'python_setup_py'
[0.326s] Level 1:colcon.colcon_core.package_identification:_identify(build) by extensions ['ignore', 'ignore_ament_install']
[0.327s] Level 1:colcon.colcon_core.package_identification:_identify(build) by extension 'ignore'
[0.327s] Level 1:colcon.colcon_core.package_identification:_identify(build) ignored
[0.327s] Level 1:colcon.colcon_core.package_identification:_identify(install) by extensions ['ignore', 'ignore_ament_install']
[0.327s] Level 1:colcon.colcon_core.package_identification:_identify(install) by extension 'ignore'
[0.327s] Level 1:colcon.colcon_core.package_identification:_identify(install) ignored
[0.328s] Level 1:colcon.colcon_core.package_identification:_identify(log) by extensions ['ignore', 'ignore_ament_install']
[0.328s] Level 1:colcon.colcon_core.package_identification:_identify(log) by extension 'ignore'
[0.328s] Level 1:colcon.colcon_core.package_identification:_identify(log) ignored
[0.329s] Level 1:colcon.colcon_core.package_identification:_identify(src) by extensions ['ignore', 'ignore_ament_install']
[0.329s] Level 1:colcon.colcon_core.package_identification:_identify(src) by extension 'ignore'
[0.329s] Level 1:colcon.colcon_core.package_identification:_identify(src) by extension 'ignore_ament_install'
[0.329s] Level 1:colcon.colcon_core.package_identification:_identify(src) by extensions ['colcon_pkg']
[0.330s] Level 1:colcon.colcon_core.package_identification:_identify(src) by extension 'colcon_pkg'
[0.330s] Level 1:colcon.colcon_core.package_identification:_identify(src) by extensions ['colcon_meta']
[0.330s] Level 1:colcon.colcon_core.package_identification:_identify(src) by extension 'colcon_meta'
[0.330s] Level 1:colcon.colcon_core.package_identification:_identify(src) by extensions ['ros']
[0.330s] Level 1:colcon.colcon_core.package_identification:_identify(src) by extension 'ros'
[0.331s] Level 1:colcon.colcon_core.package_identification:_identify(src) by extensions ['cmake', 'python']
[0.331s] Level 1:colcon.colcon_core.package_identification:_identify(src) by extension 'cmake'
[0.331s] Level 1:colcon.colcon_core.package_identification:_identify(src) by extension 'python'
[0.331s] Level 1:colcon.colcon_core.package_identification:_identify(src) by extensions ['python_setup_py']
[0.331s] Level 1:colcon.colcon_core.package_identification:_identify(src) by extension 'python_setup_py'
[0.332s] Level 1:colcon.colcon_core.package_identification:_identify(src/hello_pipeline_cpp) by extensions ['ignore', 'ignore_ament_install']
[0.333s] Level 1:colcon.colcon_core.package_identification:_identify(src/hello_pipeline_cpp) by extension 'ignore'
[0.333s] Level 1:colcon.colcon_core.package_identification:_identify(src/hello_pipeline_cpp) by extension 'ignore_ament_install'
[0.333s] Level 1:colcon.colcon_core.package_identification:_identify(src/hello_pipeline_cpp) by extensions ['colcon_pkg']
[0.333s] Level 1:colcon.colcon_core.package_identification:_identify(src/hello_pipeline_cpp) by extension 'colcon_pkg'
[0.334s] Level 1:colcon.colcon_core.package_identification:_identify(src/hello_pipeline_cpp) by extensions ['colcon_meta']
[0.334s] Level 1:colcon.colcon_core.package_identification:_identify(src/hello_pipeline_cpp) by extension 'colcon_meta'
[0.334s] Level 1:colcon.colcon_core.package_identification:_identify(src/hello_pipeline_cpp) by extensions ['ros']
[0.334s] Level 1:colcon.colcon_core.package_identification:_identify(src/hello_pipeline_cpp) by extension 'ros'
[0.339s] DEBUG:colcon.colcon_core.package_identification:Package 'src/hello_pipeline_cpp' with type 'ros.ament_cmake' and name 'hello_pipeline_cpp'
[0.339s] Level 1:colcon.colcon_core.package_identification:_identify(src/ros2_observability) by extensions ['ignore', 'ignore_ament_install']
[0.339s] Level 1:colcon.colcon_core.package_identification:_identify(src/ros2_observability) by extension 'ignore'
[0.340s] Level 1:colcon.colcon_core.package_identification:_identify(src/ros2_observability) by extension 'ignore_ament_install'
[0.340s] Level 1:colcon.colcon_core.package_identification:_identify(src/ros2_observability) by extensions ['colcon_pkg']
[0.340s] Level 1:colcon.colcon_core.package_identification:_identify(src/ros2_observability) by extension 'colcon_pkg'
[0.340s] Level 1:colcon.colcon_core.package_identification:_identify(src/ros2_observability) by extensions ['colcon_meta']
[0.340s] Level 1:colcon.colcon_core.package_identification:_identify(src/ros2_observability) by extension 'colcon_meta'
[0.340s] Level 1:colcon.colcon_core.package_identification:_identify(src/ros2_observability) by extensions ['ros']
[0.340s] Level 1:colcon.colcon_core.package_identification:_identify(src/ros2_observability) by extension 'ros'
[0.341s] DEBUG:colcon.colcon_core.package_identification:Package 'src/ros2_observability' with type 'ros.ament_python' and name 'ros2_observability'
[0.342s] Level 1:colcon.colcon_core.package_identification:_identify(src/sim_demo) by extensions ['ignore', 'ignore_ament_install']
[0.342s] Level 1:colcon.colcon_core.package_identification:_identify(src/sim_demo) by extension 'ignore'
[0.342s] Level 1:colcon.colcon_core.package_identification:_identify(src/sim_demo) by extension 'ignore_ament_install'
[0.342s] Level 1:colcon.colcon_core.package_identification:_identify(src/sim_demo) by extensions ['colcon_pkg']
[0.342s] Level 1:colcon.colcon_core.package_identification:_identify(src/sim_demo) by extension 'colcon_pkg'
[0.342s] Level 1:colcon.colcon_core.package_identification:_identify(src/sim_demo) by extensions ['colcon_meta']
[0.342s] Level 1:colcon.colcon_core.package_identification:_identify(src/sim_demo) by extension 'colcon_meta'
[0.342s] Level 1:colcon.colcon_core.package_identification:_identify(src/sim_demo) by extensions ['ros']
[0.342s] Level 1:colcon.colcon_core.package_identification:_identify(src/sim_demo) by extension 'ros'
[0.344s] DEBUG:colcon.colcon_core.package_identification:Package 'src/sim_demo' with type 'ros.ament_python' and name 'sim_demo'
[0.344s] Level 1:colcon.colcon_core.package_discovery:discover_packages(recursive) using defaults
[0.344s] Level 1:colcon.colcon_core.package_discovery:discover_packages(ignore) discover
[0.344s] Level 1:colcon.colcon_core.package_discovery:discover_packages(ignore) using defaults
[0.344s] Level 1:colcon.colcon_core.package_discovery:discover_packages(path) discover
[0.344s] Level 1:colcon.colcon_core.package_discovery:discover_packages(path) using defaults
[0.383s] Level 1:colcon.colcon_core.package_discovery:discover_packages(prefix_path) check parameters
[0.383s] Level 1:colcon.colcon_core.package_discovery:discover_packages(prefix_path) discover
[0.386s] DEBUG:colcon.colcon_installed_package_information.package_discovery:Found 3 installed packages in /home/ec24136/ROS2_CICD/ros2_ws/install
[0.389s] DEBUG:colcon.colcon_installed_package_information.package_discovery:Found 192 installed packages in /opt/ros/jazzy
[0.390s] Level 1:colcon.colcon_core.package_discovery:discover_packages(prefix_path) using defaults
[0.443s] Level 5:colcon.colcon_core.verb:set package 'hello_pipeline_cpp' build argument 'cmake_args' from command line to 'None'
[0.443s] Level 5:colcon.colcon_core.verb:set package 'hello_pipeline_cpp' build argument 'cmake_target' from command line to 'None'
[0.443s] Level 5:colcon.colcon_core.verb:set package 'hello_pipeline_cpp' build argument 'cmake_target_skip_unavailable' from command line to 'False'
[0.443s] Level 5:colcon.colcon_core.verb:set package 'hello_pipeline_cpp' build argument 'cmake_clean_cache' from command line to 'False'
[0.443s] Level 5:colcon.colcon_core.verb:set package 'hello_pipeline_cpp' build argument 'cmake_clean_first' from command line to 'False'
[0.443s] Level 5:colcon.colcon_core.verb:set package 'hello_pipeline_cpp' build argument 'cmake_force_configure' from command line to 'False'
[0.444s] Level 5:colcon.colcon_core.verb:set package 'hello_pipeline_cpp' build argument 'ament_cmake_args' from command line to 'None'
[0.444s] Level 5:colcon.colcon_core.verb:set package 'hello_pipeline_cpp' build argument 'catkin_cmake_args' from command line to 'None'
[0.444s] Level 5:colcon.colcon_core.verb:set package 'hello_pipeline_cpp' build argument 'catkin_skip_building_tests' from command line to 'False'
[0.444s] DEBUG:colcon.colcon_core.verb:Building package 'hello_pipeline_cpp' with the following arguments: {'ament_cmake_args': None, 'build_base': '/home/ec24136/ROS2_CICD/ros2_ws/build/hello_pipeline_cpp', 'catkin_cmake_args': None, 'catkin_skip_building_tests': False, 'cmake_args': None, 'cmake_clean_cache': False, 'cmake_clean_first': False, 'cmake_force_configure': False, 'cmake_target': None, 'cmake_target_skip_unavailable': False, 'install_base': '/home/ec24136/ROS2_CICD/ros2_ws/install/hello_pipeline_cpp', 'merge_install': False, 'path': '/home/ec24136/ROS2_CICD/ros2_ws/src/hello_pipeline_cpp', 'symlink_install': False, 'test_result_base': None}
[0.445s] Level 5:colcon.colcon_core.verb:set package 'ros2_observability' build argument 'cmake_args' from command line to 'None'
[0.445s] Level 5:colcon.colcon_core.verb:set package 'ros2_observability' build argument 'cmake_target' from command line to 'None'
[0.445s] Level 5:colcon.colcon_core.verb:set package 'ros2_observability' build argument 'cmake_target_skip_unavailable' from command line to 'False'
[0.445s] Level 5:colcon.colcon_core.verb:set package 'ros2_observability' build argument 'cmake_clean_cache' from command line to 'False'
[0.445s] Level 5:colcon.colcon_core.verb:set package 'ros2_observability' build argument 'cmake_clean_first' from command line to 'False'
[0.445s] Level 5:colcon.colcon_core.verb:set package 'ros2_observability' build argument 'cmake_force_configure' from command line to 'False'
[0.445s] Level 5:colcon.colcon_core.verb:set package 'ros2_observability' build argument 'ament_cmake_args' from command line to 'None'
[0.445s] Level 5:colcon.colcon_core.verb:set package 'ros2_observability' build argument 'catkin_cmake_args' from command line to 'None'
[0.445s] Level 5:colcon.colcon_core.verb:set package 'ros2_observability' build argument 'catkin_skip_building_tests' from command line to 'False'
[0.445s] DEBUG:colcon.colcon_core.verb:Building package 'ros2_observability' with the following arguments: {'ament_cmake_args': None, 'build_base': '/home/ec24136/ROS2_CICD/ros2_ws/build/ros2_observability', 'catkin_cmake_args': None, 'catkin_skip_building_tests': False, 'cmake_args': None, 'cmake_clean_cache': False, 'cmake_clean_first': False, 'cmake_force_configure': False, 'cmake_target': None, 'cmake_target_skip_unavailable': False, 'install_base': '/home/ec24136/ROS2_CICD/ros2_ws/install/ros2_observability', 'merge_install': False, 'path': '/home/ec24136/ROS2_CICD/ros2_ws/src/ros2_observability', 'symlink_install': False, 'test_result_base': None}
[0.446s] Level 5:colcon.colcon_core.verb:set package 'sim_demo' build argument 'cmake_args' from command line to 'None'
[0.446s] Level 5:colcon.colcon_core.verb:set package 'sim_demo' build argument 'cmake_target' from command line to 'None'
[0.446s] Level 5:colcon.colcon_core.verb:set package 'sim_demo' build argument 'cmake_target_skip_unavailable' from command line to 'False'
[0.446s] Level 5:colcon.colcon_core.verb:set package 'sim_demo' build argument 'cmake_clean_cache' from command line to 'False'
[0.446s] Level 5:colcon.colcon_core.verb:set package 'sim_demo' build argument 'cmake_clean_first' from command line to 'False'
[0.446s] Level 5:colcon.colcon_core.verb:set package 'sim_demo' build argument 'cmake_force_configure' from command line to 'False'
[0.446s] Level 5:colcon.colcon_core.verb:set package 'sim_demo' build argument 'ament_cmake_args' from command line to 'None'
[0.446s] Level 5:colcon.colcon_core.verb:set package 'sim_demo' build argument 'catkin_cmake_args' from command line to 'None'
[0.446s] Level 5:colcon.colcon_core.verb:set package 'sim_demo' build argument 'catkin_skip_building_tests' from command line to 'False'
[0.446s] DEBUG:colcon.colcon_core.verb:Building package 'sim_demo' with the following arguments: {'ament_cmake_args': None, 'build_base': '/home/ec24136/ROS2_CICD/ros2_ws/build/sim_demo', 'catkin_cmake_args': None, 'catkin_skip_building_tests': False, 'cmake_args': None, 'cmake_clean_cache': False, 'cmake_clean_first': False, 'cmake_force_configure': False, 'cmake_target': None, 'cmake_target_skip_unavailable': False, 'install_base': '/home/ec24136/ROS2_CICD/ros2_ws/install/sim_demo', 'merge_install': False, 'path': '/home/ec24136/ROS2_CICD/ros2_ws/src/sim_demo', 'symlink_install': False, 'test_result_base': None}
[0.447s] INFO:colcon.colcon_core.executor:Executing jobs using 'parallel' executor
[0.449s] DEBUG:colcon.colcon_parallel_executor.executor.parallel:run_until_complete
[0.449s] INFO:colcon.colcon_ros.task.ament_cmake.build:Building ROS package in '/home/ec24136/ROS2_CICD/ros2_ws/src/hello_pipeline_cpp' with build type 'ament_cmake'
[0.449s] INFO:colcon.colcon_cmake.task.cmake.build:Building CMake package in '/home/ec24136/ROS2_CICD/ros2_ws/src/hello_pipeline_cpp'
[0.453s] INFO:colcon.colcon_core.plugin_system:Skipping extension 'colcon_core.shell.bat': Not used on non-Windows systems
[0.453s] INFO:colcon.colcon_core.shell:Skip shell extension 'powershell' for command environment: Not usable outside of PowerShell
[0.453s] DEBUG:colcon.colcon_core.shell:Skip shell extension 'dsv' for command environment
[0.459s] INFO:colcon.colcon_ros.task.ament_python.build:Building ROS package in '/home/ec24136/ROS2_CICD/ros2_ws/src/ros2_observability' with build type 'ament_python'
[0.459s] Level 1:colcon.colcon_core.shell:create_environment_hook('ros2_observability', 'ament_prefix_path')
[0.459s] INFO:colcon.colcon_core.shell:Creating environment hook '/home/ec24136/ROS2_CICD/ros2_ws/install/ros2_observability/share/ros2_observability/hook/ament_prefix_path.ps1'
[0.461s] INFO:colcon.colcon_core.shell:Creating environment descriptor '/home/ec24136/ROS2_CICD/ros2_ws/install/ros2_observability/share/ros2_observability/hook/ament_prefix_path.dsv'
[0.462s] INFO:colcon.colcon_core.shell:Creating environment hook '/home/ec24136/ROS2_CICD/ros2_ws/install/ros2_observability/share/ros2_observability/hook/ament_prefix_path.sh'
[0.464s] INFO:colcon.colcon_core.shell:Skip shell extension 'powershell' for command environment: Not usable outside of PowerShell
[0.464s] DEBUG:colcon.colcon_core.shell:Skip shell extension 'dsv' for command environment
[0.479s] DEBUG:colcon.colcon_core.event_handler.log_command:Invoking command in '/home/ec24136/ROS2_CICD/ros2_ws/build/hello_pipeline_cpp': CMAKE_PREFIX_PATH=${CMAKE_PREFIX_PATH}:/home/ec24136/ROS2_CICD/ros2_ws/install/sim_demo:/home/ec24136/ROS2_CICD/ros2_ws/install/ros2_observability:/opt/ros/jazzy /usr/bin/cmake --build /home/ec24136/ROS2_CICD/ros2_ws/build/hello_pipeline_cpp -- -j2 -l2
[0.941s] INFO:colcon.colcon_core.task.python.build:Building Python package in '/home/ec24136/ROS2_CICD/ros2_ws/src/ros2_observability'
[0.942s] INFO:colcon.colcon_core.shell:Skip shell extension 'powershell' for command environment: Not usable outside of PowerShell
[0.942s] DEBUG:colcon.colcon_core.shell:Skip shell extension 'dsv' for command environment
[0.950s] DEBUG:colcon.colcon_core.event_handler.log_command:Invoked command in '/home/ec24136/ROS2_CICD/ros2_ws/build/hello_pipeline_cpp' returned '0': CMAKE_PREFIX_PATH=${CMAKE_PREFIX_PATH}:/home/ec24136/ROS2_CICD/ros2_ws/install/sim_demo:/home/ec24136/ROS2_CICD/ros2_ws/install/ros2_observability:/opt/ros/jazzy /usr/bin/cmake --build /home/ec24136/ROS2_CICD/ros2_ws/build/hello_pipeline_cpp -- -j2 -l2
[0.969s] DEBUG:colcon.colcon_core.event_handler.log_command:Invoking command in '/home/ec24136/ROS2_CICD/ros2_ws/build/hello_pipeline_cpp': CMAKE_PREFIX_PATH=${CMAKE_PREFIX_PATH}:/home/ec24136/ROS2_CICD/ros2_ws/install/sim_demo:/home/ec24136/ROS2_CICD/ros2_ws/install/ros2_observability:/opt/ros/jazzy /usr/bin/cmake --install /home/ec24136/ROS2_CICD/ros2_ws/build/hello_pipeline_cpp
[0.996s] Level 1:colcon.colcon_core.environment:create_environment_scripts_only(hello_pipeline_cpp)
[1.005s] DEBUG:colcon.colcon_core.event_handler.log_command:Invoked command in '/home/ec24136/ROS2_CICD/ros2_ws/build/hello_pipeline_cpp' returned '0': CMAKE_PREFIX_PATH=${CMAKE_PREFIX_PATH}:/home/ec24136/ROS2_CICD/ros2_ws/install/sim_demo:/home/ec24136/ROS2_CICD/ros2_ws/install/ros2_observability:/opt/ros/jazzy /usr/bin/cmake --install /home/ec24136/ROS2_CICD/ros2_ws/build/hello_pipeline_cpp
[1.012s] Level 1:colcon.colcon_core.environment:checking '/home/ec24136/ROS2_CICD/ros2_ws/install/hello_pipeline_cpp' for CMake module files
[1.014s] Level 1:colcon.colcon_core.environment:checking '/home/ec24136/ROS2_CICD/ros2_ws/install/hello_pipeline_cpp' for CMake config files
[1.015s] Level 1:colcon.colcon_core.shell:create_environment_hook('hello_pipeline_cpp', 'cmake_prefix_path')
[1.016s] INFO:colcon.colcon_core.shell:Creating environment hook '/home/ec24136/ROS2_CICD/ros2_ws/install/hello_pipeline_cpp/share/hello_pipeline_cpp/hook/cmake_prefix_path.ps1'
[1.018s] INFO:colcon.colcon_core.shell:Creating environment descriptor '/home/ec24136/ROS2_CICD/ros2_ws/install/hello_pipeline_cpp/share/hello_pipeline_cpp/hook/cmake_prefix_path.dsv'
[1.019s] INFO:colcon.colcon_core.shell:Creating environment hook '/home/ec24136/ROS2_CICD/ros2_ws/install/hello_pipeline_cpp/share/hello_pipeline_cpp/hook/cmake_prefix_path.sh'
[1.021s] Level 1:colcon.colcon_core.environment:checking '/home/ec24136/ROS2_CICD/ros2_ws/install/hello_pipeline_cpp/lib'
[1.023s] Level 1:colcon.colcon_core.environment:checking '/home/ec24136/ROS2_CICD/ros2_ws/install/hello_pipeline_cpp/bin'
[1.024s] Level 1:colcon.colcon_core.environment:checking '/home/ec24136/ROS2_CICD/ros2_ws/install/hello_pipeline_cpp/lib/pkgconfig/hello_pipeline_cpp.pc'
[1.024s] Level 1:colcon.colcon_core.environment:checking '/home/ec24136/ROS2_CICD/ros2_ws/install/hello_pipeline_cpp/lib/python3.12/site-packages'
[1.025s] Level 1:colcon.colcon_core.environment:checking '/home/ec24136/ROS2_CICD/ros2_ws/install/hello_pipeline_cpp/bin'
[1.025s] INFO:colcon.colcon_core.shell:Creating package script '/home/ec24136/ROS2_CICD/ros2_ws/install/hello_pipeline_cpp/share/hello_pipeline_cpp/package.ps1'
[1.028s] INFO:colcon.colcon_core.shell:Creating package descriptor '/home/ec24136/ROS2_CICD/ros2_ws/install/hello_pipeline_cpp/share/hello_pipeline_cpp/package.dsv'
[1.030s] INFO:colcon.colcon_core.shell:Creating package script '/home/ec24136/ROS2_CICD/ros2_ws/install/hello_pipeline_cpp/share/hello_pipeline_cpp/package.sh'
[1.032s] INFO:colcon.colcon_core.shell:Creating package script '/home/ec24136/ROS2_CICD/ros2_ws/install/hello_pipeline_cpp/share/hello_pipeline_cpp/package.bash'
[1.034s] INFO:colcon.colcon_core.shell:Creating package script '/home/ec24136/ROS2_CICD/ros2_ws/install/hello_pipeline_cpp/share/hello_pipeline_cpp/package.zsh'
[1.037s] Level 1:colcon.colcon_core.environment:create_file_with_runtime_dependencies(/home/ec24136/ROS2_CICD/ros2_ws/install/hello_pipeline_cpp/share/colcon-core/packages/hello_pipeline_cpp)
[1.038s] Level 1:colcon.colcon_core.environment:create_environment_scripts_only(hello_pipeline_cpp)
[1.040s] Level 1:colcon.colcon_core.environment:checking '/home/ec24136/ROS2_CICD/ros2_ws/install/hello_pipeline_cpp' for CMake module files
[1.042s] Level 1:colcon.colcon_core.environment:checking '/home/ec24136/ROS2_CICD/ros2_ws/install/hello_pipeline_cpp' for CMake config files
[1.043s] Level 1:colcon.colcon_core.shell:create_environment_hook('hello_pipeline_cpp', 'cmake_prefix_path')
[1.044s] INFO:colcon.colcon_core.shell:Creating environment hook '/home/ec24136/ROS2_CICD/ros2_ws/install/hello_pipeline_cpp/share/hello_pipeline_cpp/hook/cmake_prefix_path.ps1'
[1.045s] INFO:colcon.colcon_core.shell:Creating environment descriptor '/home/ec24136/ROS2_CICD/ros2_ws/install/hello_pipeline_cpp/share/hello_pipeline_cpp/hook/cmake_prefix_path.dsv'
[1.047s] INFO:colcon.colcon_core.shell:Creating environment hook '/home/ec24136/ROS2_CICD/ros2_ws/install/hello_pipeline_cpp/share/hello_pipeline_cpp/hook/cmake_prefix_path.sh'
[1.049s] Level 1:colcon.colcon_core.environment:checking '/home/ec24136/ROS2_CICD/ros2_ws/install/hello_pipeline_cpp/lib'
[1.050s] Level 1:colcon.colcon_core.environment:checking '/home/ec24136/ROS2_CICD/ros2_ws/install/hello_pipeline_cpp/bin'
[1.050s] Level 1:colcon.colcon_core.environment:checking '/home/ec24136/ROS2_CICD/ros2_ws/install/hello_pipeline_cpp/lib/pkgconfig/hello_pipeline_cpp.pc'
[1.051s] Level 1:colcon.colcon_core.environment:checking '/home/ec24136/ROS2_CICD/ros2_ws/install/hello_pipeline_cpp/lib/python3.12/site-packages'
[1.051s] Level 1:colcon.colcon_core.environment:checking '/home/ec24136/ROS2_CICD/ros2_ws/install/hello_pipeline_cpp/bin'
[1.053s] INFO:colcon.colcon_core.shell:Creating package script '/home/ec24136/ROS2_CICD/ros2_ws/install/hello_pipeline_cpp/share/hello_pipeline_cpp/package.ps1'
[1.054s] INFO:colcon.colcon_core.shell:Creating package descriptor '/home/ec24136/ROS2_CICD/ros2_ws/install/hello_pipeline_cpp/share/hello_pipeline_cpp/package.dsv'
[1.056s] INFO:colcon.colcon_core.shell:Creating package script '/home/ec24136/ROS2_CICD/ros2_ws/install/hello_pipeline_cpp/share/hello_pipeline_cpp/package.sh'
[1.058s] INFO:colcon.colcon_core.shell:Creating package script '/home/ec24136/ROS2_CICD/ros2_ws/install/hello_pipeline_cpp/share/hello_pipeline_cpp/package.bash'
[1.059s] INFO:colcon.colcon_core.shell:Creating package script '/home/ec24136/ROS2_CICD/ros2_ws/install/hello_pipeline_cpp/share/hello_pipeline_cpp/package.zsh'
[1.061s] Level 1:colcon.colcon_core.environment:create_file_with_runtime_dependencies(/home/ec24136/ROS2_CICD/ros2_ws/install/hello_pipeline_cpp/share/colcon-core/packages/hello_pipeline_cpp)
[1.062s] INFO:colcon.colcon_ros.task.ament_python.build:Building ROS package in '/home/ec24136/ROS2_CICD/ros2_ws/src/sim_demo' with build type 'ament_python'
[1.062s] Level 1:colcon.colcon_core.shell:create_environment_hook('sim_demo', 'ament_prefix_path')
[1.063s] INFO:colcon.colcon_core.shell:Creating environment hook '/home/ec24136/ROS2_CICD/ros2_ws/install/sim_demo/share/sim_demo/hook/ament_prefix_path.ps1'
[1.065s] INFO:colcon.colcon_core.shell:Creating environment descriptor '/home/ec24136/ROS2_CICD/ros2_ws/install/sim_demo/share/sim_demo/hook/ament_prefix_path.dsv'
[1.066s] INFO:colcon.colcon_core.shell:Creating environment hook '/home/ec24136/ROS2_CICD/ros2_ws/install/sim_demo/share/sim_demo/hook/ament_prefix_path.sh'
[1.067s] INFO:colcon.colcon_core.shell:Skip shell extension 'powershell' for command environment: Not usable outside of PowerShell
[1.068s] DEBUG:colcon.colcon_core.shell:Skip shell extension 'dsv' for command environment
[1.682s] INFO:colcon.colcon_core.task.python.build:Building Python package in '/home/ec24136/ROS2_CICD/ros2_ws/src/sim_demo'
[1.683s] INFO:colcon.colcon_core.shell:Skip shell extension 'powershell' for command environment: Not usable outside of PowerShell
[1.683s] DEBUG:colcon.colcon_core.shell:Skip shell extension 'dsv' for command environment
[2.453s] DEBUG:colcon.colcon_core.event_handler.log_command:Invoking command in '/home/ec24136/ROS2_CICD/ros2_ws/src/ros2_observability': PYTHONPATH=/home/ec24136/ROS2_CICD/ros2_ws/build/ros2_observability/prefix_override:/usr/lib/python3/dist-packages/colcon_core/task/python/colcon_distutils_commands:/home/ec24136/ROS2_CICD/ros2_ws/install/ros2_observability/lib/python3.12/site-packages:${PYTHONPATH} /usr/bin/python3 -W ignore:setup.py install is deprecated -W ignore:easy_install command is deprecated setup.py egg_info --egg-base ../../build/ros2_observability build --build-base /home/ec24136/ROS2_CICD/ros2_ws/build/ros2_observability/build install --record /home/ec24136/ROS2_CICD/ros2_ws/build/ros2_observability/install.log --single-version-externally-managed install_data
[3.232s] DEBUG:colcon.colcon_core.event_handler.log_command:Invoking command in '/home/ec24136/ROS2_CICD/ros2_ws/src/sim_demo': PYTHONPATH=/home/ec24136/ROS2_CICD/ros2_ws/build/sim_demo/prefix_override:/usr/lib/python3/dist-packages/colcon_core/task/python/colcon_distutils_commands:/home/ec24136/ROS2_CICD/ros2_ws/install/sim_demo/lib/python3.12/site-packages:${PYTHONPATH} /usr/bin/python3 -W ignore:setup.py install is deprecated -W ignore:easy_install command is deprecated setup.py egg_info --egg-base ../../build/sim_demo build --build-base /home/ec24136/ROS2_CICD/ros2_ws/build/sim_demo/build install --record /home/ec24136/ROS2_CICD/ros2_ws/build/sim_demo/install.log --single-version-externally-managed install_data
[3.837s] Level 1:colcon.colcon_core.environment:checking '/home/ec24136/ROS2_CICD/ros2_ws/install/ros2_observability' for CMake module files
[3.838s] DEBUG:colcon.colcon_core.event_handler.log_command:Invoked command in '/home/ec24136/ROS2_CICD/ros2_ws/src/ros2_observability' returned '0': PYTHONPATH=/home/ec24136/ROS2_CICD/ros2_ws/build/ros2_observability/prefix_override:/usr/lib/python3/dist-packages/colcon_core/task/python/colcon_distutils_commands:/home/ec24136/ROS2_CICD/ros2_ws/install/ros2_observability/lib/python3.12/site-packages:${PYTHONPATH} /usr/bin/python3 -W ignore:setup.py install is deprecated -W ignore:easy_install command is deprecated setup.py egg_info --egg-base ../../build/ros2_observability build --build-base /home/ec24136/ROS2_CICD/ros2_ws/build/ros2_observability/build install --record /home/ec24136/ROS2_CICD/ros2_ws/build/ros2_observability/install.log --single-version-externally-managed install_data
[3.839s] Level 1:colcon.colcon_core.environment:checking '/home/ec24136/ROS2_CICD/ros2_ws/install/ros2_observability' for CMake config files
[3.841s] Level 1:colcon.colcon_core.environment:checking '/home/ec24136/ROS2_CICD/ros2_ws/install/ros2_observability/lib'
[3.841s] Level 1:colcon.colcon_core.environment:checking '/home/ec24136/ROS2_CICD/ros2_ws/install/ros2_observability/bin'
[3.841s] Level 1:colcon.colcon_core.environment:checking '/home/ec24136/ROS2_CICD/ros2_ws/install/ros2_observability/lib/pkgconfig/ros2_observability.pc'
[3.842s] Level 1:colcon.colcon_core.environment:checking '/home/ec24136/ROS2_CICD/ros2_ws/install/ros2_observability/lib/python3.12/site-packages'
[3.842s] Level 1:colcon.colcon_core.shell:create_environment_hook('ros2_observability', 'pythonpath')
[3.842s] INFO:colcon.colcon_core.shell:Creating environment hook '/home/ec24136/ROS2_CICD/ros2_ws/install/ros2_observability/share/ros2_observability/hook/pythonpath.ps1'
[3.843s] INFO:colcon.colcon_core.shell:Creating environment descriptor '/home/ec24136/ROS2_CICD/ros2_ws/install/ros2_observability/share/ros2_observability/hook/pythonpath.dsv'
[3.844s] INFO:colcon.colcon_core.shell:Creating environment hook '/home/ec24136/ROS2_CICD/ros2_ws/install/ros2_observability/share/ros2_observability/hook/pythonpath.sh'
[3.846s] Level 1:colcon.colcon_core.environment:checking '/home/ec24136/ROS2_CICD/ros2_ws/install/ros2_observability/bin'
[3.846s] Level 1:colcon.colcon_core.environment:create_environment_scripts_only(ros2_observability)
[3.847s] INFO:colcon.colcon_core.shell:Creating package script '/home/ec24136/ROS2_CICD/ros2_ws/install/ros2_observability/share/ros2_observability/package.ps1'
[3.848s] INFO:colcon.colcon_core.shell:Creating package descriptor '/home/ec24136/ROS2_CICD/ros2_ws/install/ros2_observability/share/ros2_observability/package.dsv'
[3.849s] INFO:colcon.colcon_core.shell:Creating package script '/home/ec24136/ROS2_CICD/ros2_ws/install/ros2_observability/share/ros2_observability/package.sh'
[3.850s] INFO:colcon.colcon_core.shell:Creating package script '/home/ec24136/ROS2_CICD/ros2_ws/install/ros2_observability/share/ros2_observability/package.bash'
[3.851s] INFO:colcon.colcon_core.shell:Creating package script '/home/ec24136/ROS2_CICD/ros2_ws/install/ros2_observability/share/ros2_observability/package.zsh'
[3.852s] Level 1:colcon.colcon_core.environment:create_file_with_runtime_dependencies(/home/ec24136/ROS2_CICD/ros2_ws/install/ros2_observability/share/colcon-core/packages/ros2_observability)
[4.299s] Level 1:colcon.colcon_core.environment:checking '/home/ec24136/ROS2_CICD/ros2_ws/install/sim_demo' for CMake module files
[4.301s] DEBUG:colcon.colcon_core.event_handler.log_command:Invoked command in '/home/ec24136/ROS2_CICD/ros2_ws/src/sim_demo' returned '0': PYTHONPATH=/home/ec24136/ROS2_CICD/ros2_ws/build/sim_demo/prefix_override:/usr/lib/python3/dist-packages/colcon_core/task/python/colcon_distutils_commands:/home/ec24136/ROS2_CICD/ros2_ws/install/sim_demo/lib/python3.12/site-packages:${PYTHONPATH} /usr/bin/python3 -W ignore:setup.py install is deprecated -W ignore:easy_install command is deprecated setup.py egg_info --egg-base ../../build/sim_demo build --build-base /home/ec24136/ROS2_CICD/ros2_ws/build/sim_demo/build install --record /home/ec24136/ROS2_CICD/ros2_ws/build/sim_demo/install.log --single-version-externally-managed install_data
[4.302s] Level 1:colcon.colcon_core.environment:checking '/home/ec24136/ROS2_CICD/ros2_ws/install/sim_demo' for CMake config files
[4.303s] Level 1:colcon.colcon_core.environment:checking '/home/ec24136/ROS2_CICD/ros2_ws/install/sim_demo/lib'
[4.303s] Level 1:colcon.colcon_core.environment:checking '/home/ec24136/ROS2_CICD/ros2_ws/install/sim_demo/bin'
[4.303s] Level 1:colcon.colcon_core.environment:checking '/home/ec24136/ROS2_CICD/ros2_ws/install/sim_demo/lib/pkgconfig/sim_demo.pc'
[4.304s] Level 1:colcon.colcon_core.environment:checking '/home/ec24136/ROS2_CICD/ros2_ws/install/sim_demo/lib/python3.12/site-packages'
[4.304s] Level 1:colcon.colcon_core.shell:create_environment_hook('sim_demo', 'pythonpath')
[4.304s] INFO:colcon.colcon_core.shell:Creating environment hook '/home/ec24136/ROS2_CICD/ros2_ws/install/sim_demo/share/sim_demo/hook/pythonpath.ps1'
[4.305s] INFO:colcon.colcon_core.shell:Creating environment descriptor '/home/ec24136/ROS2_CICD/ros2_ws/install/sim_demo/share/sim_demo/hook/pythonpath.dsv'
[4.306s] INFO:colcon.colcon_core.shell:Creating environment hook '/home/ec24136/ROS2_CICD/ros2_ws/install/sim_demo/share/sim_demo/hook/pythonpath.sh'
[4.307s] Level 1:colcon.colcon_core.environment:checking '/home/ec24136/ROS2_CICD/ros2_ws/install/sim_demo/bin'
[4.307s] Level 1:colcon.colcon_core.environment:create_environment_scripts_only(sim_demo)
[4.308s] INFO:colcon.colcon_core.shell:Creating package script '/home/ec24136/ROS2_CICD/ros2_ws/install/sim_demo/share/sim_demo/package.ps1'
[4.309s] INFO:colcon.colcon_core.shell:Creating package descriptor '/home/ec24136/ROS2_CICD/ros2_ws/install/sim_demo/share/sim_demo/package.dsv'
[4.310s] INFO:colcon.colcon_core.shell:Creating package script '/home/ec24136/ROS2_CICD/ros2_ws/install/sim_demo/share/sim_demo/package.sh'
[4.311s] INFO:colcon.colcon_core.shell:Creating package script '/home/ec24136/ROS2_CICD/ros2_ws/install/sim_demo/share/sim_demo/package.bash'
[4.312s] INFO:colcon.colcon_core.shell:Creating package script '/home/ec24136/ROS2_CICD/ros2_ws/install/sim_demo/share/sim_demo/package.zsh'
[4.313s] Level 1:colcon.colcon_core.environment:create_file_with_runtime_dependencies(/home/ec24136/ROS2_CICD/ros2_ws/install/sim_demo/share/colcon-core/packages/sim_demo)
[4.314s] DEBUG:colcon.colcon_parallel_executor.executor.parallel:closing loop
[4.315s] DEBUG:colcon.colcon_parallel_executor.executor.parallel:loop closed
[4.315s] DEBUG:colcon.colcon_parallel_executor.executor.parallel:run_until_complete finished with '0'
[4.315s] DEBUG:colcon.colcon_core.event_reactor:joining thread
[4.327s] INFO:colcon.colcon_core.plugin_system:Skipping extension 'colcon_notification.desktop_notification.notify_send': Could not find 'notify-send'
[4.327s] INFO:colcon.colcon_core.plugin_system:Skipping extension 'colcon_notification.desktop_notification.terminal_notifier': Not used on non-Darwin systems
[4.327s] INFO:colcon.colcon_core.plugin_system:Skipping extension 'colcon_notification.desktop_notification.win32': Not used on non-Windows systems
[4.328s] INFO:colcon.colcon_notification.desktop_notification:Sending desktop notification using 'notify2'
[4.330s] DEBUG:colcon.colcon_notification.desktop_notification.notify2:Failed to initialize notify2: org.freedesktop.DBus.Error.ServiceUnknown: The name org.freedesktop.Notifications was not provided by any .service files
[4.331s] DEBUG:colcon.colcon_core.event_reactor:joined thread
[4.331s] INFO:colcon.colcon_core.shell:Creating prefix script '/home/ec24136/ROS2_CICD/ros2_ws/install/local_setup.ps1'
[4.333s] INFO:colcon.colcon_core.shell:Creating prefix util module '/home/ec24136/ROS2_CICD/ros2_ws/install/_local_setup_util_ps1.py'
[4.336s] INFO:colcon.colcon_core.shell:Creating prefix chain script '/home/ec24136/ROS2_CICD/ros2_ws/install/setup.ps1'
[4.339s] INFO:colcon.colcon_core.shell:Creating prefix script '/home/ec24136/ROS2_CICD/ros2_ws/install/local_setup.sh'
[4.340s] INFO:colcon.colcon_core.shell:Creating prefix util module '/home/ec24136/ROS2_CICD/ros2_ws/install/_local_setup_util_sh.py'
[4.341s] INFO:colcon.colcon_core.shell:Creating prefix chain script '/home/ec24136/ROS2_CICD/ros2_ws/install/setup.sh'
[4.343s] INFO:colcon.colcon_core.shell:Creating prefix script '/home/ec24136/ROS2_CICD/ros2_ws/install/local_setup.bash'
[4.344s] INFO:colcon.colcon_core.shell:Creating prefix chain script '/home/ec24136/ROS2_CICD/ros2_ws/install/setup.bash'
[4.346s] INFO:colcon.colcon_core.shell:Creating prefix script '/home/ec24136/ROS2_CICD/ros2_ws/install/local_setup.zsh'
[4.347s] INFO:colcon.colcon_core.shell:Creating prefix chain script '/home/ec24136/ROS2_CICD/ros2_ws/install/setup.zsh'
