running egg_info
creating ../../build/slam_navigation/slam_navigation.egg-info
writing ../../build/slam_navigation/slam_navigation.egg-info/PKG-INFO
writing dependency_links to ../../build/slam_navigation/slam_navigation.egg-info/dependency_links.txt
writing requirements to ../../build/slam_navigation/slam_navigation.egg-info/requires.txt
writing top-level names to ../../build/slam_navigation/slam_navigation.egg-info/top_level.txt
writing manifest file '../../build/slam_navigation/slam_navigation.egg-info/SOURCES.txt'
reading manifest file '../../build/slam_navigation/slam_navigation.egg-info/SOURCES.txt'
writing manifest file '../../build/slam_navigation/slam_navigation.egg-info/SOURCES.txt'
running build
running build_py
creating /home/ec24136/ROS2_CICD/ros2_ws/build/slam_navigation/build
creating /home/ec24136/ROS2_CICD/ros2_ws/build/slam_navigation/build/lib
creating /home/ec24136/ROS2_CICD/ros2_ws/build/slam_navigation/build/lib/slam_navigation
copying slam_navigation/__init__.py -> /home/ec24136/ROS2_CICD/ros2_ws/build/slam_navigation/build/lib/slam_navigation
copying slam_navigation/slam_node.py -> /home/ec24136/ROS2_CICD/ros2_ws/build/slam_navigation/build/lib/slam_navigation
running install
running install_lib
creating /home/ec24136/ROS2_CICD/ros2_ws/install/slam_navigation/lib/python3.12/site-packages/slam_navigation
copying /home/ec24136/ROS2_CICD/ros2_ws/build/slam_navigation/build/lib/slam_navigation/__init__.py -> /home/ec24136/ROS2_CICD/ros2_ws/install/slam_navigation/lib/python3.12/site-packages/slam_navigation
copying /home/ec24136/ROS2_CICD/ros2_ws/build/slam_navigation/build/lib/slam_navigation/slam_node.py -> /home/ec24136/ROS2_CICD/ros2_ws/install/slam_navigation/lib/python3.12/site-packages/slam_navigation
byte-compiling /home/ec24136/ROS2_CICD/ros2_ws/install/slam_navigation/lib/python3.12/site-packages/slam_navigation/__init__.py to __init__.cpython-312.pyc
byte-compiling /home/ec24136/ROS2_CICD/ros2_ws/install/slam_navigation/lib/python3.12/site-packages/slam_navigation/slam_node.py to slam_node.cpython-312.pyc
running install_data
creating /home/ec24136/ROS2_CICD/ros2_ws/install/slam_navigation/share/ament_index
creating /home/ec24136/ROS2_CICD/ros2_ws/install/slam_navigation/share/ament_index/resource_index
creating /home/ec24136/ROS2_CICD/ros2_ws/install/slam_navigation/share/ament_index/resource_index/packages
copying resource/slam_navigation -> /home/ec24136/ROS2_CICD/ros2_ws/install/slam_navigation/share/ament_index/resource_index/packages
copying package.xml -> /home/ec24136/ROS2_CICD/ros2_ws/install/slam_navigation/share/slam_navigation
running install_egg_info
Copying ../../build/slam_navigation/slam_navigation.egg-info to /home/ec24136/ROS2_CICD/ros2_ws/install/slam_navigation/lib/python3.12/site-packages/slam_navigation-0.0.0-py3.12.egg-info
running install_scripts
writing list of installed files to '/home/ec24136/ROS2_CICD/ros2_ws/build/slam_navigation/install.log'
