[1.168s] Invoking command in '/home/ec24136/ROS2_CICD/ros2_ws/src/slam_navigation': PYTHONPATH=/home/ec24136/ROS2_CICD/ros2_ws/build/slam_navigation/prefix_override:/usr/lib/python3/dist-packages/colcon_core/task/python/colcon_distutils_commands:/home/ec24136/ROS2_CICD/ros2_ws/install/slam_navigation/lib/python3.12/site-packages:${PYTHONPATH} /usr/bin/python3 -W ignore:setup.py install is deprecated -W ignore:easy_install command is deprecated setup.py egg_info --egg-base ../../build/slam_navigation build --build-base /home/ec24136/ROS2_CICD/ros2_ws/build/slam_navigation/build install --record /home/ec24136/ROS2_CICD/ros2_ws/build/slam_navigation/install.log --single-version-externally-managed install_data
[1.532s] running egg_info
[1.534s] creating ../../build/slam_navigation/slam_navigation.egg-info
[1.555s] writing ../../build/slam_navigation/slam_navigation.egg-info/PKG-INFO
[1.556s] writing dependency_links to ../../build/slam_navigation/slam_navigation.egg-info/dependency_links.txt
[1.557s] writing requirements to ../../build/slam_navigation/slam_navigation.egg-info/requires.txt
[1.557s] writing top-level names to ../../build/slam_navigation/slam_navigation.egg-info/top_level.txt
[1.557s] writing manifest file '../../build/slam_navigation/slam_navigation.egg-info/SOURCES.txt'
[1.601s] reading manifest file '../../build/slam_navigation/slam_navigation.egg-info/SOURCES.txt'
[1.602s] writing manifest file '../../build/slam_navigation/slam_navigation.egg-info/SOURCES.txt'
[1.604s] running build
[1.604s] running build_py
[1.604s] creating /home/ec24136/ROS2_CICD/ros2_ws/build/slam_navigation/build
[1.605s] creating /home/ec24136/ROS2_CICD/ros2_ws/build/slam_navigation/build/lib
[1.605s] creating /home/ec24136/ROS2_CICD/ros2_ws/build/slam_navigation/build/lib/slam_navigation
[1.606s] copying slam_navigation/__init__.py -> /home/ec24136/ROS2_CICD/ros2_ws/build/slam_navigation/build/lib/slam_navigation
[1.607s] copying slam_navigation/slam_node.py -> /home/ec24136/ROS2_CICD/ros2_ws/build/slam_navigation/build/lib/slam_navigation
[1.607s] running install
[1.617s] running install_lib
[1.637s] creating /home/ec24136/ROS2_CICD/ros2_ws/install/slam_navigation/lib/python3.12/site-packages/slam_navigation
[1.638s] copying /home/ec24136/ROS2_CICD/ros2_ws/build/slam_navigation/build/lib/slam_navigation/__init__.py -> /home/ec24136/ROS2_CICD/ros2_ws/install/slam_navigation/lib/python3.12/site-packages/slam_navigation
[1.639s] copying /home/ec24136/ROS2_CICD/ros2_ws/build/slam_navigation/build/lib/slam_navigation/slam_node.py -> /home/ec24136/ROS2_CICD/ros2_ws/install/slam_navigation/lib/python3.12/site-packages/slam_navigation
[1.639s] byte-compiling /home/ec24136/ROS2_CICD/ros2_ws/install/slam_navigation/lib/python3.12/site-packages/slam_navigation/__init__.py to __init__.cpython-312.pyc
[1.640s] byte-compiling /home/ec24136/ROS2_CICD/ros2_ws/install/slam_navigation/lib/python3.12/site-packages/slam_navigation/slam_node.py to slam_node.cpython-312.pyc
[1.641s] running install_data
[1.641s] creating /home/ec24136/ROS2_CICD/ros2_ws/install/slam_navigation/share/ament_index
[1.642s] creating /home/ec24136/ROS2_CICD/ros2_ws/install/slam_navigation/share/ament_index/resource_index
[1.642s] creating /home/ec24136/ROS2_CICD/ros2_ws/install/slam_navigation/share/ament_index/resource_index/packages
[1.643s] copying resource/slam_navigation -> /home/ec24136/ROS2_CICD/ros2_ws/install/slam_navigation/share/ament_index/resource_index/packages
[1.643s] copying package.xml -> /home/ec24136/ROS2_CICD/ros2_ws/install/slam_navigation/share/slam_navigation
[1.644s] running install_egg_info
[1.666s] Copying ../../build/slam_navigation/slam_navigation.egg-info to /home/ec24136/ROS2_CICD/ros2_ws/install/slam_navigation/lib/python3.12/site-packages/slam_navigation-0.0.0-py3.12.egg-info
[1.668s] running install_scripts
[1.824s] writing list of installed files to '/home/ec24136/ROS2_CICD/ros2_ws/build/slam_navigation/install.log'
[1.878s] Invoked command in '/home/ec24136/ROS2_CICD/ros2_ws/src/slam_navigation' returned '0': PYTHONPATH=/home/ec24136/ROS2_CICD/ros2_ws/build/slam_navigation/prefix_override:/usr/lib/python3/dist-packages/colcon_core/task/python/colcon_distutils_commands:/home/ec24136/ROS2_CICD/ros2_ws/install/slam_navigation/lib/python3.12/site-packages:${PYTHONPATH} /usr/bin/python3 -W ignore:setup.py install is deprecated -W ignore:easy_install command is deprecated setup.py egg_info --egg-base ../../build/slam_navigation build --build-base /home/ec24136/ROS2_CICD/ros2_ws/build/slam_navigation/build install --record /home/ec24136/ROS2_CICD/ros2_ws/build/slam_navigation/install.log --single-version-externally-managed install_data
