[1.181s] Invoking command in '/home/ec24136/ROS2_CICD/ros2_ws/src/sim_demo': PYTHONPATH=/home/ec24136/ROS2_CICD/ros2_ws/build/sim_demo/prefix_override:/usr/lib/python3/dist-packages/colcon_core/task/python/colcon_distutils_commands:/home/ec24136/ROS2_CICD/ros2_ws/install/sim_demo/lib/python3.12/site-packages:${PYTHONPATH} /usr/bin/python3 -W ignore:setup.py install is deprecated -W ignore:easy_install command is deprecated setup.py egg_info --egg-base ../../build/sim_demo build --build-base /home/ec24136/ROS2_CICD/ros2_ws/build/sim_demo/build install --record /home/ec24136/ROS2_CICD/ros2_ws/build/sim_demo/install.log --single-version-externally-managed install_data
[1.573s] running egg_info
[1.594s] writing ../../build/sim_demo/sim_demo.egg-info/PKG-INFO
[1.596s] writing dependency_links to ../../build/sim_demo/sim_demo.egg-info/dependency_links.txt
[1.596s] writing entry points to ../../build/sim_demo/sim_demo.egg-info/entry_points.txt
[1.597s] writing requirements to ../../build/sim_demo/sim_demo.egg-info/requires.txt
[1.597s] writing top-level names to ../../build/sim_demo/sim_demo.egg-info/top_level.txt
[1.644s] reading manifest file '../../build/sim_demo/sim_demo.egg-info/SOURCES.txt'
[1.646s] writing manifest file '../../build/sim_demo/sim_demo.egg-info/SOURCES.txt'
[1.646s] running build
[1.646s] running build_py
[1.649s] running install
[1.658s] running install_lib
[1.680s] running install_data
[1.682s] copying launch/webots_sim.launch.py -> /home/ec24136/ROS2_CICD/ros2_ws/install/sim_demo/share/sim_demo/launch
[1.682s] running install_egg_info
[1.709s] removing '/home/ec24136/ROS2_CICD/ros2_ws/install/sim_demo/lib/python3.12/site-packages/sim_demo-0.0.0-py3.12.egg-info' (and everything under it)
[1.709s] Copying ../../build/sim_demo/sim_demo.egg-info to /home/ec24136/ROS2_CICD/ros2_ws/install/sim_demo/lib/python3.12/site-packages/sim_demo-0.0.0-py3.12.egg-info
[1.709s] running install_scripts
[1.877s] Installing sim_demo script to /home/ec24136/ROS2_CICD/ros2_ws/install/sim_demo/lib/sim_demo
[1.879s] writing list of installed files to '/home/ec24136/ROS2_CICD/ros2_ws/build/sim_demo/install.log'
[1.939s] Invoked command in '/home/ec24136/ROS2_CICD/ros2_ws/src/sim_demo' returned '0': PYTHONPATH=/home/ec24136/ROS2_CICD/ros2_ws/build/sim_demo/prefix_override:/usr/lib/python3/dist-packages/colcon_core/task/python/colcon_distutils_commands:/home/ec24136/ROS2_CICD/ros2_ws/install/sim_demo/lib/python3.12/site-packages:${PYTHONPATH} /usr/bin/python3 -W ignore:setup.py install is deprecated -W ignore:easy_install command is deprecated setup.py egg_info --egg-base ../../build/sim_demo build --build-base /home/ec24136/ROS2_CICD/ros2_ws/build/sim_demo/build install --record /home/ec24136/ROS2_CICD/ros2_ws/build/sim_demo/install.log --single-version-externally-managed install_data
