[0.370s] DEBUG:colcon:Command line arguments: ['/usr/bin/colcon', 'build']
[0.370s] DEBUG:colcon:Parsed command line arguments: Namespace(log_base=None, log_level=None, verb_name='build', build_base='build', install_base='install', merge_install=False, symlink_install=False, test_result_base=None, continue_on_error=False, executor='parallel', parallel_workers=2, event_handlers=None, ignore_user_meta=False, metas=['./colcon.meta'], base_paths=['.'], packages_ignore=None, packages_ignore_regex=None, paths=None, packages_up_to=None, packages_up_to_regex=None, packages_above=None, packages_above_and_dependencies=None, packages_above_depth=None, packages_select_by_dep=None, packages_skip_by_dep=None, packages_skip_up_to=None, packages_select_build_failed=False, packages_skip_build_finished=False, packages_select_test_failures=False, packages_skip_test_passed=False, packages_select=None, packages_skip=None, packages_select_regex=None, packages_skip_regex=None, packages_start=None, packages_end=None, allow_overriding=[], cmake_args=None, cmake_target=None, cmake_target_skip_unavailable=False, cmake_clean_cache=False, cmake_clean_first=False, cmake_force_configure=False, ament_cmake_args=None, catkin_cmake_args=None, catkin_skip_building_tests=False, verb_parser=<colcon_defaults.argument_parser.defaults.DefaultArgumentsDecorator object at 0x752e31552270>, verb_extension=<colcon_core.verb.build.BuildVerb object at 0x752e316c3f50>, main=<bound method BuildVerb.main of <colcon_core.verb.build.BuildVerb object at 0x752e316c3f50>>)
[0.474s] Level 1:colcon.colcon_core.package_discovery:discover_packages(colcon_meta) check parameters
[0.474s] Level 1:colcon.colcon_core.package_discovery:discover_packages(recursive) check parameters
[0.475s] Level 1:colcon.colcon_core.package_discovery:discover_packages(ignore) check parameters
[0.475s] Level 1:colcon.colcon_core.package_discovery:discover_packages(path) check parameters
[0.475s] Level 1:colcon.colcon_core.package_discovery:discover_packages(colcon_meta) discover
[0.475s] Level 1:colcon.colcon_core.package_discovery:discover_packages(recursive) discover
[0.475s] INFO:colcon.colcon_core.package_discovery:Crawling recursively for packages in '/home/ec24136/ROS2_CICD/ros2_ws'
[0.475s] Level 1:colcon.colcon_core.package_identification:_identify(.) by extensions ['ignore', 'ignore_ament_install']
[0.476s] Level 1:colcon.colcon_core.package_identification:_identify(.) by extension 'ignore'
[0.476s] Level 1:colcon.colcon_core.package_identification:_identify(.) by extension 'ignore_ament_install'
[0.476s] Level 1:colcon.colcon_core.package_identification:_identify(.) by extensions ['colcon_pkg']
[0.476s] Level 1:colcon.colcon_core.package_identification:_identify(.) by extension 'colcon_pkg'
[0.476s] Level 1:colcon.colcon_core.package_identification:_identify(.) by extensions ['colcon_meta']
[0.476s] Level 1:colcon.colcon_core.package_identification:_identify(.) by extension 'colcon_meta'
[0.476s] Level 1:colcon.colcon_core.package_identification:_identify(.) by extensions ['ros']
[0.476s] Level 1:colcon.colcon_core.package_identification:_identify(.) by extension 'ros'
[0.572s] Level 1:colcon.colcon_core.package_identification:_identify(.) by extensions ['cmake', 'python']
[0.572s] Level 1:colcon.colcon_core.package_identification:_identify(.) by extension 'cmake'
[0.572s] Level 1:colcon.colcon_core.package_identification:_identify(.) by extension 'python'
[0.572s] Level 1:colcon.colcon_core.package_identification:_identify(.) by extensions ['python_setup_py']
[0.572s] Level 1:colcon.colcon_core.package_identification:_identify(.) by extension 'python_setup_py'
[0.572s] Level 1:colcon.colcon_core.package_identification:_identify(build) by extensions ['ignore', 'ignore_ament_install']
[0.573s] Level 1:colcon.colcon_core.package_identification:_identify(build) by extension 'ignore'
[0.573s] Level 1:colcon.colcon_core.package_identification:_identify(build) ignored
[0.573s] Level 1:colcon.colcon_core.package_identification:_identify(install) by extensions ['ignore', 'ignore_ament_install']
[0.573s] Level 1:colcon.colcon_core.package_identification:_identify(install) by extension 'ignore'
[0.573s] Level 1:colcon.colcon_core.package_identification:_identify(install) ignored
[0.573s] Level 1:colcon.colcon_core.package_identification:_identify(log) by extensions ['ignore', 'ignore_ament_install']
[0.573s] Level 1:colcon.colcon_core.package_identification:_identify(log) by extension 'ignore'
[0.573s] Level 1:colcon.colcon_core.package_identification:_identify(log) ignored
[0.574s] Level 1:colcon.colcon_core.package_identification:_identify(src) by extensions ['ignore', 'ignore_ament_install']
[0.574s] Level 1:colcon.colcon_core.package_identification:_identify(src) by extension 'ignore'
[0.574s] Level 1:colcon.colcon_core.package_identification:_identify(src) by extension 'ignore_ament_install'
[0.574s] Level 1:colcon.colcon_core.package_identification:_identify(src) by extensions ['colcon_pkg']
[0.574s] Level 1:colcon.colcon_core.package_identification:_identify(src) by extension 'colcon_pkg'
[0.574s] Level 1:colcon.colcon_core.package_identification:_identify(src) by extensions ['colcon_meta']
[0.574s] Level 1:colcon.colcon_core.package_identification:_identify(src) by extension 'colcon_meta'
[0.574s] Level 1:colcon.colcon_core.package_identification:_identify(src) by extensions ['ros']
[0.574s] Level 1:colcon.colcon_core.package_identification:_identify(src) by extension 'ros'
[0.574s] Level 1:colcon.colcon_core.package_identification:_identify(src) by extensions ['cmake', 'python']
[0.574s] Level 1:colcon.colcon_core.package_identification:_identify(src) by extension 'cmake'
[0.574s] Level 1:colcon.colcon_core.package_identification:_identify(src) by extension 'python'
[0.574s] Level 1:colcon.colcon_core.package_identification:_identify(src) by extensions ['python_setup_py']
[0.574s] Level 1:colcon.colcon_core.package_identification:_identify(src) by extension 'python_setup_py'
[0.575s] Level 1:colcon.colcon_core.package_identification:_identify(src/hello_pipeline_cpp) by extensions ['ignore', 'ignore_ament_install']
[0.575s] Level 1:colcon.colcon_core.package_identification:_identify(src/hello_pipeline_cpp) by extension 'ignore'
[0.575s] Level 1:colcon.colcon_core.package_identification:_identify(src/hello_pipeline_cpp) by extension 'ignore_ament_install'
[0.575s] Level 1:colcon.colcon_core.package_identification:_identify(src/hello_pipeline_cpp) by extensions ['colcon_pkg']
[0.575s] Level 1:colcon.colcon_core.package_identification:_identify(src/hello_pipeline_cpp) by extension 'colcon_pkg'
[0.575s] Level 1:colcon.colcon_core.package_identification:_identify(src/hello_pipeline_cpp) by extensions ['colcon_meta']
[0.575s] Level 1:colcon.colcon_core.package_identification:_identify(src/hello_pipeline_cpp) by extension 'colcon_meta'
[0.575s] Level 1:colcon.colcon_core.package_identification:_identify(src/hello_pipeline_cpp) by extensions ['ros']
[0.575s] Level 1:colcon.colcon_core.package_identification:_identify(src/hello_pipeline_cpp) by extension 'ros'
[0.581s] DEBUG:colcon.colcon_core.package_identification:Package 'src/hello_pipeline_cpp' with type 'ros.ament_cmake' and name 'hello_pipeline_cpp'
[0.581s] Level 1:colcon.colcon_core.package_identification:_identify(src/ros2_observability) by extensions ['ignore', 'ignore_ament_install']
[0.581s] Level 1:colcon.colcon_core.package_identification:_identify(src/ros2_observability) by extension 'ignore'
[0.581s] Level 1:colcon.colcon_core.package_identification:_identify(src/ros2_observability) by extension 'ignore_ament_install'
[0.582s] Level 1:colcon.colcon_core.package_identification:_identify(src/ros2_observability) by extensions ['colcon_pkg']
[0.582s] Level 1:colcon.colcon_core.package_identification:_identify(src/ros2_observability) by extension 'colcon_pkg'
[0.582s] Level 1:colcon.colcon_core.package_identification:_identify(src/ros2_observability) by extensions ['colcon_meta']
[0.582s] Level 1:colcon.colcon_core.package_identification:_identify(src/ros2_observability) by extension 'colcon_meta'
[0.582s] Level 1:colcon.colcon_core.package_identification:_identify(src/ros2_observability) by extensions ['ros']
[0.582s] Level 1:colcon.colcon_core.package_identification:_identify(src/ros2_observability) by extension 'ros'
[0.584s] DEBUG:colcon.colcon_core.package_identification:Package 'src/ros2_observability' with type 'ros.ament_python' and name 'ros2_observability'
[0.584s] Level 1:colcon.colcon_core.package_identification:_identify(src/sim_demo) by extensions ['ignore', 'ignore_ament_install']
[0.584s] Level 1:colcon.colcon_core.package_identification:_identify(src/sim_demo) by extension 'ignore'
[0.585s] Level 1:colcon.colcon_core.package_identification:_identify(src/sim_demo) by extension 'ignore_ament_install'
[0.585s] Level 1:colcon.colcon_core.package_identification:_identify(src/sim_demo) by extensions ['colcon_pkg']
[0.585s] Level 1:colcon.colcon_core.package_identification:_identify(src/sim_demo) by extension 'colcon_pkg'
[0.585s] Level 1:colcon.colcon_core.package_identification:_identify(src/sim_demo) by extensions ['colcon_meta']
[0.585s] Level 1:colcon.colcon_core.package_identification:_identify(src/sim_demo) by extension 'colcon_meta'
[0.585s] Level 1:colcon.colcon_core.package_identification:_identify(src/sim_demo) by extensions ['ros']
[0.585s] Level 1:colcon.colcon_core.package_identification:_identify(src/sim_demo) by extension 'ros'
[0.586s] DEBUG:colcon.colcon_core.package_identification:Package 'src/sim_demo' with type 'ros.ament_python' and name 'sim_demo'
[0.586s] Level 1:colcon.colcon_core.package_discovery:discover_packages(recursive) using defaults
[0.586s] Level 1:colcon.colcon_core.package_discovery:discover_packages(ignore) discover
[0.586s] Level 1:colcon.colcon_core.package_discovery:discover_packages(ignore) using defaults
[0.586s] Level 1:colcon.colcon_core.package_discovery:discover_packages(path) discover
[0.586s] Level 1:colcon.colcon_core.package_discovery:discover_packages(path) using defaults
[0.651s] Level 1:colcon.colcon_core.package_discovery:discover_packages(prefix_path) check parameters
[0.651s] Level 1:colcon.colcon_core.package_discovery:discover_packages(prefix_path) discover
[0.654s] WARNING:colcon.colcon_ros.prefix_path.ament:The path '/home/ec24136/ROS2_CICD/ros2_ws/install/sim_demo' in the environment variable AMENT_PREFIX_PATH doesn't exist
[0.654s] WARNING:colcon.colcon_ros.prefix_path.ament:The path '/home/ec24136/ROS2_CICD/ros2_ws/install/ros2_observability' in the environment variable AMENT_PREFIX_PATH doesn't exist
[0.654s] WARNING:colcon.colcon_ros.prefix_path.ament:The path '/home/ec24136/ROS2_CICD/ros2_ws/install/hello_pipeline_cpp' in the environment variable AMENT_PREFIX_PATH doesn't exist
[0.654s] WARNING:colcon.colcon_ros.prefix_path.catkin:The path '/home/ec24136/ROS2_CICD/ros2_ws/install/hello_pipeline_cpp' in the environment variable CMAKE_PREFIX_PATH doesn't exist
[0.656s] DEBUG:colcon.colcon_installed_package_information.package_discovery:Found 0 installed packages in /home/ec24136/ROS2_CICD/ros2_ws/install
[0.659s] DEBUG:colcon.colcon_installed_package_information.package_discovery:Found 192 installed packages in /opt/ros/jazzy
[0.660s] Level 1:colcon.colcon_core.package_discovery:discover_packages(prefix_path) using defaults
[0.727s] Level 5:colcon.colcon_core.verb:set package 'hello_pipeline_cpp' build argument 'cmake_args' from command line to 'None'
[0.727s] Level 5:colcon.colcon_core.verb:set package 'hello_pipeline_cpp' build argument 'cmake_target' from command line to 'None'
[0.727s] Level 5:colcon.colcon_core.verb:set package 'hello_pipeline_cpp' build argument 'cmake_target_skip_unavailable' from command line to 'False'
[0.728s] Level 5:colcon.colcon_core.verb:set package 'hello_pipeline_cpp' build argument 'cmake_clean_cache' from command line to 'False'
[0.728s] Level 5:colcon.colcon_core.verb:set package 'hello_pipeline_cpp' build argument 'cmake_clean_first' from command line to 'False'
[0.728s] Level 5:colcon.colcon_core.verb:set package 'hello_pipeline_cpp' build argument 'cmake_force_configure' from command line to 'False'
[0.728s] Level 5:colcon.colcon_core.verb:set package 'hello_pipeline_cpp' build argument 'ament_cmake_args' from command line to 'None'
[0.728s] Level 5:colcon.colcon_core.verb:set package 'hello_pipeline_cpp' build argument 'catkin_cmake_args' from command line to 'None'
[0.728s] Level 5:colcon.colcon_core.verb:set package 'hello_pipeline_cpp' build argument 'catkin_skip_building_tests' from command line to 'False'
[0.728s] DEBUG:colcon.colcon_core.verb:Building package 'hello_pipeline_cpp' with the following arguments: {'ament_cmake_args': None, 'build_base': '/home/ec24136/ROS2_CICD/ros2_ws/build/hello_pipeline_cpp', 'catkin_cmake_args': None, 'catkin_skip_building_tests': False, 'cmake_args': None, 'cmake_clean_cache': False, 'cmake_clean_first': False, 'cmake_force_configure': False, 'cmake_target': None, 'cmake_target_skip_unavailable': False, 'install_base': '/home/ec24136/ROS2_CICD/ros2_ws/install/hello_pipeline_cpp', 'merge_install': False, 'path': '/home/ec24136/ROS2_CICD/ros2_ws/src/hello_pipeline_cpp', 'symlink_install': False, 'test_result_base': None}
[0.729s] Level 5:colcon.colcon_core.verb:set package 'ros2_observability' build argument 'cmake_args' from command line to 'None'
[0.729s] Level 5:colcon.colcon_core.verb:set package 'ros2_observability' build argument 'cmake_target' from command line to 'None'
[0.729s] Level 5:colcon.colcon_core.verb:set package 'ros2_observability' build argument 'cmake_target_skip_unavailable' from command line to 'False'
[0.729s] Level 5:colcon.colcon_core.verb:set package 'ros2_observability' build argument 'cmake_clean_cache' from command line to 'False'
[0.729s] Level 5:colcon.colcon_core.verb:set package 'ros2_observability' build argument 'cmake_clean_first' from command line to 'False'
[0.729s] Level 5:colcon.colcon_core.verb:set package 'ros2_observability' build argument 'cmake_force_configure' from command line to 'False'
[0.729s] Level 5:colcon.colcon_core.verb:set package 'ros2_observability' build argument 'ament_cmake_args' from command line to 'None'
[0.729s] Level 5:colcon.colcon_core.verb:set package 'ros2_observability' build argument 'catkin_cmake_args' from command line to 'None'
[0.729s] Level 5:colcon.colcon_core.verb:set package 'ros2_observability' build argument 'catkin_skip_building_tests' from command line to 'False'
[0.729s] DEBUG:colcon.colcon_core.verb:Building package 'ros2_observability' with the following arguments: {'ament_cmake_args': None, 'build_base': '/home/ec24136/ROS2_CICD/ros2_ws/build/ros2_observability', 'catkin_cmake_args': None, 'catkin_skip_building_tests': False, 'cmake_args': None, 'cmake_clean_cache': False, 'cmake_clean_first': False, 'cmake_force_configure': False, 'cmake_target': None, 'cmake_target_skip_unavailable': False, 'install_base': '/home/ec24136/ROS2_CICD/ros2_ws/install/ros2_observability', 'merge_install': False, 'path': '/home/ec24136/ROS2_CICD/ros2_ws/src/ros2_observability', 'symlink_install': False, 'test_result_base': None}
[0.730s] Level 5:colcon.colcon_core.verb:set package 'sim_demo' build argument 'cmake_args' from command line to 'None'
[0.730s] Level 5:colcon.colcon_core.verb:set package 'sim_demo' build argument 'cmake_target' from command line to 'None'
[0.730s] Level 5:colcon.colcon_core.verb:set package 'sim_demo' build argument 'cmake_target_skip_unavailable' from command line to 'False'
[0.730s] Level 5:colcon.colcon_core.verb:set package 'sim_demo' build argument 'cmake_clean_cache' from command line to 'False'
[0.730s] Level 5:colcon.colcon_core.verb:set package 'sim_demo' build argument 'cmake_clean_first' from command line to 'False'
[0.730s] Level 5:colcon.colcon_core.verb:set package 'sim_demo' build argument 'cmake_force_configure' from command line to 'False'
[0.730s] Level 5:colcon.colcon_core.verb:set package 'sim_demo' build argument 'ament_cmake_args' from command line to 'None'
[0.730s] Level 5:colcon.colcon_core.verb:set package 'sim_demo' build argument 'catkin_cmake_args' from command line to 'None'
[0.730s] Level 5:colcon.colcon_core.verb:set package 'sim_demo' build argument 'catkin_skip_building_tests' from command line to 'False'
[0.730s] DEBUG:colcon.colcon_core.verb:Building package 'sim_demo' with the following arguments: {'ament_cmake_args': None, 'build_base': '/home/ec24136/ROS2_CICD/ros2_ws/build/sim_demo', 'catkin_cmake_args': None, 'catkin_skip_building_tests': False, 'cmake_args': None, 'cmake_clean_cache': False, 'cmake_clean_first': False, 'cmake_force_configure': False, 'cmake_target': None, 'cmake_target_skip_unavailable': False, 'install_base': '/home/ec24136/ROS2_CICD/ros2_ws/install/sim_demo', 'merge_install': False, 'path': '/home/ec24136/ROS2_CICD/ros2_ws/src/sim_demo', 'symlink_install': False, 'test_result_base': None}
[0.730s] INFO:colcon.colcon_core.executor:Executing jobs using 'parallel' executor
[0.733s] DEBUG:colcon.colcon_parallel_executor.executor.parallel:run_until_complete
[0.735s] INFO:colcon.colcon_ros.task.ament_cmake.build:Building ROS package in '/home/ec24136/ROS2_CICD/ros2_ws/src/hello_pipeline_cpp' with build type 'ament_cmake'
[0.735s] INFO:colcon.colcon_cmake.task.cmake.build:Building CMake package in '/home/ec24136/ROS2_CICD/ros2_ws/src/hello_pipeline_cpp'
[0.739s] INFO:colcon.colcon_core.plugin_system:Skipping extension 'colcon_core.shell.bat': Not used on non-Windows systems
[0.739s] INFO:colcon.colcon_core.shell:Skip shell extension 'powershell' for command environment: Not usable outside of PowerShell
[0.739s] DEBUG:colcon.colcon_core.shell:Skip shell extension 'dsv' for command environment
[0.746s] INFO:colcon.colcon_ros.task.ament_python.build:Building ROS package in '/home/ec24136/ROS2_CICD/ros2_ws/src/ros2_observability' with build type 'ament_python'
[0.746s] Level 1:colcon.colcon_core.shell:create_environment_hook('ros2_observability', 'ament_prefix_path')
[0.747s] INFO:colcon.colcon_core.shell:Creating environment hook '/home/ec24136/ROS2_CICD/ros2_ws/install/ros2_observability/share/ros2_observability/hook/ament_prefix_path.ps1'
[0.749s] INFO:colcon.colcon_core.shell:Creating environment descriptor '/home/ec24136/ROS2_CICD/ros2_ws/install/ros2_observability/share/ros2_observability/hook/ament_prefix_path.dsv'
[0.750s] INFO:colcon.colcon_core.shell:Creating environment hook '/home/ec24136/ROS2_CICD/ros2_ws/install/ros2_observability/share/ros2_observability/hook/ament_prefix_path.sh'
[0.751s] INFO:colcon.colcon_core.shell:Skip shell extension 'powershell' for command environment: Not usable outside of PowerShell
[0.751s] DEBUG:colcon.colcon_core.shell:Skip shell extension 'dsv' for command environment
[0.768s] DEBUG:colcon.colcon_core.event_handler.log_command:Invoking command in '/home/ec24136/ROS2_CICD/ros2_ws/build/hello_pipeline_cpp': CMAKE_PREFIX_PATH=${CMAKE_PREFIX_PATH}:/home/ec24136/ROS2_CICD/ros2_ws/install/sim_demo:/home/ec24136/ROS2_CICD/ros2_ws/install/ros2_observability:/opt/ros/jazzy /usr/bin/cmake /home/ec24136/ROS2_CICD/ros2_ws/src/hello_pipeline_cpp -DCMAKE_INSTALL_PREFIX=/home/ec24136/ROS2_CICD/ros2_ws/install/hello_pipeline_cpp
[1.340s] INFO:colcon.colcon_core.task.python.build:Building Python package in '/home/ec24136/ROS2_CICD/ros2_ws/src/ros2_observability'
[1.341s] INFO:colcon.colcon_core.shell:Skip shell extension 'powershell' for command environment: Not usable outside of PowerShell
[1.341s] DEBUG:colcon.colcon_core.shell:Skip shell extension 'dsv' for command environment
[2.679s] DEBUG:colcon.colcon_core.event_handler.log_command:Invoking command in '/home/ec24136/ROS2_CICD/ros2_ws/src/ros2_observability': PYTHONPATH=/home/ec24136/ROS2_CICD/ros2_ws/build/ros2_observability/prefix_override:/usr/lib/python3/dist-packages/colcon_core/task/python/colcon_distutils_commands:/home/ec24136/ROS2_CICD/ros2_ws/install/ros2_observability/lib/python3.12/site-packages:${PYTHONPATH} /usr/bin/python3 -W ignore:setup.py install is deprecated -W ignore:easy_install command is deprecated setup.py egg_info --egg-base ../../build/ros2_observability build --build-base /home/ec24136/ROS2_CICD/ros2_ws/build/ros2_observability/build install --record /home/ec24136/ROS2_CICD/ros2_ws/build/ros2_observability/install.log --single-version-externally-managed install_data
[3.846s] DEBUG:colcon.colcon_core.event_handler.log_command:Invoked command in '/home/ec24136/ROS2_CICD/ros2_ws/build/hello_pipeline_cpp' returned '0': CMAKE_PREFIX_PATH=${CMAKE_PREFIX_PATH}:/home/ec24136/ROS2_CICD/ros2_ws/install/sim_demo:/home/ec24136/ROS2_CICD/ros2_ws/install/ros2_observability:/opt/ros/jazzy /usr/bin/cmake /home/ec24136/ROS2_CICD/ros2_ws/src/hello_pipeline_cpp -DCMAKE_INSTALL_PREFIX=/home/ec24136/ROS2_CICD/ros2_ws/install/hello_pipeline_cpp
[3.849s] DEBUG:colcon.colcon_core.event_handler.log_command:Invoking command in '/home/ec24136/ROS2_CICD/ros2_ws/build/hello_pipeline_cpp': CMAKE_PREFIX_PATH=${CMAKE_PREFIX_PATH}:/home/ec24136/ROS2_CICD/ros2_ws/install/sim_demo:/home/ec24136/ROS2_CICD/ros2_ws/install/ros2_observability:/opt/ros/jazzy /usr/bin/cmake --build /home/ec24136/ROS2_CICD/ros2_ws/build/hello_pipeline_cpp -- -j2 -l2
[3.958s] DEBUG:colcon.colcon_core.event_handler.log_command:Invoked command in '/home/ec24136/ROS2_CICD/ros2_ws/src/ros2_observability' returned '0': PYTHONPATH=/home/ec24136/ROS2_CICD/ros2_ws/build/ros2_observability/prefix_override:/usr/lib/python3/dist-packages/colcon_core/task/python/colcon_distutils_commands:/home/ec24136/ROS2_CICD/ros2_ws/install/ros2_observability/lib/python3.12/site-packages:${PYTHONPATH} /usr/bin/python3 -W ignore:setup.py install is deprecated -W ignore:easy_install command is deprecated setup.py egg_info --egg-base ../../build/ros2_observability build --build-base /home/ec24136/ROS2_CICD/ros2_ws/build/ros2_observability/build install --record /home/ec24136/ROS2_CICD/ros2_ws/build/ros2_observability/install.log --single-version-externally-managed install_data
[3.964s] Level 1:colcon.colcon_core.environment:checking '/home/ec24136/ROS2_CICD/ros2_ws/install/ros2_observability' for CMake module files
[3.965s] Level 1:colcon.colcon_core.environment:checking '/home/ec24136/ROS2_CICD/ros2_ws/install/ros2_observability' for CMake config files
[3.967s] Level 1:colcon.colcon_core.environment:checking '/home/ec24136/ROS2_CICD/ros2_ws/install/ros2_observability/lib'
[3.968s] Level 1:colcon.colcon_core.environment:checking '/home/ec24136/ROS2_CICD/ros2_ws/install/ros2_observability/bin'
[3.968s] Level 1:colcon.colcon_core.environment:checking '/home/ec24136/ROS2_CICD/ros2_ws/install/ros2_observability/lib/pkgconfig/ros2_observability.pc'
[3.969s] Level 1:colcon.colcon_core.environment:checking '/home/ec24136/ROS2_CICD/ros2_ws/install/ros2_observability/lib/python3.12/site-packages'
[3.969s] Level 1:colcon.colcon_core.shell:create_environment_hook('ros2_observability', 'pythonpath')
[3.969s] INFO:colcon.colcon_core.shell:Creating environment hook '/home/ec24136/ROS2_CICD/ros2_ws/install/ros2_observability/share/ros2_observability/hook/pythonpath.ps1'
[3.970s] INFO:colcon.colcon_core.shell:Creating environment descriptor '/home/ec24136/ROS2_CICD/ros2_ws/install/ros2_observability/share/ros2_observability/hook/pythonpath.dsv'
[3.971s] INFO:colcon.colcon_core.shell:Creating environment hook '/home/ec24136/ROS2_CICD/ros2_ws/install/ros2_observability/share/ros2_observability/hook/pythonpath.sh'
[3.972s] Level 1:colcon.colcon_core.environment:checking '/home/ec24136/ROS2_CICD/ros2_ws/install/ros2_observability/bin'
[3.973s] Level 1:colcon.colcon_core.environment:create_environment_scripts_only(ros2_observability)
[3.974s] INFO:colcon.colcon_core.shell:Creating package script '/home/ec24136/ROS2_CICD/ros2_ws/install/ros2_observability/share/ros2_observability/package.ps1'
[3.976s] INFO:colcon.colcon_core.shell:Creating package descriptor '/home/ec24136/ROS2_CICD/ros2_ws/install/ros2_observability/share/ros2_observability/package.dsv'
[3.977s] INFO:colcon.colcon_core.shell:Creating package script '/home/ec24136/ROS2_CICD/ros2_ws/install/ros2_observability/share/ros2_observability/package.sh'
[3.979s] INFO:colcon.colcon_core.shell:Creating package script '/home/ec24136/ROS2_CICD/ros2_ws/install/ros2_observability/share/ros2_observability/package.bash'
[3.980s] INFO:colcon.colcon_core.shell:Creating package script '/home/ec24136/ROS2_CICD/ros2_ws/install/ros2_observability/share/ros2_observability/package.zsh'
[3.981s] Level 1:colcon.colcon_core.environment:create_file_with_runtime_dependencies(/home/ec24136/ROS2_CICD/ros2_ws/install/ros2_observability/share/colcon-core/packages/ros2_observability)
[3.982s] INFO:colcon.colcon_ros.task.ament_python.build:Building ROS package in '/home/ec24136/ROS2_CICD/ros2_ws/src/sim_demo' with build type 'ament_python'
[3.982s] Level 1:colcon.colcon_core.shell:create_environment_hook('sim_demo', 'ament_prefix_path')
[3.982s] INFO:colcon.colcon_core.shell:Creating environment hook '/home/ec24136/ROS2_CICD/ros2_ws/install/sim_demo/share/sim_demo/hook/ament_prefix_path.ps1'
[3.983s] INFO:colcon.colcon_core.shell:Creating environment descriptor '/home/ec24136/ROS2_CICD/ros2_ws/install/sim_demo/share/sim_demo/hook/ament_prefix_path.dsv'
[3.984s] INFO:colcon.colcon_core.shell:Creating environment hook '/home/ec24136/ROS2_CICD/ros2_ws/install/sim_demo/share/sim_demo/hook/ament_prefix_path.sh'
[3.986s] INFO:colcon.colcon_core.shell:Skip shell extension 'powershell' for command environment: Not usable outside of PowerShell
[3.986s] DEBUG:colcon.colcon_core.shell:Skip shell extension 'dsv' for command environment
[4.441s] INFO:colcon.colcon_core.task.python.build:Building Python package in '/home/ec24136/ROS2_CICD/ros2_ws/src/sim_demo'
[4.441s] INFO:colcon.colcon_core.shell:Skip shell extension 'powershell' for command environment: Not usable outside of PowerShell
[4.441s] DEBUG:colcon.colcon_core.shell:Skip shell extension 'dsv' for command environment
[4.447s] DEBUG:colcon.colcon_core.event_handler.log_command:Invoked command in '/home/ec24136/ROS2_CICD/ros2_ws/build/hello_pipeline_cpp' returned '0': CMAKE_PREFIX_PATH=${CMAKE_PREFIX_PATH}:/home/ec24136/ROS2_CICD/ros2_ws/install/sim_demo:/home/ec24136/ROS2_CICD/ros2_ws/install/ros2_observability:/opt/ros/jazzy /usr/bin/cmake --build /home/ec24136/ROS2_CICD/ros2_ws/build/hello_pipeline_cpp -- -j2 -l2
[4.465s] DEBUG:colcon.colcon_core.event_handler.log_command:Invoking command in '/home/ec24136/ROS2_CICD/ros2_ws/build/hello_pipeline_cpp': CMAKE_PREFIX_PATH=${CMAKE_PREFIX_PATH}:/home/ec24136/ROS2_CICD/ros2_ws/install/sim_demo:/home/ec24136/ROS2_CICD/ros2_ws/install/ros2_observability:/opt/ros/jazzy /usr/bin/cmake --install /home/ec24136/ROS2_CICD/ros2_ws/build/hello_pipeline_cpp
[4.499s] Level 1:colcon.colcon_core.environment:create_environment_scripts_only(hello_pipeline_cpp)
[4.500s] Level 1:colcon.colcon_core.environment:checking '/home/ec24136/ROS2_CICD/ros2_ws/install/hello_pipeline_cpp' for CMake module files
[4.502s] DEBUG:colcon.colcon_core.event_handler.log_command:Invoked command in '/home/ec24136/ROS2_CICD/ros2_ws/build/hello_pipeline_cpp' returned '0': CMAKE_PREFIX_PATH=${CMAKE_PREFIX_PATH}:/home/ec24136/ROS2_CICD/ros2_ws/install/sim_demo:/home/ec24136/ROS2_CICD/ros2_ws/install/ros2_observability:/opt/ros/jazzy /usr/bin/cmake --install /home/ec24136/ROS2_CICD/ros2_ws/build/hello_pipeline_cpp
[4.502s] Level 1:colcon.colcon_core.environment:checking '/home/ec24136/ROS2_CICD/ros2_ws/install/hello_pipeline_cpp' for CMake config files
[4.503s] Level 1:colcon.colcon_core.shell:create_environment_hook('hello_pipeline_cpp', 'cmake_prefix_path')
[4.503s] INFO:colcon.colcon_core.shell:Creating environment hook '/home/ec24136/ROS2_CICD/ros2_ws/install/hello_pipeline_cpp/share/hello_pipeline_cpp/hook/cmake_prefix_path.ps1'
[4.505s] INFO:colcon.colcon_core.shell:Creating environment descriptor '/home/ec24136/ROS2_CICD/ros2_ws/install/hello_pipeline_cpp/share/hello_pipeline_cpp/hook/cmake_prefix_path.dsv'
[4.505s] INFO:colcon.colcon_core.shell:Creating environment hook '/home/ec24136/ROS2_CICD/ros2_ws/install/hello_pipeline_cpp/share/hello_pipeline_cpp/hook/cmake_prefix_path.sh'
[4.507s] Level 1:colcon.colcon_core.environment:checking '/home/ec24136/ROS2_CICD/ros2_ws/install/hello_pipeline_cpp/lib'
[4.507s] Level 1:colcon.colcon_core.environment:checking '/home/ec24136/ROS2_CICD/ros2_ws/install/hello_pipeline_cpp/bin'
[4.507s] Level 1:colcon.colcon_core.environment:checking '/home/ec24136/ROS2_CICD/ros2_ws/install/hello_pipeline_cpp/lib/pkgconfig/hello_pipeline_cpp.pc'
[4.508s] Level 1:colcon.colcon_core.environment:checking '/home/ec24136/ROS2_CICD/ros2_ws/install/hello_pipeline_cpp/lib/python3.12/site-packages'
[4.509s] Level 1:colcon.colcon_core.environment:checking '/home/ec24136/ROS2_CICD/ros2_ws/install/hello_pipeline_cpp/bin'
[4.509s] INFO:colcon.colcon_core.shell:Creating package script '/home/ec24136/ROS2_CICD/ros2_ws/install/hello_pipeline_cpp/share/hello_pipeline_cpp/package.ps1'
[4.510s] INFO:colcon.colcon_core.shell:Creating package descriptor '/home/ec24136/ROS2_CICD/ros2_ws/install/hello_pipeline_cpp/share/hello_pipeline_cpp/package.dsv'
[4.511s] INFO:colcon.colcon_core.shell:Creating package script '/home/ec24136/ROS2_CICD/ros2_ws/install/hello_pipeline_cpp/share/hello_pipeline_cpp/package.sh'
[4.512s] INFO:colcon.colcon_core.shell:Creating package script '/home/ec24136/ROS2_CICD/ros2_ws/install/hello_pipeline_cpp/share/hello_pipeline_cpp/package.bash'
[4.513s] INFO:colcon.colcon_core.shell:Creating package script '/home/ec24136/ROS2_CICD/ros2_ws/install/hello_pipeline_cpp/share/hello_pipeline_cpp/package.zsh'
[4.513s] Level 1:colcon.colcon_core.environment:create_file_with_runtime_dependencies(/home/ec24136/ROS2_CICD/ros2_ws/install/hello_pipeline_cpp/share/colcon-core/packages/hello_pipeline_cpp)
[4.515s] Level 1:colcon.colcon_core.environment:create_environment_scripts_only(hello_pipeline_cpp)
[4.515s] Level 1:colcon.colcon_core.environment:checking '/home/ec24136/ROS2_CICD/ros2_ws/install/hello_pipeline_cpp' for CMake module files
[4.516s] Level 1:colcon.colcon_core.environment:checking '/home/ec24136/ROS2_CICD/ros2_ws/install/hello_pipeline_cpp' for CMake config files
[4.517s] Level 1:colcon.colcon_core.shell:create_environment_hook('hello_pipeline_cpp', 'cmake_prefix_path')
[4.517s] INFO:colcon.colcon_core.shell:Creating environment hook '/home/ec24136/ROS2_CICD/ros2_ws/install/hello_pipeline_cpp/share/hello_pipeline_cpp/hook/cmake_prefix_path.ps1'
[4.518s] INFO:colcon.colcon_core.shell:Creating environment descriptor '/home/ec24136/ROS2_CICD/ros2_ws/install/hello_pipeline_cpp/share/hello_pipeline_cpp/hook/cmake_prefix_path.dsv'
[4.519s] INFO:colcon.colcon_core.shell:Creating environment hook '/home/ec24136/ROS2_CICD/ros2_ws/install/hello_pipeline_cpp/share/hello_pipeline_cpp/hook/cmake_prefix_path.sh'
[4.520s] Level 1:colcon.colcon_core.environment:checking '/home/ec24136/ROS2_CICD/ros2_ws/install/hello_pipeline_cpp/lib'
[4.520s] Level 1:colcon.colcon_core.environment:checking '/home/ec24136/ROS2_CICD/ros2_ws/install/hello_pipeline_cpp/bin'
[4.521s] Level 1:colcon.colcon_core.environment:checking '/home/ec24136/ROS2_CICD/ros2_ws/install/hello_pipeline_cpp/lib/pkgconfig/hello_pipeline_cpp.pc'
[4.521s] Level 1:colcon.colcon_core.environment:checking '/home/ec24136/ROS2_CICD/ros2_ws/install/hello_pipeline_cpp/lib/python3.12/site-packages'
[4.522s] Level 1:colcon.colcon_core.environment:checking '/home/ec24136/ROS2_CICD/ros2_ws/install/hello_pipeline_cpp/bin'
[4.522s] INFO:colcon.colcon_core.shell:Creating package script '/home/ec24136/ROS2_CICD/ros2_ws/install/hello_pipeline_cpp/share/hello_pipeline_cpp/package.ps1'
[4.523s] INFO:colcon.colcon_core.shell:Creating package descriptor '/home/ec24136/ROS2_CICD/ros2_ws/install/hello_pipeline_cpp/share/hello_pipeline_cpp/package.dsv'
[4.524s] INFO:colcon.colcon_core.shell:Creating package script '/home/ec24136/ROS2_CICD/ros2_ws/install/hello_pipeline_cpp/share/hello_pipeline_cpp/package.sh'
[4.526s] INFO:colcon.colcon_core.shell:Creating package script '/home/ec24136/ROS2_CICD/ros2_ws/install/hello_pipeline_cpp/share/hello_pipeline_cpp/package.bash'
[4.527s] INFO:colcon.colcon_core.shell:Creating package script '/home/ec24136/ROS2_CICD/ros2_ws/install/hello_pipeline_cpp/share/hello_pipeline_cpp/package.zsh'
[4.528s] Level 1:colcon.colcon_core.environment:create_file_with_runtime_dependencies(/home/ec24136/ROS2_CICD/ros2_ws/install/hello_pipeline_cpp/share/colcon-core/packages/hello_pipeline_cpp)
[5.368s] DEBUG:colcon.colcon_core.event_handler.log_command:Invoking command in '/home/ec24136/ROS2_CICD/ros2_ws/src/sim_demo': PYTHONPATH=/home/ec24136/ROS2_CICD/ros2_ws/build/sim_demo/prefix_override:/usr/lib/python3/dist-packages/colcon_core/task/python/colcon_distutils_commands:/home/ec24136/ROS2_CICD/ros2_ws/install/sim_demo/lib/python3.12/site-packages:${PYTHONPATH} /usr/bin/python3 -W ignore:setup.py install is deprecated -W ignore:easy_install command is deprecated setup.py egg_info --egg-base ../../build/sim_demo build --build-base /home/ec24136/ROS2_CICD/ros2_ws/build/sim_demo/build install --record /home/ec24136/ROS2_CICD/ros2_ws/build/sim_demo/install.log --single-version-externally-managed install_data
[6.317s] Level 1:colcon.colcon_core.environment:checking '/home/ec24136/ROS2_CICD/ros2_ws/install/sim_demo' for CMake module files
[6.319s] DEBUG:colcon.colcon_core.event_handler.log_command:Invoked command in '/home/ec24136/ROS2_CICD/ros2_ws/src/sim_demo' returned '0': PYTHONPATH=/home/ec24136/ROS2_CICD/ros2_ws/build/sim_demo/prefix_override:/usr/lib/python3/dist-packages/colcon_core/task/python/colcon_distutils_commands:/home/ec24136/ROS2_CICD/ros2_ws/install/sim_demo/lib/python3.12/site-packages:${PYTHONPATH} /usr/bin/python3 -W ignore:setup.py install is deprecated -W ignore:easy_install command is deprecated setup.py egg_info --egg-base ../../build/sim_demo build --build-base /home/ec24136/ROS2_CICD/ros2_ws/build/sim_demo/build install --record /home/ec24136/ROS2_CICD/ros2_ws/build/sim_demo/install.log --single-version-externally-managed install_data
[6.320s] Level 1:colcon.colcon_core.environment:checking '/home/ec24136/ROS2_CICD/ros2_ws/install/sim_demo' for CMake config files
[6.321s] Level 1:colcon.colcon_core.environment:checking '/home/ec24136/ROS2_CICD/ros2_ws/install/sim_demo/lib'
[6.322s] Level 1:colcon.colcon_core.environment:checking '/home/ec24136/ROS2_CICD/ros2_ws/install/sim_demo/bin'
[6.322s] Level 1:colcon.colcon_core.environment:checking '/home/ec24136/ROS2_CICD/ros2_ws/install/sim_demo/lib/pkgconfig/sim_demo.pc'
[6.322s] Level 1:colcon.colcon_core.environment:checking '/home/ec24136/ROS2_CICD/ros2_ws/install/sim_demo/lib/python3.12/site-packages'
[6.322s] Level 1:colcon.colcon_core.shell:create_environment_hook('sim_demo', 'pythonpath')
[6.323s] INFO:colcon.colcon_core.shell:Creating environment hook '/home/ec24136/ROS2_CICD/ros2_ws/install/sim_demo/share/sim_demo/hook/pythonpath.ps1'
[6.324s] INFO:colcon.colcon_core.shell:Creating environment descriptor '/home/ec24136/ROS2_CICD/ros2_ws/install/sim_demo/share/sim_demo/hook/pythonpath.dsv'
[6.324s] INFO:colcon.colcon_core.shell:Creating environment hook '/home/ec24136/ROS2_CICD/ros2_ws/install/sim_demo/share/sim_demo/hook/pythonpath.sh'
[6.325s] Level 1:colcon.colcon_core.environment:checking '/home/ec24136/ROS2_CICD/ros2_ws/install/sim_demo/bin'
[6.325s] Level 1:colcon.colcon_core.environment:create_environment_scripts_only(sim_demo)
[6.326s] INFO:colcon.colcon_core.shell:Creating package script '/home/ec24136/ROS2_CICD/ros2_ws/install/sim_demo/share/sim_demo/package.ps1'
[6.326s] INFO:colcon.colcon_core.shell:Creating package descriptor '/home/ec24136/ROS2_CICD/ros2_ws/install/sim_demo/share/sim_demo/package.dsv'
[6.327s] INFO:colcon.colcon_core.shell:Creating package script '/home/ec24136/ROS2_CICD/ros2_ws/install/sim_demo/share/sim_demo/package.sh'
[6.328s] INFO:colcon.colcon_core.shell:Creating package script '/home/ec24136/ROS2_CICD/ros2_ws/install/sim_demo/share/sim_demo/package.bash'
[6.328s] INFO:colcon.colcon_core.shell:Creating package script '/home/ec24136/ROS2_CICD/ros2_ws/install/sim_demo/share/sim_demo/package.zsh'
[6.329s] Level 1:colcon.colcon_core.environment:create_file_with_runtime_dependencies(/home/ec24136/ROS2_CICD/ros2_ws/install/sim_demo/share/colcon-core/packages/sim_demo)
[6.330s] DEBUG:colcon.colcon_parallel_executor.executor.parallel:closing loop
[6.331s] DEBUG:colcon.colcon_parallel_executor.executor.parallel:loop closed
[6.332s] DEBUG:colcon.colcon_parallel_executor.executor.parallel:run_until_complete finished with '0'
[6.332s] DEBUG:colcon.colcon_core.event_reactor:joining thread
[6.348s] INFO:colcon.colcon_core.plugin_system:Skipping extension 'colcon_notification.desktop_notification.notify_send': Could not find 'notify-send'
[6.348s] INFO:colcon.colcon_core.plugin_system:Skipping extension 'colcon_notification.desktop_notification.terminal_notifier': Not used on non-Darwin systems
[6.348s] INFO:colcon.colcon_core.plugin_system:Skipping extension 'colcon_notification.desktop_notification.win32': Not used on non-Windows systems
[6.348s] INFO:colcon.colcon_notification.desktop_notification:Sending desktop notification using 'notify2'
[6.350s] DEBUG:colcon.colcon_notification.desktop_notification.notify2:Failed to initialize notify2: org.freedesktop.DBus.Error.ServiceUnknown: The name org.freedesktop.Notifications was not provided by any .service files
[6.350s] DEBUG:colcon.colcon_core.event_reactor:joined thread
[6.350s] INFO:colcon.colcon_core.shell:Creating prefix script '/home/ec24136/ROS2_CICD/ros2_ws/install/local_setup.ps1'
[6.353s] INFO:colcon.colcon_core.shell:Creating prefix util module '/home/ec24136/ROS2_CICD/ros2_ws/install/_local_setup_util_ps1.py'
[6.355s] INFO:colcon.colcon_core.shell:Creating prefix chain script '/home/ec24136/ROS2_CICD/ros2_ws/install/setup.ps1'
[6.356s] INFO:colcon.colcon_core.shell:Creating prefix script '/home/ec24136/ROS2_CICD/ros2_ws/install/local_setup.sh'
[6.358s] INFO:colcon.colcon_core.shell:Creating prefix util module '/home/ec24136/ROS2_CICD/ros2_ws/install/_local_setup_util_sh.py'
[6.359s] INFO:colcon.colcon_core.shell:Creating prefix chain script '/home/ec24136/ROS2_CICD/ros2_ws/install/setup.sh'
[6.360s] INFO:colcon.colcon_core.shell:Creating prefix script '/home/ec24136/ROS2_CICD/ros2_ws/install/local_setup.bash'
[6.361s] INFO:colcon.colcon_core.shell:Creating prefix chain script '/home/ec24136/ROS2_CICD/ros2_ws/install/setup.bash'
[6.363s] INFO:colcon.colcon_core.shell:Creating prefix script '/home/ec24136/ROS2_CICD/ros2_ws/install/local_setup.zsh'
[6.363s] INFO:colcon.colcon_core.shell:Creating prefix chain script '/home/ec24136/ROS2_CICD/ros2_ws/install/setup.zsh'
