[1.628s] Invoking command in '/home/ec24136/ROS2_CICD/ros2_ws/src/sim_demo': PYTHONPATH=/home/ec24136/ROS2_CICD/ros2_ws/build/sim_demo/prefix_override:/usr/lib/python3/dist-packages/colcon_core/task/python/colcon_distutils_commands:/home/ec24136/ROS2_CICD/ros2_ws/install/sim_demo/lib/python3.12/site-packages:${PYTHONPATH} /usr/bin/python3 -W ignore:setup.py install is deprecated -W ignore:easy_install command is deprecated setup.py egg_info --egg-base ../../build/sim_demo build --build-base /home/ec24136/ROS2_CICD/ros2_ws/build/sim_demo/build install --record /home/ec24136/ROS2_CICD/ros2_ws/build/sim_demo/install.log --single-version-externally-managed install_data
[2.184s] running egg_info
[2.221s] writing ../../build/sim_demo/sim_demo.egg-info/PKG-INFO
[2.222s] writing dependency_links to ../../build/sim_demo/sim_demo.egg-info/dependency_links.txt
[2.223s] writing entry points to ../../build/sim_demo/sim_demo.egg-info/entry_points.txt
[2.224s] writing requirements to ../../build/sim_demo/sim_demo.egg-info/requires.txt
[2.226s] writing top-level names to ../../build/sim_demo/sim_demo.egg-info/top_level.txt
[2.302s] reading manifest file '../../build/sim_demo/sim_demo.egg-info/SOURCES.txt'
[2.306s] writing manifest file '../../build/sim_demo/sim_demo.egg-info/SOURCES.txt'
[2.306s] running build
[2.308s] running build_py
[2.311s] running install
[2.327s] running install_lib
[2.370s] running install_data
[2.371s] copying launch/webots_sim.launch.py -> /home/ec24136/ROS2_CICD/ros2_ws/install/sim_demo/share/sim_demo/launch
[2.376s] running install_egg_info
[2.417s] removing '/home/ec24136/ROS2_CICD/ros2_ws/install/sim_demo/lib/python3.12/site-packages/sim_demo-0.0.0-py3.12.egg-info' (and everything under it)
[2.421s] Copying ../../build/sim_demo/sim_demo.egg-info to /home/ec24136/ROS2_CICD/ros2_ws/install/sim_demo/lib/python3.12/site-packages/sim_demo-0.0.0-py3.12.egg-info
[2.425s] running install_scripts
[2.705s] Installing sim_demo script to /home/ec24136/ROS2_CICD/ros2_ws/install/sim_demo/lib/sim_demo
[2.705s] writing list of installed files to '/home/ec24136/ROS2_CICD/ros2_ws/build/sim_demo/install.log'
[3.059s] Invoked command in '/home/ec24136/ROS2_CICD/ros2_ws/src/sim_demo' returned '0': PYTHONPATH=/home/ec24136/ROS2_CICD/ros2_ws/build/sim_demo/prefix_override:/usr/lib/python3/dist-packages/colcon_core/task/python/colcon_distutils_commands:/home/ec24136/ROS2_CICD/ros2_ws/install/sim_demo/lib/python3.12/site-packages:${PYTHONPATH} /usr/bin/python3 -W ignore:setup.py install is deprecated -W ignore:easy_install command is deprecated setup.py egg_info --egg-base ../../build/sim_demo build --build-base /home/ec24136/ROS2_CICD/ros2_ws/build/sim_demo/build install --record /home/ec24136/ROS2_CICD/ros2_ws/build/sim_demo/install.log --single-version-externally-managed install_data
