[1.932s] Invoking command in '/home/ec24136/ROS2_CICD/ros2_ws/src/ros2_observability': PYTHONPATH=/home/ec24136/ROS2_CICD/ros2_ws/build/ros2_observability/prefix_override:/usr/lib/python3/dist-packages/colcon_core/task/python/colcon_distutils_commands:/home/ec24136/ROS2_CICD/ros2_ws/install/ros2_observability/lib/python3.12/site-packages:${PYTHONPATH} /usr/bin/python3 -W ignore:setup.py install is deprecated -W ignore:easy_install command is deprecated setup.py egg_info --egg-base ../../build/ros2_observability build --build-base /home/ec24136/ROS2_CICD/ros2_ws/build/ros2_observability/build install --record /home/ec24136/ROS2_CICD/ros2_ws/build/ros2_observability/install.log --single-version-externally-managed install_data
[2.610s] running egg_info
[2.611s] creating ../../build/ros2_observability/ros2_observability.egg-info
[2.644s] writing ../../build/ros2_observability/ros2_observability.egg-info/PKG-INFO
[2.644s] writing dependency_links to ../../build/ros2_observability/ros2_observability.egg-info/dependency_links.txt
[2.645s] writing entry points to ../../build/ros2_observability/ros2_observability.egg-info/entry_points.txt
[2.645s] writing requirements to ../../build/ros2_observability/ros2_observability.egg-info/requires.txt
[2.645s] writing top-level names to ../../build/ros2_observability/ros2_observability.egg-info/top_level.txt
[2.645s] writing manifest file '../../build/ros2_observability/ros2_observability.egg-info/SOURCES.txt'
[2.717s] reading manifest file '../../build/ros2_observability/ros2_observability.egg-info/SOURCES.txt'
[2.721s] writing manifest file '../../build/ros2_observability/ros2_observability.egg-info/SOURCES.txt'
[2.721s] running build
[2.721s] running build_py
[2.722s] creating /home/ec24136/ROS2_CICD/ros2_ws/build/ros2_observability/build
[2.722s] creating /home/ec24136/ROS2_CICD/ros2_ws/build/ros2_observability/build/lib
[2.722s] creating /home/ec24136/ROS2_CICD/ros2_ws/build/ros2_observability/build/lib/ros2_observability
[2.722s] copying ros2_observability/__init__.py -> /home/ec24136/ROS2_CICD/ros2_ws/build/ros2_observability/build/lib/ros2_observability
[2.722s] copying ros2_observability/metrics_collector.py -> /home/ec24136/ROS2_CICD/ros2_ws/build/ros2_observability/build/lib/ros2_observability
[2.725s] running install
[2.743s] running install_lib
[2.788s] creating /home/ec24136/ROS2_CICD/ros2_ws/install/ros2_observability/lib/python3.12/site-packages/ros2_observability
[2.789s] copying /home/ec24136/ROS2_CICD/ros2_ws/build/ros2_observability/build/lib/ros2_observability/__init__.py -> /home/ec24136/ROS2_CICD/ros2_ws/install/ros2_observability/lib/python3.12/site-packages/ros2_observability
[2.789s] copying /home/ec24136/ROS2_CICD/ros2_ws/build/ros2_observability/build/lib/ros2_observability/metrics_collector.py -> /home/ec24136/ROS2_CICD/ros2_ws/install/ros2_observability/lib/python3.12/site-packages/ros2_observability
[2.792s] byte-compiling /home/ec24136/ROS2_CICD/ros2_ws/install/ros2_observability/lib/python3.12/site-packages/ros2_observability/__init__.py to __init__.cpython-312.pyc
[2.792s] byte-compiling /home/ec24136/ROS2_CICD/ros2_ws/install/ros2_observability/lib/python3.12/site-packages/ros2_observability/metrics_collector.py to metrics_collector.cpython-312.pyc
[2.794s] running install_data
[2.795s] copying package.xml -> /home/ec24136/ROS2_CICD/ros2_ws/install/ros2_observability/share/ros2_observability
[2.795s] creating /home/ec24136/ROS2_CICD/ros2_ws/install/ros2_observability/share/ament_index
[2.796s] creating /home/ec24136/ROS2_CICD/ros2_ws/install/ros2_observability/share/ament_index/resource_index
[2.796s] creating /home/ec24136/ROS2_CICD/ros2_ws/install/ros2_observability/share/ament_index/resource_index/packages
[2.797s] copying resource/ros2_observability -> /home/ec24136/ROS2_CICD/ros2_ws/install/ros2_observability/share/ament_index/resource_index/packages
[2.797s] running install_egg_info
[2.842s] Copying ../../build/ros2_observability/ros2_observability.egg-info to /home/ec24136/ROS2_CICD/ros2_ws/install/ros2_observability/lib/python3.12/site-packages/ros2_observability-0.0.1-py3.12.egg-info
[2.845s] running install_scripts
[3.123s] Installing metrics_collector script to /home/ec24136/ROS2_CICD/ros2_ws/install/ros2_observability/lib/ros2_observability
[3.125s] writing list of installed files to '/home/ec24136/ROS2_CICD/ros2_ws/build/ros2_observability/install.log'
[3.212s] Invoked command in '/home/ec24136/ROS2_CICD/ros2_ws/src/ros2_observability' returned '0': PYTHONPATH=/home/ec24136/ROS2_CICD/ros2_ws/build/ros2_observability/prefix_override:/usr/lib/python3/dist-packages/colcon_core/task/python/colcon_distutils_commands:/home/ec24136/ROS2_CICD/ros2_ws/install/ros2_observability/lib/python3.12/site-packages:${PYTHONPATH} /usr/bin/python3 -W ignore:setup.py install is deprecated -W ignore:easy_install command is deprecated setup.py egg_info --egg-base ../../build/ros2_observability build --build-base /home/ec24136/ROS2_CICD/ros2_ws/build/ros2_observability/build install --record /home/ec24136/ROS2_CICD/ros2_ws/build/ros2_observability/install.log --single-version-externally-managed install_data
