running egg_info
writing ../../build/ros2_observability/ros2_observability.egg-info/PKG-INFO
writing dependency_links to ../../build/ros2_observability/ros2_observability.egg-info/dependency_links.txt
writing entry points to ../../build/ros2_observability/ros2_observability.egg-info/entry_points.txt
writing requirements to ../../build/ros2_observability/ros2_observability.egg-info/requires.txt
writing top-level names to ../../build/ros2_observability/ros2_observability.egg-info/top_level.txt
reading manifest file '../../build/ros2_observability/ros2_observability.egg-info/SOURCES.txt'
writing manifest file '../../build/ros2_observability/ros2_observability.egg-info/SOURCES.txt'
running build
running build_py
copying ros2_observability/metrics_collector.py -> /home/ec24136/ROS2_CICD/ros2_ws/build/ros2_observability/build/lib/ros2_observability
running install
running install_lib
copying /home/ec24136/ROS2_CICD/ros2_ws/build/ros2_observability/build/lib/ros2_observability/metrics_collector.py -> /home/ec24136/ROS2_CICD/ros2_ws/install/ros2_observability/lib/python3.12/site-packages/ros2_observability
byte-compiling /home/ec24136/ROS2_CICD/ros2_ws/install/ros2_observability/lib/python3.12/site-packages/ros2_observability/metrics_collector.py to metrics_collector.cpython-312.pyc
running install_data
running install_egg_info
removing '/home/ec24136/ROS2_CICD/ros2_ws/install/ros2_observability/lib/python3.12/site-packages/ros2_observability-0.0.1-py3.12.egg-info' (and everything under it)
Copying ../../build/ros2_observability/ros2_observability.egg-info to /home/ec24136/ROS2_CICD/ros2_ws/install/ros2_observability/lib/python3.12/site-packages/ros2_observability-0.0.1-py3.12.egg-info
running install_scripts
Installing metrics_collector script to /home/ec24136/ROS2_CICD/ros2_ws/install/ros2_observability/lib/ros2_observability
writing list of installed files to '/home/ec24136/ROS2_CICD/ros2_ws/build/ros2_observability/install.log'
