[1.410s] Invoking command in '/home/ec24136/ROS2_CICD/ros2_ws/src/sim_demo': PYTHONPATH=/home/ec24136/ROS2_CICD/ros2_ws/build/sim_demo/prefix_override:/usr/lib/python3/dist-packages/colcon_core/task/python/colcon_distutils_commands:/home/ec24136/ROS2_CICD/ros2_ws/install/sim_demo/lib/python3.12/site-packages:${PYTHONPATH} /usr/bin/python3 -W ignore:setup.py install is deprecated -W ignore:easy_install command is deprecated setup.py egg_info --egg-base ../../build/sim_demo build --build-base /home/ec24136/ROS2_CICD/ros2_ws/build/sim_demo/build install --record /home/ec24136/ROS2_CICD/ros2_ws/build/sim_demo/install.log --single-version-externally-managed install_data
[1.666s] running egg_info
[1.667s] creating ../../build/sim_demo/sim_demo.egg-info
[1.682s] writing ../../build/sim_demo/sim_demo.egg-info/PKG-INFO
[1.683s] writing dependency_links to ../../build/sim_demo/sim_demo.egg-info/dependency_links.txt
[1.683s] writing entry points to ../../build/sim_demo/sim_demo.egg-info/entry_points.txt
[1.683s] writing requirements to ../../build/sim_demo/sim_demo.egg-info/requires.txt
[1.683s] writing top-level names to ../../build/sim_demo/sim_demo.egg-info/top_level.txt
[1.683s] writing manifest file '../../build/sim_demo/sim_demo.egg-info/SOURCES.txt'
[1.719s] reading manifest file '../../build/sim_demo/sim_demo.egg-info/SOURCES.txt'
[1.722s] writing manifest file '../../build/sim_demo/sim_demo.egg-info/SOURCES.txt'
[1.722s] running build
[1.722s] running build_py
[1.722s] creating /home/ec24136/ROS2_CICD/ros2_ws/build/sim_demo/build
[1.722s] creating /home/ec24136/ROS2_CICD/ros2_ws/build/sim_demo/build/lib
[1.722s] creating /home/ec24136/ROS2_CICD/ros2_ws/build/sim_demo/build/lib/sim_demo
[1.723s] copying sim_demo/__init__.py -> /home/ec24136/ROS2_CICD/ros2_ws/build/sim_demo/build/lib/sim_demo
[1.723s] copying sim_demo/main.py -> /home/ec24136/ROS2_CICD/ros2_ws/build/sim_demo/build/lib/sim_demo
[1.723s] running install
[1.730s] running install_lib
[1.746s] creating /home/ec24136/ROS2_CICD/ros2_ws/install/sim_demo/lib/python3.12/site-packages/sim_demo
[1.747s] copying /home/ec24136/ROS2_CICD/ros2_ws/build/sim_demo/build/lib/sim_demo/__init__.py -> /home/ec24136/ROS2_CICD/ros2_ws/install/sim_demo/lib/python3.12/site-packages/sim_demo
[1.747s] copying /home/ec24136/ROS2_CICD/ros2_ws/build/sim_demo/build/lib/sim_demo/main.py -> /home/ec24136/ROS2_CICD/ros2_ws/install/sim_demo/lib/python3.12/site-packages/sim_demo
[1.747s] byte-compiling /home/ec24136/ROS2_CICD/ros2_ws/install/sim_demo/lib/python3.12/site-packages/sim_demo/__init__.py to __init__.cpython-312.pyc
[1.748s] byte-compiling /home/ec24136/ROS2_CICD/ros2_ws/install/sim_demo/lib/python3.12/site-packages/sim_demo/main.py to main.cpython-312.pyc
[1.748s] running install_data
[1.748s] creating /home/ec24136/ROS2_CICD/ros2_ws/install/sim_demo/share/ament_index
[1.749s] creating /home/ec24136/ROS2_CICD/ros2_ws/install/sim_demo/share/ament_index/resource_index
[1.749s] creating /home/ec24136/ROS2_CICD/ros2_ws/install/sim_demo/share/ament_index/resource_index/packages
[1.749s] copying resource/sim_demo -> /home/ec24136/ROS2_CICD/ros2_ws/install/sim_demo/share/ament_index/resource_index/packages
[1.749s] copying package.xml -> /home/ec24136/ROS2_CICD/ros2_ws/install/sim_demo/share/sim_demo
[1.749s] creating /home/ec24136/ROS2_CICD/ros2_ws/install/sim_demo/share/sim_demo/launch
[1.749s] copying launch/sim.launch.py -> /home/ec24136/ROS2_CICD/ros2_ws/install/sim_demo/share/sim_demo/launch
[1.750s] running install_egg_info
[1.768s] Copying ../../build/sim_demo/sim_demo.egg-info to /home/ec24136/ROS2_CICD/ros2_ws/install/sim_demo/lib/python3.12/site-packages/sim_demo-0.0.0-py3.12.egg-info
[1.769s] running install_scripts
[1.881s] Installing sim_demo script to /home/ec24136/ROS2_CICD/ros2_ws/install/sim_demo/lib/sim_demo
[1.881s] writing list of installed files to '/home/ec24136/ROS2_CICD/ros2_ws/build/sim_demo/install.log'
[1.913s] Invoked command in '/home/ec24136/ROS2_CICD/ros2_ws/src/sim_demo' returned '0': PYTHONPATH=/home/ec24136/ROS2_CICD/ros2_ws/build/sim_demo/prefix_override:/usr/lib/python3/dist-packages/colcon_core/task/python/colcon_distutils_commands:/home/ec24136/ROS2_CICD/ros2_ws/install/sim_demo/lib/python3.12/site-packages:${PYTHONPATH} /usr/bin/python3 -W ignore:setup.py install is deprecated -W ignore:easy_install command is deprecated setup.py egg_info --egg-base ../../build/sim_demo build --build-base /home/ec24136/ROS2_CICD/ros2_ws/build/sim_demo/build install --record /home/ec24136/ROS2_CICD/ros2_ws/build/sim_demo/install.log --single-version-externally-managed install_data
