[2.196s] Invoking command in '/home/ec24136/ROS2_CICD/ros2_ws/src/sim_demo': PYTHONPATH=/home/ec24136/ROS2_CICD/ros2_ws/build/sim_demo/prefix_override:/usr/lib/python3/dist-packages/colcon_core/task/python/colcon_distutils_commands:/home/ec24136/ROS2_CICD/ros2_ws/install/sim_demo/lib/python3.12/site-packages:${PYTHONPATH} /usr/bin/python3 -W ignore:setup.py install is deprecated -W ignore:easy_install command is deprecated setup.py egg_info --egg-base ../../build/sim_demo build --build-base /home/ec24136/ROS2_CICD/ros2_ws/build/sim_demo/build install --record /home/ec24136/ROS2_CICD/ros2_ws/build/sim_demo/install.log --single-version-externally-managed install_data
[2.978s] running egg_info
[3.018s] writing ../../build/sim_demo/sim_demo.egg-info/PKG-INFO
[3.020s] writing dependency_links to ../../build/sim_demo/sim_demo.egg-info/dependency_links.txt
[3.020s] writing entry points to ../../build/sim_demo/sim_demo.egg-info/entry_points.txt
[3.022s] writing requirements to ../../build/sim_demo/sim_demo.egg-info/requires.txt
[3.022s] writing top-level names to ../../build/sim_demo/sim_demo.egg-info/top_level.txt
[3.084s] reading manifest file '../../build/sim_demo/sim_demo.egg-info/SOURCES.txt'
[3.086s] writing manifest file '../../build/sim_demo/sim_demo.egg-info/SOURCES.txt'
[3.087s] running build
[3.087s] running build_py
[3.088s] running install
[3.100s] running install_lib
[3.131s] running install_data
[3.131s] running install_egg_info
[3.159s] removing '/home/ec24136/ROS2_CICD/ros2_ws/install/sim_demo/lib/python3.12/site-packages/sim_demo-0.0.0-py3.12.egg-info' (and everything under it)
[3.160s] Copying ../../build/sim_demo/sim_demo.egg-info to /home/ec24136/ROS2_CICD/ros2_ws/install/sim_demo/lib/python3.12/site-packages/sim_demo-0.0.0-py3.12.egg-info
[3.161s] running install_scripts
[3.348s] Installing sim_demo script to /home/ec24136/ROS2_CICD/ros2_ws/install/sim_demo/lib/sim_demo
[3.350s] writing list of installed files to '/home/ec24136/ROS2_CICD/ros2_ws/build/sim_demo/install.log'
[3.440s] Invoked command in '/home/ec24136/ROS2_CICD/ros2_ws/src/sim_demo' returned '0': PYTHONPATH=/home/ec24136/ROS2_CICD/ros2_ws/build/sim_demo/prefix_override:/usr/lib/python3/dist-packages/colcon_core/task/python/colcon_distutils_commands:/home/ec24136/ROS2_CICD/ros2_ws/install/sim_demo/lib/python3.12/site-packages:${PYTHONPATH} /usr/bin/python3 -W ignore:setup.py install is deprecated -W ignore:easy_install command is deprecated setup.py egg_info --egg-base ../../build/sim_demo build --build-base /home/ec24136/ROS2_CICD/ros2_ws/build/sim_demo/build install --record /home/ec24136/ROS2_CICD/ros2_ws/build/sim_demo/install.log --single-version-externally-managed install_data
