[0.041s] Invoking command in '/home/ec24136/ROS2_CICD/ros2_ws/build/hello_pipeline_cpp': CMAKE_PREFIX_PATH=/home/ec24136/ROS2_CICD/ros2_ws/install/hello_pipeline_cpp:/home/ec24136/ROS2_CICD/ros2_ws/install/slam_navigation:/home/ec24136/ROS2_CICD/ros2_ws/install/sim_demo:/home/ec24136/ROS2_CICD/ros2_ws/install/ros2_observability:/opt/ros/jazzy:/home/ec24136/ROS2_CICD/ros2_ws/install/cpu_hog_controller VIRTUAL_ENV_PROMPT=(.venv) /usr/bin/cmake --build /home/ec24136/ROS2_CICD/ros2_ws/build/hello_pipeline_cpp -- -j2 -l2
[0.438s] [100%] Built target hello_node
[0.568s] Invoked command in '/home/ec24136/ROS2_CICD/ros2_ws/build/hello_pipeline_cpp' returned '0': CMAKE_PREFIX_PATH=/home/ec24136/ROS2_CICD/ros2_ws/install/hello_pipeline_cpp:/home/ec24136/ROS2_CICD/ros2_ws/install/slam_navigation:/home/ec24136/ROS2_CICD/ros2_ws/install/sim_demo:/home/ec24136/ROS2_CICD/ros2_ws/install/ros2_observability:/opt/ros/jazzy:/home/ec24136/ROS2_CICD/ros2_ws/install/cpu_hog_controller VIRTUAL_ENV_PROMPT=(.venv) /usr/bin/cmake --build /home/ec24136/ROS2_CICD/ros2_ws/build/hello_pipeline_cpp -- -j2 -l2
[0.577s] Invoking command in '/home/ec24136/ROS2_CICD/ros2_ws/build/hello_pipeline_cpp': CMAKE_PREFIX_PATH=/home/ec24136/ROS2_CICD/ros2_ws/install/hello_pipeline_cpp:/home/ec24136/ROS2_CICD/ros2_ws/install/slam_navigation:/home/ec24136/ROS2_CICD/ros2_ws/install/sim_demo:/home/ec24136/ROS2_CICD/ros2_ws/install/ros2_observability:/opt/ros/jazzy:/home/ec24136/ROS2_CICD/ros2_ws/install/cpu_hog_controller VIRTUAL_ENV_PROMPT=(.venv) /usr/bin/cmake --install /home/ec24136/ROS2_CICD/ros2_ws/build/hello_pipeline_cpp
[0.596s] -- Install configuration: ""
[0.602s] -- Up-to-date: /home/ec24136/ROS2_CICD/ros2_ws/install/hello_pipeline_cpp/lib/hello_pipeline_cpp/hello_node
[0.603s] -- Up-to-date: /home/ec24136/ROS2_CICD/ros2_ws/install/hello_pipeline_cpp/share/ament_index/resource_index/package_run_dependencies/hello_pipeline_cpp
[0.604s] -- Up-to-date: /home/ec24136/ROS2_CICD/ros2_ws/install/hello_pipeline_cpp/share/ament_index/resource_index/parent_prefix_path/hello_pipeline_cpp
[0.605s] -- Up-to-date: /home/ec24136/ROS2_CICD/ros2_ws/install/hello_pipeline_cpp/share/hello_pipeline_cpp/environment/ament_prefix_path.sh
[0.605s] -- Up-to-date: /home/ec24136/ROS2_CICD/ros2_ws/install/hello_pipeline_cpp/share/hello_pipeline_cpp/environment/ament_prefix_path.dsv
[0.607s] -- Up-to-date: /home/ec24136/ROS2_CICD/ros2_ws/install/hello_pipeline_cpp/share/hello_pipeline_cpp/environment/path.sh
[0.607s] -- Up-to-date: /home/ec24136/ROS2_CICD/ros2_ws/install/hello_pipeline_cpp/share/hello_pipeline_cpp/environment/path.dsv
[0.608s] -- Up-to-date: /home/ec24136/ROS2_CICD/ros2_ws/install/hello_pipeline_cpp/share/hello_pipeline_cpp/local_setup.bash
[0.608s] -- Up-to-date: /home/ec24136/ROS2_CICD/ros2_ws/install/hello_pipeline_cpp/share/hello_pipeline_cpp/local_setup.sh
[0.608s] -- Up-to-date: /home/ec24136/ROS2_CICD/ros2_ws/install/hello_pipeline_cpp/share/hello_pipeline_cpp/local_setup.zsh
[0.608s] -- Up-to-date: /home/ec24136/ROS2_CICD/ros2_ws/install/hello_pipeline_cpp/share/hello_pipeline_cpp/local_setup.dsv
[0.608s] -- Installing: /home/ec24136/ROS2_CICD/ros2_ws/install/hello_pipeline_cpp/share/hello_pipeline_cpp/package.dsv
[0.615s] -- Up-to-date: /home/ec24136/ROS2_CICD/ros2_ws/install/hello_pipeline_cpp/share/ament_index/resource_index/packages/hello_pipeline_cpp
[0.615s] -- Up-to-date: /home/ec24136/ROS2_CICD/ros2_ws/install/hello_pipeline_cpp/share/hello_pipeline_cpp/cmake/hello_pipeline_cppConfig.cmake
[0.615s] -- Up-to-date: /home/ec24136/ROS2_CICD/ros2_ws/install/hello_pipeline_cpp/share/hello_pipeline_cpp/cmake/hello_pipeline_cppConfig-version.cmake
[0.616s] -- Up-to-date: /home/ec24136/ROS2_CICD/ros2_ws/install/hello_pipeline_cpp/share/hello_pipeline_cpp/package.xml
[0.949s] Invoked command in '/home/ec24136/ROS2_CICD/ros2_ws/build/hello_pipeline_cpp' returned '0': CMAKE_PREFIX_PATH=/home/ec24136/ROS2_CICD/ros2_ws/install/hello_pipeline_cpp:/home/ec24136/ROS2_CICD/ros2_ws/install/slam_navigation:/home/ec24136/ROS2_CICD/ros2_ws/install/sim_demo:/home/ec24136/ROS2_CICD/ros2_ws/install/ros2_observability:/opt/ros/jazzy:/home/ec24136/ROS2_CICD/ros2_ws/install/cpu_hog_controller VIRTUAL_ENV_PROMPT=(.venv) /usr/bin/cmake --install /home/ec24136/ROS2_CICD/ros2_ws/build/hello_pipeline_cpp
