[1.119s] Invoking command in '/home/ec24136/ROS2_CICD/ros2_ws/src/slam_navigation': PYTHONPATH=/home/ec24136/ROS2_CICD/ros2_ws/build/slam_navigation/prefix_override:/usr/lib/python3/dist-packages/colcon_core/task/python/colcon_distutils_commands:/home/ec24136/ROS2_CICD/ros2_ws/install/slam_navigation/lib/python3.12/site-packages:${PYTHONPATH} VIRTUAL_ENV_PROMPT=(.venv) /usr/bin/python3 -W ignore:setup.py install is deprecated -W ignore:easy_install command is deprecated setup.py egg_info --egg-base ../../build/slam_navigation build --build-base /home/ec24136/ROS2_CICD/ros2_ws/build/slam_navigation/build install --record /home/ec24136/ROS2_CICD/ros2_ws/build/slam_navigation/install.log --single-version-externally-managed install_data
[1.479s] running egg_info
[1.499s] writing ../../build/slam_navigation/slam_navigation.egg-info/PKG-INFO
[1.503s] writing dependency_links to ../../build/slam_navigation/slam_navigation.egg-info/dependency_links.txt
[1.504s] writing entry points to ../../build/slam_navigation/slam_navigation.egg-info/entry_points.txt
[1.504s] writing requirements to ../../build/slam_navigation/slam_navigation.egg-info/requires.txt
[1.504s] writing top-level names to ../../build/slam_navigation/slam_navigation.egg-info/top_level.txt
[1.549s] reading manifest file '../../build/slam_navigation/slam_navigation.egg-info/SOURCES.txt'
[1.552s] writing manifest file '../../build/slam_navigation/slam_navigation.egg-info/SOURCES.txt'
[1.552s] running build
[1.553s] running build_py
[1.556s] running install
[1.566s] running install_lib
[1.593s] running install_data
[1.594s] running install_egg_info
[1.618s] removing '/home/ec24136/ROS2_CICD/ros2_ws/install/slam_navigation/lib/python3.12/site-packages/slam_navigation-0.0.0-py3.12.egg-info' (and everything under it)
[1.621s] Copying ../../build/slam_navigation/slam_navigation.egg-info to /home/ec24136/ROS2_CICD/ros2_ws/install/slam_navigation/lib/python3.12/site-packages/slam_navigation-0.0.0-py3.12.egg-info
[1.624s] running install_scripts
[1.791s] Installing slam_node script to /home/ec24136/ROS2_CICD/ros2_ws/install/slam_navigation/lib/slam_navigation
[1.794s] writing list of installed files to '/home/ec24136/ROS2_CICD/ros2_ws/build/slam_navigation/install.log'
[1.853s] Invoked command in '/home/ec24136/ROS2_CICD/ros2_ws/src/slam_navigation' returned '0': PYTHONPATH=/home/ec24136/ROS2_CICD/ros2_ws/build/slam_navigation/prefix_override:/usr/lib/python3/dist-packages/colcon_core/task/python/colcon_distutils_commands:/home/ec24136/ROS2_CICD/ros2_ws/install/slam_navigation/lib/python3.12/site-packages:${PYTHONPATH} VIRTUAL_ENV_PROMPT=(.venv) /usr/bin/python3 -W ignore:setup.py install is deprecated -W ignore:easy_install command is deprecated setup.py egg_info --egg-base ../../build/slam_navigation build --build-base /home/ec24136/ROS2_CICD/ros2_ws/build/slam_navigation/build install --record /home/ec24136/ROS2_CICD/ros2_ws/build/slam_navigation/install.log --single-version-externally-managed install_data
