[1.992s] Invoking command in '/home/ec24136/ROS2_CICD/ros2_ws/src/ros2_observability': PYTHONPATH=/home/ec24136/ROS2_CICD/ros2_ws/build/ros2_observability/prefix_override:/usr/lib/python3/dist-packages/colcon_core/task/python/colcon_distutils_commands:/home/ec24136/ROS2_CICD/ros2_ws/install/ros2_observability/lib/python3.12/site-packages:${PYTHONPATH} /usr/bin/python3 -W ignore:setup.py install is deprecated -W ignore:easy_install command is deprecated setup.py egg_info --egg-base ../../build/ros2_observability build --build-base /home/ec24136/ROS2_CICD/ros2_ws/build/ros2_observability/build install --record /home/ec24136/ROS2_CICD/ros2_ws/build/ros2_observability/install.log --single-version-externally-managed install_data
[2.712s] running egg_info
[2.755s] writing ../../build/ros2_observability/ros2_observability.egg-info/PKG-INFO
[2.758s] writing dependency_links to ../../build/ros2_observability/ros2_observability.egg-info/dependency_links.txt
[2.761s] writing entry points to ../../build/ros2_observability/ros2_observability.egg-info/entry_points.txt
[2.765s] writing requirements to ../../build/ros2_observability/ros2_observability.egg-info/requires.txt
[2.767s] writing top-level names to ../../build/ros2_observability/ros2_observability.egg-info/top_level.txt
[2.858s] reading manifest file '../../build/ros2_observability/ros2_observability.egg-info/SOURCES.txt'
[2.862s] writing manifest file '../../build/ros2_observability/ros2_observability.egg-info/SOURCES.txt'
[2.863s] running build
[2.863s] running build_py
[2.863s] copying ros2_observability/metrics_collector.py -> /home/ec24136/ROS2_CICD/ros2_ws/build/ros2_observability/build/lib/ros2_observability
[2.863s] running install
[2.883s] running install_lib
[2.923s] copying /home/ec24136/ROS2_CICD/ros2_ws/build/ros2_observability/build/lib/ros2_observability/metrics_collector.py -> /home/ec24136/ROS2_CICD/ros2_ws/install/ros2_observability/lib/python3.12/site-packages/ros2_observability
[2.925s] byte-compiling /home/ec24136/ROS2_CICD/ros2_ws/install/ros2_observability/lib/python3.12/site-packages/ros2_observability/metrics_collector.py to metrics_collector.cpython-312.pyc
[2.929s] running install_data
[2.929s] running install_egg_info
[2.973s] removing '/home/ec24136/ROS2_CICD/ros2_ws/install/ros2_observability/lib/python3.12/site-packages/ros2_observability-0.0.1-py3.12.egg-info' (and everything under it)
[2.977s] Copying ../../build/ros2_observability/ros2_observability.egg-info to /home/ec24136/ROS2_CICD/ros2_ws/install/ros2_observability/lib/python3.12/site-packages/ros2_observability-0.0.1-py3.12.egg-info
[2.979s] running install_scripts
[3.286s] Installing metrics_collector script to /home/ec24136/ROS2_CICD/ros2_ws/install/ros2_observability/lib/ros2_observability
[3.287s] writing list of installed files to '/home/ec24136/ROS2_CICD/ros2_ws/build/ros2_observability/install.log'
[3.377s] Invoked command in '/home/ec24136/ROS2_CICD/ros2_ws/src/ros2_observability' returned '0': PYTHONPATH=/home/ec24136/ROS2_CICD/ros2_ws/build/ros2_observability/prefix_override:/usr/lib/python3/dist-packages/colcon_core/task/python/colcon_distutils_commands:/home/ec24136/ROS2_CICD/ros2_ws/install/ros2_observability/lib/python3.12/site-packages:${PYTHONPATH} /usr/bin/python3 -W ignore:setup.py install is deprecated -W ignore:easy_install command is deprecated setup.py egg_info --egg-base ../../build/ros2_observability build --build-base /home/ec24136/ROS2_CICD/ros2_ws/build/ros2_observability/build install --record /home/ec24136/ROS2_CICD/ros2_ws/build/ros2_observability/install.log --single-version-externally-managed install_data
