[0.155s] DEBUG:colcon:Command line arguments: ['/usr/bin/colcon', 'build', '--packages-select', 'cpu_hog_controller']
[0.156s] DEBUG:colcon:Parsed command line arguments: Namespace(log_base=None, log_level=None, verb_name='build', build_base='build', install_base='install', merge_install=False, symlink_install=False, test_result_base=None, continue_on_error=False, executor='parallel', parallel_workers=2, event_handlers=None, ignore_user_meta=False, metas=['./colcon.meta'], base_paths=['.'], packages_ignore=None, packages_ignore_regex=None, paths=None, packages_up_to=None, packages_up_to_regex=None, packages_above=None, packages_above_and_dependencies=None, packages_above_depth=None, packages_select_by_dep=None, packages_skip_by_dep=None, packages_skip_up_to=None, packages_select_build_failed=False, packages_skip_build_finished=False, packages_select_test_failures=False, packages_skip_test_passed=False, packages_select=['cpu_hog_controller'], packages_skip=None, packages_select_regex=None, packages_skip_regex=None, packages_start=None, packages_end=None, allow_overriding=[], cmake_args=None, cmake_target=None, cmake_target_skip_unavailable=False, cmake_clean_cache=False, cmake_clean_first=False, cmake_force_configure=False, ament_cmake_args=None, catkin_cmake_args=None, catkin_skip_building_tests=False, verb_parser=<colcon_defaults.argument_parser.defaults.DefaultArgumentsDecorator object at 0x76f80068c1a0>, verb_extension=<colcon_core.verb.build.BuildVerb object at 0x76f800863fe0>, main=<bound method BuildVerb.main of <colcon_core.verb.build.BuildVerb object at 0x76f800863fe0>>)
[0.221s] Level 1:colcon.colcon_core.package_discovery:discover_packages(colcon_meta) check parameters
[0.222s] Level 1:colcon.colcon_core.package_discovery:discover_packages(recursive) check parameters
[0.222s] Level 1:colcon.colcon_core.package_discovery:discover_packages(ignore) check parameters
[0.222s] Level 1:colcon.colcon_core.package_discovery:discover_packages(path) check parameters
[0.222s] Level 1:colcon.colcon_core.package_discovery:discover_packages(colcon_meta) discover
[0.222s] Level 1:colcon.colcon_core.package_discovery:discover_packages(recursive) discover
[0.222s] INFO:colcon.colcon_core.package_discovery:Crawling recursively for packages in '/home/ec24136/ROS2_CICD/ros2_ws'
[0.222s] Level 1:colcon.colcon_core.package_identification:_identify(.) by extensions ['ignore', 'ignore_ament_install']
[0.222s] Level 1:colcon.colcon_core.package_identification:_identify(.) by extension 'ignore'
[0.223s] Level 1:colcon.colcon_core.package_identification:_identify(.) by extension 'ignore_ament_install'
[0.223s] Level 1:colcon.colcon_core.package_identification:_identify(.) by extensions ['colcon_pkg']
[0.223s] Level 1:colcon.colcon_core.package_identification:_identify(.) by extension 'colcon_pkg'
[0.223s] Level 1:colcon.colcon_core.package_identification:_identify(.) by extensions ['colcon_meta']
[0.223s] Level 1:colcon.colcon_core.package_identification:_identify(.) by extension 'colcon_meta'
[0.223s] Level 1:colcon.colcon_core.package_identification:_identify(.) by extensions ['ros']
[0.223s] Level 1:colcon.colcon_core.package_identification:_identify(.) by extension 'ros'
[0.267s] Level 1:colcon.colcon_core.package_identification:_identify(.) by extensions ['cmake', 'python']
[0.267s] Level 1:colcon.colcon_core.package_identification:_identify(.) by extension 'cmake'
[0.267s] Level 1:colcon.colcon_core.package_identification:_identify(.) by extension 'python'
[0.268s] Level 1:colcon.colcon_core.package_identification:_identify(.) by extensions ['python_setup_py']
[0.268s] Level 1:colcon.colcon_core.package_identification:_identify(.) by extension 'python_setup_py'
[0.268s] Level 1:colcon.colcon_core.package_identification:_identify(build) by extensions ['ignore', 'ignore_ament_install']
[0.268s] Level 1:colcon.colcon_core.package_identification:_identify(build) by extension 'ignore'
[0.268s] Level 1:colcon.colcon_core.package_identification:_identify(build) ignored
[0.269s] Level 1:colcon.colcon_core.package_identification:_identify(install) by extensions ['ignore', 'ignore_ament_install']
[0.269s] Level 1:colcon.colcon_core.package_identification:_identify(install) by extension 'ignore'
[0.269s] Level 1:colcon.colcon_core.package_identification:_identify(install) ignored
[0.269s] Level 1:colcon.colcon_core.package_identification:_identify(log) by extensions ['ignore', 'ignore_ament_install']
[0.269s] Level 1:colcon.colcon_core.package_identification:_identify(log) by extension 'ignore'
[0.270s] Level 1:colcon.colcon_core.package_identification:_identify(log) ignored
[0.270s] Level 1:colcon.colcon_core.package_identification:_identify(src) by extensions ['ignore', 'ignore_ament_install']
[0.270s] Level 1:colcon.colcon_core.package_identification:_identify(src) by extension 'ignore'
[0.270s] Level 1:colcon.colcon_core.package_identification:_identify(src) by extension 'ignore_ament_install'
[0.270s] Level 1:colcon.colcon_core.package_identification:_identify(src) by extensions ['colcon_pkg']
[0.270s] Level 1:colcon.colcon_core.package_identification:_identify(src) by extension 'colcon_pkg'
[0.270s] Level 1:colcon.colcon_core.package_identification:_identify(src) by extensions ['colcon_meta']
[0.270s] Level 1:colcon.colcon_core.package_identification:_identify(src) by extension 'colcon_meta'
[0.270s] Level 1:colcon.colcon_core.package_identification:_identify(src) by extensions ['ros']
[0.270s] Level 1:colcon.colcon_core.package_identification:_identify(src) by extension 'ros'
[0.271s] Level 1:colcon.colcon_core.package_identification:_identify(src) by extensions ['cmake', 'python']
[0.271s] Level 1:colcon.colcon_core.package_identification:_identify(src) by extension 'cmake'
[0.271s] Level 1:colcon.colcon_core.package_identification:_identify(src) by extension 'python'
[0.271s] Level 1:colcon.colcon_core.package_identification:_identify(src) by extensions ['python_setup_py']
[0.271s] Level 1:colcon.colcon_core.package_identification:_identify(src) by extension 'python_setup_py'
[0.271s] Level 1:colcon.colcon_core.package_identification:_identify(src/cpu_hog_controller) by extensions ['ignore', 'ignore_ament_install']
[0.271s] Level 1:colcon.colcon_core.package_identification:_identify(src/cpu_hog_controller) by extension 'ignore'
[0.272s] Level 1:colcon.colcon_core.package_identification:_identify(src/cpu_hog_controller) by extension 'ignore_ament_install'
[0.272s] Level 1:colcon.colcon_core.package_identification:_identify(src/cpu_hog_controller) by extensions ['colcon_pkg']
[0.272s] Level 1:colcon.colcon_core.package_identification:_identify(src/cpu_hog_controller) by extension 'colcon_pkg'
[0.272s] Level 1:colcon.colcon_core.package_identification:_identify(src/cpu_hog_controller) by extensions ['colcon_meta']
[0.272s] Level 1:colcon.colcon_core.package_identification:_identify(src/cpu_hog_controller) by extension 'colcon_meta'
[0.272s] Level 1:colcon.colcon_core.package_identification:_identify(src/cpu_hog_controller) by extensions ['ros']
[0.273s] Level 1:colcon.colcon_core.package_identification:_identify(src/cpu_hog_controller) by extension 'ros'
[0.276s] DEBUG:colcon.colcon_core.package_identification:Package 'src/cpu_hog_controller' with type 'ros.catkin' and name 'cpu_hog_controller'
[0.277s] Level 1:colcon.colcon_core.package_identification:_identify(src/hello_pipeline_cpp) by extensions ['ignore', 'ignore_ament_install']
[0.277s] Level 1:colcon.colcon_core.package_identification:_identify(src/hello_pipeline_cpp) by extension 'ignore'
[0.277s] Level 1:colcon.colcon_core.package_identification:_identify(src/hello_pipeline_cpp) by extension 'ignore_ament_install'
[0.277s] Level 1:colcon.colcon_core.package_identification:_identify(src/hello_pipeline_cpp) by extensions ['colcon_pkg']
[0.277s] Level 1:colcon.colcon_core.package_identification:_identify(src/hello_pipeline_cpp) by extension 'colcon_pkg'
[0.278s] Level 1:colcon.colcon_core.package_identification:_identify(src/hello_pipeline_cpp) by extensions ['colcon_meta']
[0.278s] Level 1:colcon.colcon_core.package_identification:_identify(src/hello_pipeline_cpp) by extension 'colcon_meta'
[0.278s] Level 1:colcon.colcon_core.package_identification:_identify(src/hello_pipeline_cpp) by extensions ['ros']
[0.278s] Level 1:colcon.colcon_core.package_identification:_identify(src/hello_pipeline_cpp) by extension 'ros'
[0.279s] DEBUG:colcon.colcon_core.package_identification:Package 'src/hello_pipeline_cpp' with type 'ros.ament_cmake' and name 'hello_pipeline_cpp'
[0.279s] Level 1:colcon.colcon_core.package_identification:_identify(src/ros2_observability) by extensions ['ignore', 'ignore_ament_install']
[0.279s] Level 1:colcon.colcon_core.package_identification:_identify(src/ros2_observability) by extension 'ignore'
[0.279s] Level 1:colcon.colcon_core.package_identification:_identify(src/ros2_observability) by extension 'ignore_ament_install'
[0.280s] Level 1:colcon.colcon_core.package_identification:_identify(src/ros2_observability) by extensions ['colcon_pkg']
[0.280s] Level 1:colcon.colcon_core.package_identification:_identify(src/ros2_observability) by extension 'colcon_pkg'
[0.280s] Level 1:colcon.colcon_core.package_identification:_identify(src/ros2_observability) by extensions ['colcon_meta']
[0.280s] Level 1:colcon.colcon_core.package_identification:_identify(src/ros2_observability) by extension 'colcon_meta'
[0.280s] Level 1:colcon.colcon_core.package_identification:_identify(src/ros2_observability) by extensions ['ros']
[0.280s] Level 1:colcon.colcon_core.package_identification:_identify(src/ros2_observability) by extension 'ros'
[0.281s] DEBUG:colcon.colcon_core.package_identification:Package 'src/ros2_observability' with type 'ros.ament_python' and name 'ros2_observability'
[0.281s] Level 1:colcon.colcon_core.package_identification:_identify(src/sim_demo) by extensions ['ignore', 'ignore_ament_install']
[0.281s] Level 1:colcon.colcon_core.package_identification:_identify(src/sim_demo) by extension 'ignore'
[0.282s] Level 1:colcon.colcon_core.package_identification:_identify(src/sim_demo) by extension 'ignore_ament_install'
[0.282s] Level 1:colcon.colcon_core.package_identification:_identify(src/sim_demo) by extensions ['colcon_pkg']
[0.282s] Level 1:colcon.colcon_core.package_identification:_identify(src/sim_demo) by extension 'colcon_pkg'
[0.282s] Level 1:colcon.colcon_core.package_identification:_identify(src/sim_demo) by extensions ['colcon_meta']
[0.282s] Level 1:colcon.colcon_core.package_identification:_identify(src/sim_demo) by extension 'colcon_meta'
[0.282s] Level 1:colcon.colcon_core.package_identification:_identify(src/sim_demo) by extensions ['ros']
[0.282s] Level 1:colcon.colcon_core.package_identification:_identify(src/sim_demo) by extension 'ros'
[0.283s] DEBUG:colcon.colcon_core.package_identification:Package 'src/sim_demo' with type 'ros.ament_python' and name 'sim_demo'
[0.283s] Level 1:colcon.colcon_core.package_identification:_identify(src/slam_navigation) by extensions ['ignore', 'ignore_ament_install']
[0.283s] Level 1:colcon.colcon_core.package_identification:_identify(src/slam_navigation) by extension 'ignore'
[0.283s] Level 1:colcon.colcon_core.package_identification:_identify(src/slam_navigation) by extension 'ignore_ament_install'
[0.284s] Level 1:colcon.colcon_core.package_identification:_identify(src/slam_navigation) by extensions ['colcon_pkg']
[0.284s] Level 1:colcon.colcon_core.package_identification:_identify(src/slam_navigation) by extension 'colcon_pkg'
[0.284s] Level 1:colcon.colcon_core.package_identification:_identify(src/slam_navigation) by extensions ['colcon_meta']
[0.284s] Level 1:colcon.colcon_core.package_identification:_identify(src/slam_navigation) by extension 'colcon_meta'
[0.284s] Level 1:colcon.colcon_core.package_identification:_identify(src/slam_navigation) by extensions ['ros']
[0.284s] Level 1:colcon.colcon_core.package_identification:_identify(src/slam_navigation) by extension 'ros'
[0.287s] DEBUG:colcon.colcon_core.package_identification:Package 'src/slam_navigation' with type 'ros.ament_python' and name 'slam_navigation'
[0.287s] Level 1:colcon.colcon_core.package_discovery:discover_packages(recursive) using defaults
[0.287s] Level 1:colcon.colcon_core.package_discovery:discover_packages(ignore) discover
[0.287s] Level 1:colcon.colcon_core.package_discovery:discover_packages(ignore) using defaults
[0.287s] Level 1:colcon.colcon_core.package_discovery:discover_packages(path) discover
[0.287s] Level 1:colcon.colcon_core.package_discovery:discover_packages(path) using defaults
[0.317s] INFO:colcon.colcon_core.package_selection:Skipping not selected package 'hello_pipeline_cpp' in 'src/hello_pipeline_cpp'
[0.317s] INFO:colcon.colcon_core.package_selection:Skipping not selected package 'ros2_observability' in 'src/ros2_observability'
[0.317s] INFO:colcon.colcon_core.package_selection:Skipping not selected package 'sim_demo' in 'src/sim_demo'
[0.317s] INFO:colcon.colcon_core.package_selection:Skipping not selected package 'slam_navigation' in 'src/slam_navigation'
[0.318s] Level 1:colcon.colcon_core.package_discovery:discover_packages(prefix_path) check parameters
[0.318s] Level 1:colcon.colcon_core.package_discovery:discover_packages(prefix_path) discover
[0.321s] DEBUG:colcon.colcon_installed_package_information.package_discovery:Found 192 installed packages in /opt/ros/jazzy
[0.323s] Level 1:colcon.colcon_core.package_discovery:discover_packages(prefix_path) using defaults
[0.369s] Level 5:colcon.colcon_core.verb:set package 'cpu_hog_controller' build argument 'cmake_args' from command line to 'None'
[0.370s] Level 5:colcon.colcon_core.verb:set package 'cpu_hog_controller' build argument 'cmake_target' from command line to 'None'
[0.370s] Level 5:colcon.colcon_core.verb:set package 'cpu_hog_controller' build argument 'cmake_target_skip_unavailable' from command line to 'False'
[0.370s] Level 5:colcon.colcon_core.verb:set package 'cpu_hog_controller' build argument 'cmake_clean_cache' from command line to 'False'
[0.370s] Level 5:colcon.colcon_core.verb:set package 'cpu_hog_controller' build argument 'cmake_clean_first' from command line to 'False'
[0.370s] Level 5:colcon.colcon_core.verb:set package 'cpu_hog_controller' build argument 'cmake_force_configure' from command line to 'False'
[0.370s] Level 5:colcon.colcon_core.verb:set package 'cpu_hog_controller' build argument 'ament_cmake_args' from command line to 'None'
[0.370s] Level 5:colcon.colcon_core.verb:set package 'cpu_hog_controller' build argument 'catkin_cmake_args' from command line to 'None'
[0.370s] Level 5:colcon.colcon_core.verb:set package 'cpu_hog_controller' build argument 'catkin_skip_building_tests' from command line to 'False'
[0.370s] DEBUG:colcon.colcon_core.verb:Building package 'cpu_hog_controller' with the following arguments: {'ament_cmake_args': None, 'build_base': '/home/ec24136/ROS2_CICD/ros2_ws/build/cpu_hog_controller', 'catkin_cmake_args': None, 'catkin_skip_building_tests': False, 'cmake_args': None, 'cmake_clean_cache': False, 'cmake_clean_first': False, 'cmake_force_configure': False, 'cmake_target': None, 'cmake_target_skip_unavailable': False, 'install_base': '/home/ec24136/ROS2_CICD/ros2_ws/install/cpu_hog_controller', 'merge_install': False, 'path': '/home/ec24136/ROS2_CICD/ros2_ws/src/cpu_hog_controller', 'symlink_install': False, 'test_result_base': None}
[0.371s] INFO:colcon.colcon_core.executor:Executing jobs using 'parallel' executor
[0.372s] DEBUG:colcon.colcon_parallel_executor.executor.parallel:run_until_complete
[0.374s] INFO:colcon.colcon_ros.task.catkin.build:Building ROS package in '/home/ec24136/ROS2_CICD/ros2_ws/src/cpu_hog_controller' with build type 'catkin'
[0.374s] INFO:colcon.colcon_cmake.task.cmake.build:Building CMake package in '/home/ec24136/ROS2_CICD/ros2_ws/src/cpu_hog_controller'
[0.377s] INFO:colcon.colcon_core.plugin_system:Skipping extension 'colcon_core.shell.bat': Not used on non-Windows systems
[0.378s] INFO:colcon.colcon_core.shell:Skip shell extension 'powershell' for command environment: Not usable outside of PowerShell
[0.378s] DEBUG:colcon.colcon_core.shell:Skip shell extension 'dsv' for command environment
[0.394s] DEBUG:colcon.colcon_core.event_handler.log_command:Invoking command in '/home/ec24136/ROS2_CICD/ros2_ws/build/cpu_hog_controller': /usr/bin/cmake /home/ec24136/ROS2_CICD/ros2_ws/src/cpu_hog_controller -DCATKIN_INSTALL_INTO_PREFIX_ROOT=0 -DCMAKE_INSTALL_PREFIX=/home/ec24136/ROS2_CICD/ros2_ws/install/cpu_hog_controller
[3.881s] DEBUG:colcon.colcon_core.event_handler.log_command:Invoked command in '/home/ec24136/ROS2_CICD/ros2_ws/build/cpu_hog_controller' returned '0': /usr/bin/cmake /home/ec24136/ROS2_CICD/ros2_ws/src/cpu_hog_controller -DCATKIN_INSTALL_INTO_PREFIX_ROOT=0 -DCMAKE_INSTALL_PREFIX=/home/ec24136/ROS2_CICD/ros2_ws/install/cpu_hog_controller
[3.884s] DEBUG:colcon.colcon_core.event_handler.log_command:Invoking command in '/home/ec24136/ROS2_CICD/ros2_ws/build/cpu_hog_controller': /usr/bin/cmake --build /home/ec24136/ROS2_CICD/ros2_ws/build/cpu_hog_controller -- -j2 -l2
[3.951s] DEBUG:colcon.colcon_core.event_handler.log_command:Invoked command in '/home/ec24136/ROS2_CICD/ros2_ws/build/cpu_hog_controller' returned '0': /usr/bin/cmake --build /home/ec24136/ROS2_CICD/ros2_ws/build/cpu_hog_controller -- -j2 -l2
[3.969s] DEBUG:colcon.colcon_core.event_handler.log_command:Invoking command in '/home/ec24136/ROS2_CICD/ros2_ws/build/cpu_hog_controller': /usr/bin/cmake --install /home/ec24136/ROS2_CICD/ros2_ws/build/cpu_hog_controller
[3.988s] Level 1:colcon.colcon_core.shell:create_environment_hook('cpu_hog_controller', 'ros_package_path')
[3.988s] INFO:colcon.colcon_core.shell:Creating environment hook '/home/ec24136/ROS2_CICD/ros2_ws/install/cpu_hog_controller/share/cpu_hog_controller/hook/ros_package_path.ps1'
[3.989s] DEBUG:colcon.colcon_core.event_handler.log_command:Invoked command in '/home/ec24136/ROS2_CICD/ros2_ws/build/cpu_hog_controller' returned '1': /usr/bin/cmake --install /home/ec24136/ROS2_CICD/ros2_ws/build/cpu_hog_controller
[3.991s] INFO:colcon.colcon_core.shell:Creating environment descriptor '/home/ec24136/ROS2_CICD/ros2_ws/install/cpu_hog_controller/share/cpu_hog_controller/hook/ros_package_path.dsv'
[3.992s] INFO:colcon.colcon_core.shell:Creating environment hook '/home/ec24136/ROS2_CICD/ros2_ws/install/cpu_hog_controller/share/cpu_hog_controller/hook/ros_package_path.sh'
[3.994s] Level 1:colcon.colcon_core.shell:create_environment_hook('cpu_hog_controller', 'pkg_config_path')
[3.994s] INFO:colcon.colcon_core.shell:Creating environment hook '/home/ec24136/ROS2_CICD/ros2_ws/install/cpu_hog_controller/share/cpu_hog_controller/hook/pkg_config_path.ps1'
[3.995s] INFO:colcon.colcon_core.shell:Creating environment descriptor '/home/ec24136/ROS2_CICD/ros2_ws/install/cpu_hog_controller/share/cpu_hog_controller/hook/pkg_config_path.dsv'
[3.995s] INFO:colcon.colcon_core.shell:Creating environment hook '/home/ec24136/ROS2_CICD/ros2_ws/install/cpu_hog_controller/share/cpu_hog_controller/hook/pkg_config_path.sh'
[3.998s] Level 1:colcon.colcon_core.shell:create_environment_hook('cpu_hog_controller', 'pkg_config_path_multiarch')
[3.999s] INFO:colcon.colcon_core.shell:Creating environment hook '/home/ec24136/ROS2_CICD/ros2_ws/install/cpu_hog_controller/share/cpu_hog_controller/hook/pkg_config_path_multiarch.ps1'
[4.000s] INFO:colcon.colcon_core.shell:Creating environment descriptor '/home/ec24136/ROS2_CICD/ros2_ws/install/cpu_hog_controller/share/cpu_hog_controller/hook/pkg_config_path_multiarch.dsv'
[4.000s] INFO:colcon.colcon_core.shell:Creating environment hook '/home/ec24136/ROS2_CICD/ros2_ws/install/cpu_hog_controller/share/cpu_hog_controller/hook/pkg_config_path_multiarch.sh'
[4.002s] Level 1:colcon.colcon_core.environment:create_environment_scripts_only(cpu_hog_controller)
[4.007s] Level 1:colcon.colcon_core.environment:checking '/home/ec24136/ROS2_CICD/ros2_ws/install/cpu_hog_controller' for CMake module files
[4.008s] Level 1:colcon.colcon_core.environment:checking '/home/ec24136/ROS2_CICD/ros2_ws/install/cpu_hog_controller' for CMake config files
[4.009s] Level 1:colcon.colcon_core.environment:checking '/home/ec24136/ROS2_CICD/ros2_ws/install/cpu_hog_controller/lib'
[4.009s] Level 1:colcon.colcon_core.environment:checking '/home/ec24136/ROS2_CICD/ros2_ws/install/cpu_hog_controller/bin'
[4.009s] Level 1:colcon.colcon_core.environment:checking '/home/ec24136/ROS2_CICD/ros2_ws/install/cpu_hog_controller/lib/pkgconfig/cpu_hog_controller.pc'
[4.010s] Level 1:colcon.colcon_core.environment:checking '/home/ec24136/ROS2_CICD/ros2_ws/install/cpu_hog_controller/lib/python3.12/site-packages'
[4.010s] Level 1:colcon.colcon_core.shell:create_environment_hook('cpu_hog_controller', 'pythonpath')
[4.011s] INFO:colcon.colcon_core.shell:Creating environment hook '/home/ec24136/ROS2_CICD/ros2_ws/install/cpu_hog_controller/share/cpu_hog_controller/hook/pythonpath.ps1'
[4.012s] INFO:colcon.colcon_core.shell:Creating environment descriptor '/home/ec24136/ROS2_CICD/ros2_ws/install/cpu_hog_controller/share/cpu_hog_controller/hook/pythonpath.dsv'
[4.012s] INFO:colcon.colcon_core.shell:Creating environment hook '/home/ec24136/ROS2_CICD/ros2_ws/install/cpu_hog_controller/share/cpu_hog_controller/hook/pythonpath.sh'
[4.016s] Level 1:colcon.colcon_core.environment:checking '/home/ec24136/ROS2_CICD/ros2_ws/install/cpu_hog_controller/bin'
[4.017s] INFO:colcon.colcon_core.shell:Creating package script '/home/ec24136/ROS2_CICD/ros2_ws/install/cpu_hog_controller/share/cpu_hog_controller/package.ps1'
[4.020s] INFO:colcon.colcon_core.shell:Creating package descriptor '/home/ec24136/ROS2_CICD/ros2_ws/install/cpu_hog_controller/share/cpu_hog_controller/package.dsv'
[4.023s] INFO:colcon.colcon_core.shell:Creating package script '/home/ec24136/ROS2_CICD/ros2_ws/install/cpu_hog_controller/share/cpu_hog_controller/package.sh'
[4.026s] INFO:colcon.colcon_core.shell:Creating package script '/home/ec24136/ROS2_CICD/ros2_ws/install/cpu_hog_controller/share/cpu_hog_controller/package.bash'
[4.027s] INFO:colcon.colcon_core.shell:Creating package script '/home/ec24136/ROS2_CICD/ros2_ws/install/cpu_hog_controller/share/cpu_hog_controller/package.zsh'
[4.028s] Level 1:colcon.colcon_core.environment:create_file_with_runtime_dependencies(/home/ec24136/ROS2_CICD/ros2_ws/install/cpu_hog_controller/share/colcon-core/packages/cpu_hog_controller)
[4.041s] DEBUG:colcon.colcon_parallel_executor.executor.parallel:closing loop
[4.042s] DEBUG:colcon.colcon_parallel_executor.executor.parallel:loop closed
[4.042s] DEBUG:colcon.colcon_parallel_executor.executor.parallel:run_until_complete finished with '1'
[4.042s] DEBUG:colcon.colcon_core.event_reactor:joining thread
[4.068s] INFO:colcon.colcon_core.plugin_system:Skipping extension 'colcon_notification.desktop_notification.notify_send': Could not find 'notify-send'
[4.068s] INFO:colcon.colcon_core.plugin_system:Skipping extension 'colcon_notification.desktop_notification.terminal_notifier': Not used on non-Darwin systems
[4.068s] INFO:colcon.colcon_core.plugin_system:Skipping extension 'colcon_notification.desktop_notification.win32': Not used on non-Windows systems
[4.069s] INFO:colcon.colcon_notification.desktop_notification:Sending desktop notification using 'notify2'
[4.073s] DEBUG:colcon.colcon_notification.desktop_notification.notify2:Failed to initialize notify2: org.freedesktop.DBus.Error.ServiceUnknown: The name org.freedesktop.Notifications was not provided by any .service files
[4.073s] DEBUG:colcon.colcon_core.event_reactor:joined thread
[4.082s] INFO:colcon.colcon_core.shell:Creating prefix script '/home/ec24136/ROS2_CICD/ros2_ws/install/local_setup.ps1'
[4.086s] INFO:colcon.colcon_core.shell:Creating prefix util module '/home/ec24136/ROS2_CICD/ros2_ws/install/_local_setup_util_ps1.py'
[4.091s] INFO:colcon.colcon_core.shell:Creating prefix chain script '/home/ec24136/ROS2_CICD/ros2_ws/install/setup.ps1'
[4.098s] INFO:colcon.colcon_core.shell:Creating prefix script '/home/ec24136/ROS2_CICD/ros2_ws/install/local_setup.sh'
[4.101s] INFO:colcon.colcon_core.shell:Creating prefix util module '/home/ec24136/ROS2_CICD/ros2_ws/install/_local_setup_util_sh.py'
[4.106s] INFO:colcon.colcon_core.shell:Creating prefix chain script '/home/ec24136/ROS2_CICD/ros2_ws/install/setup.sh'
[4.110s] INFO:colcon.colcon_core.shell:Creating prefix script '/home/ec24136/ROS2_CICD/ros2_ws/install/local_setup.bash'
[4.112s] INFO:colcon.colcon_core.shell:Creating prefix chain script '/home/ec24136/ROS2_CICD/ros2_ws/install/setup.bash'
[4.117s] INFO:colcon.colcon_core.shell:Creating prefix script '/home/ec24136/ROS2_CICD/ros2_ws/install/local_setup.zsh'
[4.118s] INFO:colcon.colcon_core.shell:Creating prefix chain script '/home/ec24136/ROS2_CICD/ros2_ws/install/setup.zsh'
