running egg_info
writing ../../build/sim_demo/sim_demo.egg-info/PKG-INFO
writing dependency_links to ../../build/sim_demo/sim_demo.egg-info/dependency_links.txt
writing entry points to ../../build/sim_demo/sim_demo.egg-info/entry_points.txt
writing requirements to ../../build/sim_demo/sim_demo.egg-info/requires.txt
writing top-level names to ../../build/sim_demo/sim_demo.egg-info/top_level.txt
reading manifest file '../../build/sim_demo/sim_demo.egg-info/SOURCES.txt'
writing manifest file '../../build/sim_demo/sim_demo.egg-info/SOURCES.txt'
running build
running build_py
running install
running install_lib
running install_data
copying launch/webots_sim.launch.py -> /home/ec24136/ROS2_CICD/ros2_ws/install/sim_demo/share/sim_demo/launch
running install_egg_info
removing '/home/ec24136/ROS2_CICD/ros2_ws/install/sim_demo/lib/python3.12/site-packages/sim_demo-0.0.0-py3.12.egg-info' (and everything under it)
Copying ../../build/sim_demo/sim_demo.egg-info to /home/ec24136/ROS2_CICD/ros2_ws/install/sim_demo/lib/python3.12/site-packages/sim_demo-0.0.0-py3.12.egg-info
running install_scripts
Installing sim_demo script to /home/ec24136/ROS2_CICD/ros2_ws/install/sim_demo/lib/sim_demo
writing list of installed files to '/home/ec24136/ROS2_CICD/ros2_ws/build/sim_demo/install.log'
