[1.854s] Invoking command in '/home/ec24136/ROS2_CICD/ros2_ws/src/slam_navigation': PYTHONPATH=/home/ec24136/ROS2_CICD/ros2_ws/build/slam_navigation/prefix_override:/usr/lib/python3/dist-packages/colcon_core/task/python/colcon_distutils_commands:/home/ec24136/ROS2_CICD/ros2_ws/install/slam_navigation/lib/python3.12/site-packages:${PYTHONPATH} /usr/bin/python3 -W ignore:setup.py install is deprecated -W ignore:easy_install command is deprecated setup.py egg_info --egg-base ../../build/slam_navigation build --build-base /home/ec24136/ROS2_CICD/ros2_ws/build/slam_navigation/build install --record /home/ec24136/ROS2_CICD/ros2_ws/build/slam_navigation/install.log --single-version-externally-managed install_data
[2.428s] running egg_info
[2.450s] writing ../../build/slam_navigation/slam_navigation.egg-info/PKG-INFO
[2.451s] writing dependency_links to ../../build/slam_navigation/slam_navigation.egg-info/dependency_links.txt
[2.453s] writing entry points to ../../build/slam_navigation/slam_navigation.egg-info/entry_points.txt
[2.453s] writing requirements to ../../build/slam_navigation/slam_navigation.egg-info/requires.txt
[2.453s] writing top-level names to ../../build/slam_navigation/slam_navigation.egg-info/top_level.txt
[2.496s] reading manifest file '../../build/slam_navigation/slam_navigation.egg-info/SOURCES.txt'
[2.499s] writing manifest file '../../build/slam_navigation/slam_navigation.egg-info/SOURCES.txt'
[2.500s] running build
[2.500s] running build_py
[2.501s] running install
[2.512s] running install_lib
[2.535s] running install_data
[2.536s] creating /home/ec24136/ROS2_CICD/ros2_ws/install/slam_navigation/share/slam_navigation/launch
[2.536s] running install_egg_info
[2.559s] removing '/home/ec24136/ROS2_CICD/ros2_ws/install/slam_navigation/lib/python3.12/site-packages/slam_navigation-0.0.0-py3.12.egg-info' (and everything under it)
[2.561s] Copying ../../build/slam_navigation/slam_navigation.egg-info to /home/ec24136/ROS2_CICD/ros2_ws/install/slam_navigation/lib/python3.12/site-packages/slam_navigation-0.0.0-py3.12.egg-info
[2.564s] running install_scripts
[2.717s] Installing slam_node script to /home/ec24136/ROS2_CICD/ros2_ws/install/slam_navigation/lib/slam_navigation
[2.719s] writing list of installed files to '/home/ec24136/ROS2_CICD/ros2_ws/build/slam_navigation/install.log'
[2.776s] Invoked command in '/home/ec24136/ROS2_CICD/ros2_ws/src/slam_navigation' returned '0': PYTHONPATH=/home/ec24136/ROS2_CICD/ros2_ws/build/slam_navigation/prefix_override:/usr/lib/python3/dist-packages/colcon_core/task/python/colcon_distutils_commands:/home/ec24136/ROS2_CICD/ros2_ws/install/slam_navigation/lib/python3.12/site-packages:${PYTHONPATH} /usr/bin/python3 -W ignore:setup.py install is deprecated -W ignore:easy_install command is deprecated setup.py egg_info --egg-base ../../build/slam_navigation build --build-base /home/ec24136/ROS2_CICD/ros2_ws/build/slam_navigation/build install --record /home/ec24136/ROS2_CICD/ros2_ws/build/slam_navigation/install.log --single-version-externally-managed install_data
