[2.371s] Invoking command in '/home/ec24136/ROS2_CICD/ros2_ws/src/ros2_observability': PYTHONPATH=/home/ec24136/ROS2_CICD/ros2_ws/build/ros2_observability/prefix_override:/usr/lib/python3/dist-packages/colcon_core/task/python/colcon_distutils_commands:/home/ec24136/ROS2_CICD/ros2_ws/install/ros2_observability/lib/python3.12/site-packages:${PYTHONPATH} /usr/bin/python3 -W ignore:setup.py install is deprecated -W ignore:easy_install command is deprecated setup.py egg_info --egg-base ../../build/ros2_observability build --build-base /home/ec24136/ROS2_CICD/ros2_ws/build/ros2_observability/build install --record /home/ec24136/ROS2_CICD/ros2_ws/build/ros2_observability/install.log --single-version-externally-managed install_data
[3.294s] running egg_info
[3.348s] writing ../../build/ros2_observability/ros2_observability.egg-info/PKG-INFO
[3.352s] writing dependency_links to ../../build/ros2_observability/ros2_observability.egg-info/dependency_links.txt
[3.354s] writing entry points to ../../build/ros2_observability/ros2_observability.egg-info/entry_points.txt
[3.357s] writing requirements to ../../build/ros2_observability/ros2_observability.egg-info/requires.txt
[3.359s] writing top-level names to ../../build/ros2_observability/ros2_observability.egg-info/top_level.txt
[3.478s] reading manifest file '../../build/ros2_observability/ros2_observability.egg-info/SOURCES.txt'
[3.481s] writing manifest file '../../build/ros2_observability/ros2_observability.egg-info/SOURCES.txt'
[3.483s] running build
[3.486s] running build_py
[3.489s] running install
[3.520s] running install_lib
[3.575s] running install_data
[3.576s] running install_egg_info
[3.630s] removing '/home/ec24136/ROS2_CICD/ros2_ws/install/ros2_observability/lib/python3.12/site-packages/ros2_observability-0.0.1-py3.12.egg-info' (and everything under it)
[3.632s] Copying ../../build/ros2_observability/ros2_observability.egg-info to /home/ec24136/ROS2_CICD/ros2_ws/install/ros2_observability/lib/python3.12/site-packages/ros2_observability-0.0.1-py3.12.egg-info
[3.637s] running install_scripts
[4.035s] Installing metrics_collector script to /home/ec24136/ROS2_CICD/ros2_ws/install/ros2_observability/lib/ros2_observability
[4.041s] writing list of installed files to '/home/ec24136/ROS2_CICD/ros2_ws/build/ros2_observability/install.log'
[4.166s] Invoked command in '/home/ec24136/ROS2_CICD/ros2_ws/src/ros2_observability' returned '0': PYTHONPATH=/home/ec24136/ROS2_CICD/ros2_ws/build/ros2_observability/prefix_override:/usr/lib/python3/dist-packages/colcon_core/task/python/colcon_distutils_commands:/home/ec24136/ROS2_CICD/ros2_ws/install/ros2_observability/lib/python3.12/site-packages:${PYTHONPATH} /usr/bin/python3 -W ignore:setup.py install is deprecated -W ignore:easy_install command is deprecated setup.py egg_info --egg-base ../../build/ros2_observability build --build-base /home/ec24136/ROS2_CICD/ros2_ws/build/ros2_observability/build install --record /home/ec24136/ROS2_CICD/ros2_ws/build/ros2_observability/install.log --single-version-externally-managed install_data
